#
# There is insufficient memory for the Java Runtime Environment to continue.
# Native memory allocation (malloc) failed to allocate 925776 bytes for Chunk::new
# Possible reasons:
#   The system is out of physical RAM or swap space
#   The process is running with CompressedOops enabled, and the Java Heap may be blocking the growth of the native heap
# Possible solutions:
#   Reduce memory load on the system
#   Increase physical memory or swap space
#   Check if swap backing store is full
#   Decrease Java heap size (-Xmx/-Xms)
#   Decrease number of Java threads
#   Decrease Java thread stack sizes (-Xss)
#   Set larger code cache with -XX:ReservedCodeCacheSize=
#   JVM is running with Unscaled Compressed Oops mode in which the Java heap is
#     placed in the first 4GB address space. The Java Heap base address is the
#     maximum limit for the native heap growth. Please use -XX:HeapBaseMinAddress
#     to set the Java Heap base and to place the Java Heap above 4GB virtual address.
# This output file may be truncated or incomplete.
#
#  Out of Memory Error (allocation.cpp:389), pid=15660, tid=0x0000000000003de8
#
# JRE version: OpenJDK Runtime Environment (Zulu 8.68.0.21-CA-win64) (8.0_362-b09) (build 1.8.0_362-b09)
# Java VM: OpenJDK 64-Bit Server VM (25.362-b09 mixed mode windows-amd64 compressed oops)
# Failed to write core dump. Minidumps are not enabled by default on client versions of Windows
#

---------------  T H R E A D  ---------------

Current thread (0x0000012ef1ed2000):  JavaThread "C2 CompilerThread1" daemon [_thread_in_native, id=15848, stack(0x0000002916100000,0x0000002916200000)]

Stack: [0x0000002916100000,0x0000002916200000]
[error occurred during error reporting (printing stack bounds), id 0xc0000005]

Native frames: (J=compiled Java code, j=interpreted, Vv=VM code, C=native code)


Current CompileTask:
C2:  10680 3081       4       sun.reflect.generics.parser.SignatureParser::parseFieldTypeSignature (73 bytes)


---------------  P R O C E S S  ---------------

Java Threads: ( => current thread )
  0x0000012ef4994000 JavaThread "OkHttp ConnectionPool" daemon [_thread_blocked, id=21360, stack(0x0000002916b00000,0x0000002916c00000)]
  0x0000012ef6654000 JavaThread "Okio Watchdog" daemon [_thread_blocked, id=18116, stack(0x0000002916a00000,0x0000002916b00000)]
  0x0000012ef3634000 JavaThread "OkHttp ConnectionPool" daemon [_thread_blocked, id=20404, stack(0x0000002916900000,0x0000002916a00000)]
  0x0000012ef20f1000 JavaThread "ForkJoinPool.commonPool-worker-3" daemon [_thread_blocked, id=15684, stack(0x0000002916700000,0x0000002916800000)]
  0x0000012ef2368000 JavaThread "ForkJoinPool.commonPool-worker-2" daemon [_thread_blocked, id=17416, stack(0x0000002916600000,0x0000002916700000)]
  0x0000012ef4bc7800 JavaThread "ForkJoinPool.commonPool-worker-1" daemon [_thread_blocked, id=20760, stack(0x0000002916500000,0x0000002916600000)]
  0x0000012ef0bc7000 JavaThread "Service Thread" daemon [_thread_blocked, id=3268, stack(0x0000002916300000,0x0000002916400000)]
  0x0000012ef1ed5800 JavaThread "C1 CompilerThread2" daemon [_thread_blocked, id=19020, stack(0x0000002916200000,0x0000002916300000)]
=>0x0000012ef1ed2000 JavaThread "C2 CompilerThread1" daemon [_thread_in_native, id=15848, stack(0x0000002916100000,0x0000002916200000)]
  0x0000012ef1e90000 JavaThread "C2 CompilerThread0" daemon [_thread_blocked, id=14672, stack(0x0000002916000000,0x0000002916100000)]
  0x0000012ef1f19000 JavaThread "Attach Listener" daemon [_thread_blocked, id=19164, stack(0x0000002915f00000,0x0000002916000000)]
  0x0000012ef1e45000 JavaThread "Signal Dispatcher" daemon [_thread_blocked, id=16700, stack(0x0000002915e00000,0x0000002915f00000)]
  0x0000012ef0aee000 JavaThread "Finalizer" daemon [_thread_blocked, id=3180, stack(0x0000002915d00000,0x0000002915e00000)]
  0x0000012ef0ae7000 JavaThread "Reference Handler" daemon [_thread_blocked, id=12040, stack(0x0000002915c00000,0x0000002915d00000)]
  0x0000012eda552000 JavaThread "main" [_thread_in_native, id=10812, stack(0x0000002915600000,0x0000002915700000)]

Other Threads:
  0x0000012ef0abf000 VMThread [stack: 0x0000002915b00000,0x0000002915c00000] [id=4420]
  0x0000012ef1f5e000 WatcherThread [stack: 0x0000002916400000,0x0000002916500000] [id=6460]

VM state:not at safepoint (normal execution)

VM Mutex/Monitor currently owned by a thread: None

heap address: 0x0000000080000000, size: 2048 MB, Compressed Oops mode: 32-bit
Narrow klass base: 0x0000000000000000, Narrow klass shift: 3
Compressed class space size: 1073741824 Address: 0x0000000100000000

Heap:
 PSYoungGen      total 176640K, used 126789K [0x00000000d5580000, 0x00000000e0e80000, 0x0000000100000000)
  eden space 168960K, 70% used [0x00000000d5580000,0x00000000dc9d8d38,0x00000000dfa80000)
  from space 7680K, 99% used [0x00000000e0600000,0x00000000e0d78778,0x00000000e0d80000)
  to   space 10240K, 0% used [0x00000000dfa80000,0x00000000dfa80000,0x00000000e0480000)
 ParOldGen       total 52736K, used 13588K [0x0000000080000000, 0x0000000083380000, 0x00000000d5580000)
  object space 52736K, 25% used [0x0000000080000000,0x0000000080d45080,0x0000000083380000)
 Metaspace       used 30474K, capacity 31414K, committed 31616K, reserved 1077248K
  class space    used 3596K, capacity 3865K, committed 3968K, reserved 1048576K

Card table byte_map: [0x0000012eeb540000,0x0000012eeb950000] byte_map_base: 0x0000012eeb140000

Marking Bits: (ParMarkBitMap*) 0x0000000054ca5390
 Begin Bits: [0x0000012eebc00000, 0x0000012eedc00000)
 End Bits:   [0x0000012eedc00000, 0x0000012eefc00000)

Polling page: 0x0000012eda740000

CodeCache: size=245760Kb used=12528Kb max_used=12528Kb free=233231Kb
 bounds [0x0000012edc180000, 0x0000012edcdd0000, 0x0000012eeb180000]
 total_blobs=3744 nmethods=3043 adapters=611
 compilation: enabled

Compilation events (10 events):
Event: 10.608 Thread 0x0000012ef1ed5800 3082       3       org.codehaus.groovy.reflection.CachedClass::access$000 (5 bytes)
Event: 10.608 Thread 0x0000012ef1ed5800 nmethod 3082 0x0000012edcdbbc90 code [0x0000012edcdbbe00, 0x0000012edcdbbf70]
Event: 10.608 Thread 0x0000012ef1ed5800 3083   !   3       org.codehaus.groovy.reflection.CachedClass::makeAccessible (92 bytes)
Event: 10.609 Thread 0x0000012ef1ed5800 nmethod 3083 0x0000012edcdbfd90 code [0x0000012edcdbffe0, 0x0000012edcdc0cd0]
Event: 10.609 Thread 0x0000012ef1ed5800 3084       3       groovyjarjarasm.asm.SymbolTable::addConstantNameAndType (137 bytes)
Event: 10.609 Thread 0x0000012ef1ed5800 nmethod 3084 0x0000012edcdbea90 code [0x0000012edcdbeca0, 0x0000012edcdbf810]
Event: 10.627 Thread 0x0000012ef1ed5800 3085       3       java.lang.Character::isJavaIdentifierPart (9 bytes)
Event: 10.627 Thread 0x0000012ef1ed5800 nmethod 3085 0x0000012edcdbb810 code [0x0000012edcdbb980, 0x0000012edcdbbbc0]
Event: 10.627 Thread 0x0000012ef1ed5800 3086       3       java.lang.CharacterDataLatin1::isJavaIdentifierPart (20 bytes)
Event: 10.627 Thread 0x0000012ef1ed5800 nmethod 3086 0x0000012edcdc14d0 code [0x0000012edcdc1640, 0x0000012edcdc1898]

GC Heap History (10 events):
Event: 4.025 GC heap before
{Heap before GC invocations=7 (full 0):
 PSYoungGen      total 68096K, used 68082K [0x00000000d5580000, 0x00000000da280000, 0x0000000100000000)
  eden space 61952K, 100% used [0x00000000d5580000,0x00000000d9200000,0x00000000d9200000)
  from space 6144K, 99% used [0x00000000d9980000,0x00000000d9f7c950,0x00000000d9f80000)
  to   space 7680K, 0% used [0x00000000d9200000,0x00000000d9200000,0x00000000d9980000)
 ParOldGen       total 84992K, used 2396K [0x0000000080000000, 0x0000000085300000, 0x00000000d5580000)
  object space 84992K, 2% used [0x0000000080000000,0x0000000080257138,0x0000000085300000)
 Metaspace       used 20735K, capacity 20958K, committed 21296K, reserved 1069056K
  class space    used 2288K, capacity 2389K, committed 2432K, reserved 1048576K
Event: 4.035 GC heap after
Heap after GC invocations=7 (full 0):
 PSYoungGen      total 69632K, used 6201K [0x00000000d5580000, 0x00000000ddd80000, 0x0000000100000000)
  eden space 61952K, 0% used [0x00000000d5580000,0x00000000d5580000,0x00000000d9200000)
  from space 7680K, 80% used [0x00000000d9200000,0x00000000d980e688,0x00000000d9980000)
  to   space 7680K, 0% used [0x00000000dd600000,0x00000000dd600000,0x00000000ddd80000)
 ParOldGen       total 84992K, used 5831K [0x0000000080000000, 0x0000000085300000, 0x00000000d5580000)
  object space 84992K, 6% used [0x0000000080000000,0x00000000805b1de0,0x0000000085300000)
 Metaspace       used 20735K, capacity 20958K, committed 21296K, reserved 1069056K
  class space    used 2288K, capacity 2389K, committed 2432K, reserved 1048576K
}
Event: 4.171 GC heap before
{Heap before GC invocations=8 (full 0):
 PSYoungGen      total 69632K, used 13602K [0x00000000d5580000, 0x00000000ddd80000, 0x0000000100000000)
  eden space 61952K, 11% used [0x00000000d5580000,0x00000000d5cba530,0x00000000d9200000)
  from space 7680K, 80% used [0x00000000d9200000,0x00000000d980e688,0x00000000d9980000)
  to   space 7680K, 0% used [0x00000000dd600000,0x00000000dd600000,0x00000000ddd80000)
 ParOldGen       total 84992K, used 5831K [0x0000000080000000, 0x0000000085300000, 0x00000000d5580000)
  object space 84992K, 6% used [0x0000000080000000,0x00000000805b1de0,0x0000000085300000)
 Metaspace       used 20772K, capacity 21034K, committed 21296K, reserved 1069056K
  class space    used 2292K, capacity 2393K, committed 2432K, reserved 1048576K
Event: 4.181 GC heap after
Heap after GC invocations=8 (full 0):
 PSYoungGen      total 131584K, used 3984K [0x00000000d5580000, 0x00000000ddd80000, 0x0000000100000000)
  eden space 123904K, 0% used [0x00000000d5580000,0x00000000d5580000,0x00000000dce80000)
  from space 7680K, 51% used [0x00000000dd600000,0x00000000dd9e4020,0x00000000ddd80000)
  to   space 7680K, 0% used [0x00000000dce80000,0x00000000dce80000,0x00000000dd600000)
 ParOldGen       total 84992K, used 6131K [0x0000000080000000, 0x0000000085300000, 0x00000000d5580000)
  object space 84992K, 7% used [0x0000000080000000,0x00000000805fcdf0,0x0000000085300000)
 Metaspace       used 20772K, capacity 21034K, committed 21296K, reserved 1069056K
  class space    used 2292K, capacity 2393K, committed 2432K, reserved 1048576K
}
Event: 4.181 GC heap before
{Heap before GC invocations=9 (full 1):
 PSYoungGen      total 131584K, used 3984K [0x00000000d5580000, 0x00000000ddd80000, 0x0000000100000000)
  eden space 123904K, 0% used [0x00000000d5580000,0x00000000d5580000,0x00000000dce80000)
  from space 7680K, 51% used [0x00000000dd600000,0x00000000dd9e4020,0x00000000ddd80000)
  to   space 7680K, 0% used [0x00000000dce80000,0x00000000dce80000,0x00000000dd600000)
 ParOldGen       total 84992K, used 6131K [0x0000000080000000, 0x0000000085300000, 0x00000000d5580000)
  object space 84992K, 7% used [0x0000000080000000,0x00000000805fcdf0,0x0000000085300000)
 Metaspace       used 20772K, capacity 21034K, committed 21296K, reserved 1069056K
  class space    used 2292K, capacity 2393K, committed 2432K, reserved 1048576K
Event: 4.230 GC heap after
Heap after GC invocations=9 (full 1):
 PSYoungGen      total 131584K, used 0K [0x00000000d5580000, 0x00000000ddd80000, 0x0000000100000000)
  eden space 123904K, 0% used [0x00000000d5580000,0x00000000d5580000,0x00000000dce80000)
  from space 7680K, 0% used [0x00000000dd600000,0x00000000dd600000,0x00000000ddd80000)
  to   space 7680K, 0% used [0x00000000dce80000,0x00000000dce80000,0x00000000dd600000)
 ParOldGen       total 52736K, used 8059K [0x0000000080000000, 0x0000000083380000, 0x00000000d5580000)
  object space 52736K, 15% used [0x0000000080000000,0x00000000807ded20,0x0000000083380000)
 Metaspace       used 20772K, capacity 21034K, committed 21296K, reserved 1069056K
  class space    used 2292K, capacity 2393K, committed 2432K, reserved 1048576K
}
Event: 5.508 GC heap before
{Heap before GC invocations=10 (full 1):
 PSYoungGen      total 131584K, used 123904K [0x00000000d5580000, 0x00000000ddd80000, 0x0000000100000000)
  eden space 123904K, 100% used [0x00000000d5580000,0x00000000dce80000,0x00000000dce80000)
  from space 7680K, 0% used [0x00000000dd600000,0x00000000dd600000,0x00000000ddd80000)
  to   space 7680K, 0% used [0x00000000dce80000,0x00000000dce80000,0x00000000dd600000)
 ParOldGen       total 52736K, used 8059K [0x0000000080000000, 0x0000000083380000, 0x00000000d5580000)
  object space 52736K, 15% used [0x0000000080000000,0x00000000807ded20,0x0000000083380000)
 Metaspace       used 22675K, capacity 23056K, committed 23424K, reserved 1071104K
  class space    used 2475K, capacity 2613K, committed 2688K, reserved 1048576K
Event: 5.523 GC heap after
Heap after GC invocations=10 (full 1):
 PSYoungGen      total 131584K, used 4966K [0x00000000d5580000, 0x00000000e0d80000, 0x0000000100000000)
  eden space 123904K, 0% used [0x00000000d5580000,0x00000000d5580000,0x00000000dce80000)
  from space 7680K, 64% used [0x00000000dce80000,0x00000000dd359910,0x00000000dd600000)
  to   space 7680K, 0% used [0x00000000e0600000,0x00000000e0600000,0x00000000e0d80000)
 ParOldGen       total 52736K, used 8067K [0x0000000080000000, 0x0000000083380000, 0x00000000d5580000)
  object space 52736K, 15% used [0x0000000080000000,0x00000000807e0d20,0x0000000083380000)
 Metaspace       used 22675K, capacity 23056K, committed 23424K, reserved 1071104K
  class space    used 2475K, capacity 2613K, committed 2688K, reserved 1048576K
}
Event: 8.985 GC heap before
{Heap before GC invocations=11 (full 1):
 PSYoungGen      total 131584K, used 128870K [0x00000000d5580000, 0x00000000e0d80000, 0x0000000100000000)
  eden space 123904K, 100% used [0x00000000d5580000,0x00000000dce80000,0x00000000dce80000)
  from space 7680K, 64% used [0x00000000dce80000,0x00000000dd359910,0x00000000dd600000)
  to   space 7680K, 0% used [0x00000000e0600000,0x00000000e0600000,0x00000000e0d80000)
 ParOldGen       total 52736K, used 8067K [0x0000000080000000, 0x0000000083380000, 0x00000000d5580000)
  object space 52736K, 15% used [0x0000000080000000,0x00000000807e0d20,0x0000000083380000)
 Metaspace       used 29784K, capacity 30656K, committed 30976K, reserved 1077248K
  class space    used 3519K, capacity 3763K, committed 3840K, reserved 1048576K
Event: 8.996 GC heap after
Heap after GC invocations=11 (full 1):
 PSYoungGen      total 176640K, used 7649K [0x00000000d5580000, 0x00000000e0e80000, 0x0000000100000000)
  eden space 168960K, 0% used [0x00000000d5580000,0x00000000d5580000,0x00000000dfa80000)
  from space 7680K, 99% used [0x00000000e0600000,0x00000000e0d78778,0x00000000e0d80000)
  to   space 10240K, 0% used [0x00000000dfa80000,0x00000000dfa80000,0x00000000e0480000)
 ParOldGen       total 52736K, used 13588K [0x0000000080000000, 0x0000000083380000, 0x00000000d5580000)
  object space 52736K, 25% used [0x0000000080000000,0x0000000080d45080,0x0000000083380000)
 Metaspace       used 29784K, capacity 30656K, committed 30976K, reserved 1077248K
  class space    used 3519K, capacity 3763K, committed 3840K, reserved 1048576K
}

Deoptimization events (10 events):
Event: 8.169 Thread 0x0000012eda552000 Uncommon trap: reason=class_check action=maybe_recompile pc=0x0000012edcbfcb18 method=java.io.DataInputStream.readChar()C @ 4
Event: 8.169 Thread 0x0000012eda552000 Uncommon trap: reason=class_check action=maybe_recompile pc=0x0000012edcbfcb18 method=java.io.DataInputStream.readChar()C @ 4
Event: 8.272 Thread 0x0000012eda552000 Uncommon trap: reason=class_check action=maybe_recompile pc=0x0000012edcaef18c method=java.util.HashSet.contains(Ljava/lang/Object;)Z @ 5
Event: 8.471 Thread 0x0000012eda552000 Uncommon trap: reason=class_check action=maybe_recompile pc=0x0000012edca9ee38 method=com.sun.beans.TypeResolver.resolve(Ljava/lang/reflect/Type;Ljava/lang/reflect/Type;)Ljava/lang/reflect/Type; @ 215
Event: 8.492 Thread 0x0000012eda552000 Uncommon trap: reason=unstable_if action=reinterpret pc=0x0000012edc294b10 method=sun.nio.cs.UTF_8$Encoder.encode([CII[B)I @ 33
Event: 8.793 Thread 0x0000012eda552000 Uncommon trap: reason=bimorphic action=maybe_recompile pc=0x0000012edc8c1628 method=java.util.HashMap.putVal(ILjava/lang/Object;Ljava/lang/Object;ZZ)Ljava/lang/Object; @ 203
Event: 8.956 Thread 0x0000012eda552000 Uncommon trap: reason=class_check action=maybe_recompile pc=0x0000012edca9ee38 method=com.sun.beans.TypeResolver.resolve(Ljava/lang/reflect/Type;Ljava/lang/reflect/Type;)Ljava/lang/reflect/Type; @ 215
Event: 9.738 Thread 0x0000012eda552000 Uncommon trap: reason=bimorphic action=maybe_recompile pc=0x0000012edc83bd24 method=java.net.URL.<init>(Ljava/net/URL;Ljava/lang/String;Ljava/net/URLStreamHandler;)V @ 504
Event: 9.773 Thread 0x0000012eda552000 Uncommon trap: reason=unstable_if action=reinterpret pc=0x0000012edcd70280 method=java.util.regex.Pattern$CharProperty.match(Ljava/util/regex/Matcher;ILjava/lang/CharSequence;)Z @ 21
Event: 9.773 Thread 0x0000012eda552000 Uncommon trap: reason=class_check action=maybe_recompile pc=0x0000012edcaef18c method=java.util.HashSet.contains(Ljava/lang/Object;)Z @ 5

Classes redefined (0 events):
No events

Internal exceptions (10 events):
Event: 9.992 Thread 0x0000012eda552000 Exception <a 'java/lang/ClassNotFoundException': java/nio/file/FilesCustomizer> (0x00000000dbeac338) thrown at [C:\jenkins\workspace\zulu-platform-build\zulu-src.git\hotspot\src\share\vm\classfile\systemDictionary.cpp, line 220]
Event: 10.078 Thread 0x0000012eda552000 Exception <a 'java/lang/ClassNotFoundException': sun/nio/fs/WindowsPathBeanInfo> (0x00000000dbf980b0) thrown at [C:\jenkins\workspace\zulu-platform-build\zulu-src.git\hotspot\src\share\vm\classfile\systemDictionary.cpp, line 220]
Event: 10.080 Thread 0x0000012eda552000 Exception <a 'java/lang/ClassNotFoundException': sun/nio/fs/AbstractPathBeanInfo> (0x00000000dbfdce18) thrown at [C:\jenkins\workspace\zulu-platform-build\zulu-src.git\hotspot\src\share\vm\classfile\systemDictionary.cpp, line 220]
Event: 10.111 Thread 0x0000012eda552000 Exception <a 'java/lang/ClassNotFoundException': sun/nio/fs/AbstractPathCustomizer> (0x00000000dc022808) thrown at [C:\jenkins\workspace\zulu-platform-build\zulu-src.git\hotspot\src\share\vm\classfile\systemDictionary.cpp, line 220]
Event: 10.126 Thread 0x0000012eda552000 Exception <a 'java/lang/ClassNotFoundException': sun/nio/fs/WindowsPathCustomizer> (0x00000000dc070868) thrown at [C:\jenkins\workspace\zulu-platform-build\zulu-src.git\hotspot\src\share\vm\classfile\systemDictionary.cpp, line 220]
Event: 10.203 Thread 0x0000012eda552000 Exception <a 'sun/nio/fs/WindowsException'> (0x00000000dc0a3268) thrown at [C:\jenkins\workspace\zulu-platform-build\zulu-src.git\hotspot\src\share\vm\prims\jni.cpp, line 709]
Event: 10.244 Thread 0x0000012eda552000 Exception <a 'java/lang/ClassNotFoundException': org/apache/commons/io/FileUtilsBeanInfo> (0x00000000dc1582f0) thrown at [C:\jenkins\workspace\zulu-platform-build\zulu-src.git\hotspot\src\share\vm\classfile\systemDictionary.cpp, line 220]
Event: 10.247 Thread 0x0000012eda552000 Exception <a 'java/lang/ClassNotFoundException': org/apache/commons/io/FileUtilsCustomizer> (0x00000000dc1c5fa0) thrown at [C:\jenkins\workspace\zulu-platform-build\zulu-src.git\hotspot\src\share\vm\classfile\systemDictionary.cpp, line 220]
Event: 10.580 Thread 0x0000012eda552000 Exception <a 'java/lang/ClassNotFoundException': com/kms/katalon/core/reporting/basic/reporting/ReportWriterUtilBeanInfo> (0x00000000dc49a2a8) thrown at [C:\jenkins\workspace\zulu-platform-build\zulu-src.git\hotspot\src\share\vm\classfile\systemDictionary
Event: 10.607 Thread 0x0000012eda552000 Exception <a 'java/lang/ClassNotFoundException': com/kms/katalon/core/reporting/basic/reporting/ReportWriterUtilCustomizer> (0x00000000dc539168) thrown at [C:\jenkins\workspace\zulu-platform-build\zulu-src.git\hotspot\src\share\vm\classfile\systemDictiona

Events (10 events):
Event: 10.626 loading class javax/xml/stream/SecuritySupport$4
Event: 10.626 loading class javax/xml/stream/SecuritySupport$4 done
Event: 10.626 loading class javax/xml/stream/FactoryFinder$1
Event: 10.626 loading class javax/xml/stream/FactoryFinder$1 done
Event: 10.653 loading class javax/xml/stream/XMLStreamConstants
Event: 10.653 loading class javax/xml/stream/XMLStreamConstants done
Event: 10.654 loading class javax/xml/namespace/NamespaceContext
Event: 10.655 loading class javax/xml/namespace/NamespaceContext done
Event: 10.663 loading class javax/xml/stream/XMLStreamReader
Event: 10.663 loading class javax/xml/stream/XMLStreamReader done


Dynamic libraries:
0x00007ff7bfaa0000 - 0x00007ff7bfaf1000 	C:\Users\roshnig\.katalon\packages\Katalon_Studio_Windows_64-8.6.8\Katalon_Studio_Windows_64-8.6.8\jre\bin\javaw.exe
0x00007ff9e3b30000 - 0x00007ff9e3d47000 	C:\WINDOWS\SYSTEM32\ntdll.dll
0x00007ff9e1f10000 - 0x00007ff9e1fd4000 	C:\WINDOWS\System32\KERNEL32.dll
0x00007ff9e0920000 - 0x00007ff9e0a3b000 	C:\Windows\system32\hmpalert.dll
0x00007ff9e10e0000 - 0x00007ff9e1486000 	C:\WINDOWS\System32\KERNELBASE.dll
0x00007ff9e3850000 - 0x00007ff9e3903000 	C:\WINDOWS\System32\ADVAPI32.dll
0x00007ff9e3670000 - 0x00007ff9e3717000 	C:\WINDOWS\System32\msvcrt.dll
0x00007ff9e3790000 - 0x00007ff9e3838000 	C:\WINDOWS\System32\sechost.dll
0x00007ff9e1490000 - 0x00007ff9e14b8000 	C:\WINDOWS\System32\bcrypt.dll
0x00007ff9e2970000 - 0x00007ff9e2a87000 	C:\WINDOWS\System32\RPCRT4.dll
0x00007ff9e3270000 - 0x00007ff9e341e000 	C:\WINDOWS\System32\USER32.dll
0x00007ff9e0f90000 - 0x00007ff9e0fb6000 	C:\WINDOWS\System32\win32u.dll
0x00007ff9e2840000 - 0x00007ff9e2869000 	C:\WINDOWS\System32\GDI32.dll
0x00007ff9e16f0000 - 0x00007ff9e1808000 	C:\WINDOWS\System32\gdi32full.dll
0x00007ff9e0e70000 - 0x00007ff9e0f0a000 	C:\WINDOWS\System32\msvcp_win.dll
0x00007ff9e0fc0000 - 0x00007ff9e10d1000 	C:\WINDOWS\System32\ucrtbase.dll
0x00007ff9c8080000 - 0x00007ff9c8313000 	C:\WINDOWS\WinSxS\amd64_microsoft.windows.common-controls_6595b64144ccf1df_6.0.22621.2506_none_270c5ae97388e100\COMCTL32.dll
0x00007ff9e2c70000 - 0x00007ff9e2ca1000 	C:\WINDOWS\System32\IMM32.DLL
0x00007ff9d4a30000 - 0x00007ff9d4a45000 	C:\Users\roshnig\.katalon\packages\Katalon_Studio_Windows_64-8.6.8\Katalon_Studio_Windows_64-8.6.8\jre\bin\vcruntime140.dll
0x00007ff99e3e0000 - 0x00007ff99e47b000 	C:\Users\roshnig\.katalon\packages\Katalon_Studio_Windows_64-8.6.8\Katalon_Studio_Windows_64-8.6.8\jre\bin\msvcp140.dll
0x00000000544b0000 - 0x0000000054d20000 	C:\Users\roshnig\.katalon\packages\Katalon_Studio_Windows_64-8.6.8\Katalon_Studio_Windows_64-8.6.8\jre\bin\server\jvm.dll
0x00007ff9e1db0000 - 0x00007ff9e1db8000 	C:\WINDOWS\System32\PSAPI.DLL
0x00007ff9d4220000 - 0x00007ff9d4254000 	C:\WINDOWS\SYSTEM32\WINMM.dll
0x00007ff9d9830000 - 0x00007ff9d9839000 	C:\WINDOWS\SYSTEM32\WSOCK32.dll
0x00007ff9e31e0000 - 0x00007ff9e3251000 	C:\WINDOWS\System32\WS2_32.dll
0x00007ff9d26c0000 - 0x00007ff9d26ca000 	C:\WINDOWS\SYSTEM32\VERSION.dll
0x00007ff9dfd40000 - 0x00007ff9dfd58000 	C:\WINDOWS\SYSTEM32\kernel.appcore.dll
0x00007ff9d9820000 - 0x00007ff9d9830000 	C:\Users\roshnig\.katalon\packages\Katalon_Studio_Windows_64-8.6.8\Katalon_Studio_Windows_64-8.6.8\jre\bin\verify.dll
0x00007ff9d1f20000 - 0x00007ff9d1f4b000 	C:\Users\roshnig\.katalon\packages\Katalon_Studio_Windows_64-8.6.8\Katalon_Studio_Windows_64-8.6.8\jre\bin\java.dll
0x00007ff9d1f00000 - 0x00007ff9d1f18000 	C:\Users\roshnig\.katalon\packages\Katalon_Studio_Windows_64-8.6.8\Katalon_Studio_Windows_64-8.6.8\jre\bin\zip.dll
0x00007ff9e1fe0000 - 0x00007ff9e283a000 	C:\WINDOWS\System32\SHELL32.dll
0x00007ff9dea70000 - 0x00007ff9df366000 	C:\WINDOWS\SYSTEM32\windows.storage.dll
0x00007ff9e1a20000 - 0x00007ff9e1da9000 	C:\WINDOWS\System32\combase.dll
0x00007ff9de930000 - 0x00007ff9dea6e000 	C:\WINDOWS\SYSTEM32\wintypes.dll
0x00007ff9e3470000 - 0x00007ff9e3563000 	C:\WINDOWS\System32\SHCORE.dll
0x00007ff9e3a00000 - 0x00007ff9e3a5e000 	C:\WINDOWS\System32\shlwapi.dll
0x00007ff9e0da0000 - 0x00007ff9e0dc6000 	C:\WINDOWS\SYSTEM32\profapi.dll
0x00007ff9d1ee0000 - 0x00007ff9d1efc000 	C:\Users\roshnig\.katalon\packages\Katalon_Studio_Windows_64-8.6.8\Katalon_Studio_Windows_64-8.6.8\jre\bin\net.dll
0x00007ff9e01b0000 - 0x00007ff9e0219000 	C:\WINDOWS\system32\mswsock.dll
0x00007ff9d1ec0000 - 0x00007ff9d1ed3000 	C:\Users\roshnig\.katalon\packages\Katalon_Studio_Windows_64-8.6.8\Katalon_Studio_Windows_64-8.6.8\jre\bin\nio.dll
0x00007ff9ae050000 - 0x00007ff9ae067000 	C:\WINDOWS\system32\napinsp.dll
0x00007ff9ae070000 - 0x00007ff9ae08b000 	C:\WINDOWS\system32\pnrpnsp.dll
0x00007ff9df5f0000 - 0x00007ff9df6e9000 	C:\WINDOWS\SYSTEM32\DNSAPI.dll
0x00007ff9df5c0000 - 0x00007ff9df5ed000 	C:\WINDOWS\SYSTEM32\IPHLPAPI.DLL
0x00007ff9e3260000 - 0x00007ff9e3269000 	C:\WINDOWS\System32\NSI.dll
0x00007ff9ae090000 - 0x00007ff9ae0a1000 	C:\WINDOWS\System32\winrnr.dll
0x00007ff9d4010000 - 0x00007ff9d4025000 	C:\WINDOWS\system32\wshbth.dll
0x00007ff9ae0b0000 - 0x00007ff9ae0d1000 	C:\WINDOWS\system32\nlansp_c.dll
0x00007ff9d40f0000 - 0x00007ff9d40fa000 	C:\Windows\System32\rasadhlp.dll
0x00007ff9d73b0000 - 0x00007ff9d7433000 	C:\WINDOWS\System32\fwpuclnt.dll
0x00007ff9d7fa0000 - 0x00007ff9d7fb9000 	C:\WINDOWS\SYSTEM32\dhcpcsvc6.DLL
0x00007ff9d6ad0000 - 0x00007ff9d6aef000 	C:\WINDOWS\SYSTEM32\dhcpcsvc.DLL
0x00007ff9a0fc0000 - 0x00007ff9a0fe4000 	C:\Users\roshnig\.katalon\packages\Katalon_Studio_Windows_64-8.6.8\Katalon_Studio_Windows_64-8.6.8\jre\bin\sunec.dll
0x00007ff9d1e20000 - 0x00007ff9d1e2d000 	C:\Users\roshnig\.katalon\packages\Katalon_Studio_Windows_64-8.6.8\Katalon_Studio_Windows_64-8.6.8\jre\bin\sunmscapi.dll
0x00007ff9e1580000 - 0x00007ff9e16e6000 	C:\WINDOWS\System32\CRYPT32.dll
0x00007ff9e0540000 - 0x00007ff9e056e000 	C:\WINDOWS\SYSTEM32\ncrypt.dll
0x00007ff9e0500000 - 0x00007ff9e0537000 	C:\WINDOWS\SYSTEM32\NTASN1.dll
0x00007ff9e0890000 - 0x00007ff9e08ab000 	C:\WINDOWS\SYSTEM32\CRYPTSP.dll
0x00007ff9dfca0000 - 0x00007ff9dfcd5000 	C:\WINDOWS\system32\rsaenh.dll
0x00007ff9e0250000 - 0x00007ff9e027c000 	C:\WINDOWS\SYSTEM32\USERENV.dll
0x00007ff9e0f10000 - 0x00007ff9e0f8a000 	C:\WINDOWS\System32\bcryptprimitives.dll
0x00007ff9e04f0000 - 0x00007ff9e04fc000 	C:\WINDOWS\SYSTEM32\CRYPTBASE.dll

VM Arguments:
jvm_args: -Dgroovy.home=C:\Users\roshnig/.groovy -Djava.system.class.loader=groovy.lang.GroovyClassLoader -Xmx2048m -Dfile.encoding=UTF-8 
java_command: org.codehaus.groovy.tools.GroovyStarter --classpath C:\Users\roshnig\git\KATALON_AutomationPOC\bin\keyword;C:\Users\roshnig\git\KATALON_AutomationPOC\Keywords;C:\Users\roshnig\git\KATALON_AutomationPOC\bin\listener;C:\Users\roshnig\git\KATALON_AutomationPOC\Test Listeners;C:\Users\roshnig\git\KATALON_AutomationPOC\bin\lib;C:\Users\roshnig\git\KATALON_AutomationPOC\Libs;C:\Users\roshnig\git\KATALON_AutomationPOC\bin\groovy;C:\Users\roshnig\git\KATALON_AutomationPOC\Include\scripts\groovy;C:\Users\roshnig\.katalon\packages\Katalon_Studio_Windows_64-8.6.8\Katalon_Studio_Windows_64-8.6.8\plugins\com.kms.katalon.core_1.0.0.202309060301.jar;C:\Users\roshnig\.katalon\packages\Katalon_Studio_Windows_64-8.6.8\Katalon_Studio_Windows_64-8.6.8\configuration\resources\lib\aalto-xml-1.0.0.jar;C:\Users\roshnig\.katalon\packages\Katalon_Studio_Windows_64-8.6.8\Katalon_Studio_Windows_64-8.6.8\configuration\resources\lib\aspectjweaver-1.9.1.jar;C:\Users\roshnig\.katalon\packages\Katalon_Studio_Windows_64-8.6.8\Katalon_Studio_Windows_64-8.6.8\configuration\resources\lib\bcpkix-jdk15on-1.64.jar;C:\Users\roshnig\.katalon\packages\Katalon_Studio_Windows_64-8.6.8\Katalon_Studio_Windows_64-8.6.8\configuration\resources\lib\bcprov-jdk15on-1.64.jar;C:\Users\roshnig\.katalon\packages\Katalon_Studio_Windows_64-8.6.8\Katalon_Studio_Windows_64-8.6.8\configuration\resources\lib\browsermob-core-2.1.5.jar;C:\Users\roshnig\.katalon\packages\Katalon_Studio_Windows_64-8.6.8\Katalon_Studio_Windows_64-8.6.8\configuration\resources\lib\cglib-3.2.10.jar;C:\Users\roshnig\.katalon\packages\Katalon_Studio_Windows_64-8.6.8\Katalon_Studio_Windows_64-8.6.8\configuration\resources\lib\commons-codec-1.10.jar;C:\Users\roshnig\.katalon\packages\Katalon_Studio_Windows_64-8.6.8\Katalon_Studio_Windows_64-8.6.8\configuration\resources\lib\commons-collections4-4.1.jar;C:\Users\roshnig\.katalon\packages\Katalon_Studio_Windows_64-8.6.8\Katalon_Studio_Windows_64-8.6.8\configuration\resources\lib\commons-val
java_class_path (initial): C:\Users\roshnig\git\KATALON_AutomationPOC\bin\keyword;C:\Users\roshnig\git\KATALON_AutomationPOC\bin\listener;C:\Users\roshnig\git\KATALON_AutomationPOC\bin\lib;C:\Users\roshnig\git\KATALON_AutomationPOC\bin\groovy;C:\Users\roshnig\git\KATALON_AutomationPOC\bin;C:\Users\roshnig\.katalon\packages\Katalon_Studio_Windows_64-8.6.8\Katalon_Studio_Windows_64-8.6.8\plugins\com.kms.katalon.core_1.0.0.202309060301.jar;C:\Users\roshnig\.katalon\packages\Katalon_Studio_Windows_64-8.6.8\Katalon_Studio_Windows_64-8.6.8\configuration\resources\lib\aalto-xml-1.0.0.jar;C:\Users\roshnig\.katalon\packages\Katalon_Studio_Windows_64-8.6.8\Katalon_Studio_Windows_64-8.6.8\configuration\resources\lib\aspectjweaver-1.9.1.jar;C:\Users\roshnig\.katalon\packages\Katalon_Studio_Windows_64-8.6.8\Katalon_Studio_Windows_64-8.6.8\configuration\resources\lib\bcpkix-jdk15on-1.64.jar;C:\Users\roshnig\.katalon\packages\Katalon_Studio_Windows_64-8.6.8\Katalon_Studio_Windows_64-8.6.8\configuration\resources\lib\bcprov-jdk15on-1.64.jar;C:\Users\roshnig\.katalon\packages\Katalon_Studio_Windows_64-8.6.8\Katalon_Studio_Windows_64-8.6.8\configuration\resources\lib\browsermob-core-2.1.5.jar;C:\Users\roshnig\.katalon\packages\Katalon_Studio_Windows_64-8.6.8\Katalon_Studio_Windows_64-8.6.8\configuration\resources\lib\cglib-3.2.10.jar;C:\Users\roshnig\.katalon\packages\Katalon_Studio_Windows_64-8.6.8\Katalon_Studio_Windows_64-8.6.8\configuration\resources\lib\commons-codec-1.10.jar;C:\Users\roshnig\.katalon\packages\Katalon_Studio_Windows_64-8.6.8\Katalon_Studio_Windows_64-8.6.8\configuration\resources\lib\commons-collections4-4.1.jar;C:\Users\roshnig\.katalon\packages\Katalon_Studio_Windows_64-8.6.8\Katalon_Studio_Windows_64-8.6.8\configuration\resources\lib\commons-validator-1.6.jar;C:\Users\roshnig\.katalon\packages\Katalon_Studio_Windows_64-8.6.8\Katalon_Studio_Windows_64-8.6.8\configuration\resources\lib\curvesapi-1.04.jar;C:\Users\roshnig\.katalon\packages\Katalon_Studio_Windo
Launcher Type: SUN_STANDARD

Environment Variables:
PATH=C:/Users/roshnig/.katalon/packages/Katalon_Studio_Windows_64-8.6.8/Katalon_Studio_Windows_64-8.6.8/jre/bin/server;C:/Users/roshnig/.katalon/packages/Katalon_Studio_Windows_64-8.6.8/Katalon_Studio_Windows_64-8.6.8/jre/bin;C:/Users/roshnig/.katalon/packages/Katalon_Studio_Windows_64-8.6.8/Katalon_Studio_Windows_64-8.6.8/jre/lib/amd64;C:\Program Files (x86)\Common Files\Oracle\Java\javapath;C:\WINDOWS\system32;C:\WINDOWS;C:\WINDOWS\System32\Wbem;C:\WINDOWS\System32\WindowsPowerShell\v1.0\;C:\WINDOWS\System32\OpenSSH\;C:\Program Files\nodejs\;C:\Program Files\Git\cmd;C:\Program Files\Git\bin;C:\Program Files\nodejs\node_modules\npm\bin;C:\Users\roshnig\AppData\Local\Microsoft\WindowsApps;C:\Users\roshnig\AppData\Local\Programs\Microsoft VS Code\bin;C:\Users\roshnig\AppData\Local\Programs\Git\cmd;C:\Users\roshnig\AppData\Roaming\npm;C:\Users\roshnig\.katalon\packages\Katalon_Studio_Windows_64-8.6.8\Katalon_Studio_Windows_64-8.6.8;
USERNAME=roshnig
OS=Windows_NT
PROCESSOR_IDENTIFIER=Intel64 Family 6 Model 140 Stepping 1, GenuineIntel



---------------  S Y S T E M  ---------------

OS: Windows 11 , 64 bit Build 22621 (10.0.22621.2506)
HyperV virtualization detected

CPU:total 4 (initial active 4) (2 cores per cpu, 2 threads per core) family 6 model 140 stepping 1, cmov, cx8, fxsr, mmx, sse, sse2, sse3, ssse3, sse4.1, sse4.2, popcnt, avx, avx2, aes, clmul, erms, 3dnowpref, lzcnt, ht, tsc, tscinvbit, bmi1, bmi2, adx

Memory: 4k page, physical 8022688k(317556k free), swap 16239264k(4552k free)

vm_info: OpenJDK 64-Bit Server VM (25.362-b09) for windows-amd64 JRE (Zulu 8.68.0.21-CA-win64) (1.8.0_362-b09), built on Jan 19 2023 16:49:02 by "tester" with MS VC++ 15.9 (VS2017)

time: Tue Jan 30 21:35:51 2024
timezone: India Standard Time
elapsed time: 10.691703 seconds (0d 0h 0m 10s)

