#
# There is insufficient memory for the Java Runtime Environment to continue.
# Native memory allocation (malloc) failed to allocate 32784 bytes for Chunk::new
# Possible reasons:
#   The system is out of physical RAM or swap space
#   The process is running with CompressedOops enabled, and the Java Heap may be blocking the growth of the native heap
# Possible solutions:
#   Reduce memory load on the system
#   Increase physical memory or swap space
#   Check if swap backing store is full
#   Decrease Java heap size (-Xmx/-Xms)
#   Decrease number of Java threads
#   Decrease Java thread stack sizes (-Xss)
#   Set larger code cache with -XX:ReservedCodeCacheSize=
#   JVM is running with Unscaled Compressed Oops mode in which the Java heap is
#     placed in the first 4GB address space. The Java Heap base address is the
#     maximum limit for the native heap growth. Please use -XX:HeapBaseMinAddress
#     to set the Java Heap base and to place the Java Heap above 4GB virtual address.
# This output file may be truncated or incomplete.
#
#  Out of Memory Error (allocation.cpp:389), pid=13856, tid=0x000000000000277c
#
# JRE version: OpenJDK Runtime Environment (Zulu 8.68.0.21-CA-win64) (8.0_362-b09) (build 1.8.0_362-b09)
# Java VM: OpenJDK 64-Bit Server VM (25.362-b09 mixed mode windows-amd64 compressed oops)
# Failed to write core dump. Minidumps are not enabled by default on client versions of Windows
#

---------------  T H R E A D  ---------------

Current thread (0x0000020178e79800):  JavaThread "C2 CompilerThread1" daemon [_thread_in_native, id=10108, stack(0x00000084f5d00000,0x00000084f5e00000)]

Stack: [0x00000084f5d00000,0x00000084f5e00000]
[error occurred during error reporting (printing stack bounds), id 0xc0000005]

Native frames: (J=compiled Java code, j=interpreted, Vv=VM code, C=native code)


Current CompileTask:
C2:  17181 2734   !   4       org.openqa.selenium.json.Input::init (71 bytes)


---------------  P R O C E S S  ---------------

Java Threads: ( => current thread )
  0x00000201799ac000 JavaThread "Okio Watchdog" daemon [_thread_blocked, id=6752, stack(0x00000084f6b00000,0x00000084f6c00000)]
  0x00000201790d8800 JavaThread "OkHttp ConnectionPool" daemon [_thread_blocked, id=1008, stack(0x00000084f6a00000,0x00000084f6b00000)]
  0x0000020179baf800 JavaThread "ForkJoinPool.commonPool-worker-2" daemon [_thread_blocked, id=16028, stack(0x00000084f6800000,0x00000084f6900000)]
  0x000002017922c000 JavaThread "ForkJoinPool.commonPool-worker-1" daemon [_thread_blocked, id=4388, stack(0x00000084f6700000,0x00000084f6800000)]
  0x000002017b82f800 JavaThread "Keep-Alive-Timer" daemon [_thread_blocked, id=17264, stack(0x00000084f6600000,0x00000084f6700000)]
  0x000002017c0a5800 JavaThread "Exec Stream Pumper" daemon [_thread_in_native, id=19604, stack(0x00000084f6400000,0x00000084f6500000)]
  0x000002017b97b800 JavaThread "Exec Stream Pumper" daemon [_thread_in_native, id=3120, stack(0x00000084f6300000,0x00000084f6400000)]
  0x0000020179c43800 JavaThread "UrlChecker-2" daemon [_thread_blocked, id=8476, stack(0x00000084f6200000,0x00000084f6300000)]
  0x000002017c477000 JavaThread "Exec Default Executor" daemon [_thread_in_native, id=20540, stack(0x00000084f6100000,0x00000084f6200000)]
  0x0000020177b9d800 JavaThread "Service Thread" daemon [_thread_blocked, id=7432, stack(0x00000084f5f00000,0x00000084f6000000)]
  0x0000020178e7e000 JavaThread "C1 CompilerThread2" daemon [_thread_blocked, id=20248, stack(0x00000084f5e00000,0x00000084f5f00000)]
=>0x0000020178e79800 JavaThread "C2 CompilerThread1" daemon [_thread_in_native, id=10108, stack(0x00000084f5d00000,0x00000084f5e00000)]
  0x0000020178e78000 JavaThread "C2 CompilerThread0" daemon [_thread_blocked, id=14876, stack(0x00000084f5c00000,0x00000084f5d00000)]
  0x0000020178e67000 JavaThread "Attach Listener" daemon [_thread_blocked, id=17928, stack(0x00000084f5b00000,0x00000084f5c00000)]
  0x0000020178e66000 JavaThread "Signal Dispatcher" daemon [_thread_blocked, id=15176, stack(0x00000084f5a00000,0x00000084f5b00000)]
  0x0000020177abf000 JavaThread "Finalizer" daemon [_thread_blocked, id=5336, stack(0x00000084f5900000,0x00000084f5a00000)]
  0x00000201777be000 JavaThread "Reference Handler" daemon [_thread_blocked, id=6196, stack(0x00000084f5800000,0x00000084f5900000)]
  0x00000201614a1000 JavaThread "Forwarding newSession on session null to remote" [_thread_in_native, id=6804, stack(0x00000084f5200000,0x00000084f5300000)]

Other Threads:
  0x00000201777ba000 VMThread [stack: 0x00000084f5700000,0x00000084f5800000] [id=15848]
  0x0000020178eb4800 WatcherThread [stack: 0x00000084f6000000,0x00000084f6100000] [id=19780]

VM state:not at safepoint (normal execution)

VM Mutex/Monitor currently owned by a thread: None

heap address: 0x0000000080000000, size: 2048 MB, Compressed Oops mode: 32-bit
Narrow klass base: 0x0000000000000000, Narrow klass shift: 3
Compressed class space size: 1073741824 Address: 0x0000000100000000

Heap:
 PSYoungGen      total 131584K, used 112006K [0x00000000d5580000, 0x00000000e1c00000, 0x0000000100000000)
  eden space 123904K, 86% used [0x00000000d5580000,0x00000000dbe082b0,0x00000000dce80000)
  from space 7680K, 64% used [0x00000000dce80000,0x00000000dd359910,0x00000000dd600000)
  to   space 7680K, 0% used [0x00000000e1480000,0x00000000e1480000,0x00000000e1c00000)
 ParOldGen       total 46592K, used 8123K [0x0000000080000000, 0x0000000082d80000, 0x00000000d5580000)
  object space 46592K, 17% used [0x0000000080000000,0x00000000807eeec8,0x0000000082d80000)
 Metaspace       used 29915K, capacity 30726K, committed 30976K, reserved 1077248K
  class space    used 3545K, capacity 3784K, committed 3840K, reserved 1048576K

Card table byte_map: [0x0000020172400000,0x0000020172810000] byte_map_base: 0x0000020172000000

Marking Bits: (ParMarkBitMap*) 0x0000000054ca5390
 Begin Bits: [0x0000020172ac0000, 0x0000020174ac0000)
 End Bits:   [0x0000020174ac0000, 0x0000020176ac0000)

Polling page: 0x0000020161580000

CodeCache: size=245760Kb used=10133Kb max_used=10390Kb free=235626Kb
 bounds [0x0000020163040000, 0x0000020163a70000, 0x0000020172040000]
 total_blobs=3238 nmethods=2537 adapters=611
 compilation: enabled

Compilation events (10 events):
Event: 17.165 Thread 0x0000020178e7e000 nmethod 2738 0x00000201635e6210 code [0x00000201635e6360, 0x00000201635e6478]
Event: 17.165 Thread 0x0000020178e7e000 2739       3       java.io.StringReader::ensureOpen (18 bytes)
Event: 17.165 Thread 0x0000020178e7e000 nmethod 2739 0x00000201635e5d90 code [0x00000201635e5f00, 0x00000201635e6150]
Event: 17.165 Thread 0x0000020178e7e000 2740   !   3       java.io.StringReader::read (133 bytes)
Event: 17.166 Thread 0x0000020178e7e000 nmethod 2740 0x00000201633f6e10 code [0x00000201633f6fe0, 0x00000201633f7930]
Event: 17.166 Thread 0x0000020178e7e000 2741       3       java.lang.invoke.LambdaForm$DMH/1462044018::invokeStatic_L_L (14 bytes)
Event: 17.166 Thread 0x0000020178e7e000 nmethod 2741 0x000002016344d610 code [0x000002016344d7a0, 0x000002016344dd00]
Event: 17.171 Thread 0x0000020178e7e000 2742       1       java.util.AbstractMap$SimpleImmutableEntry::getValue (5 bytes)
Event: 17.171 Thread 0x0000020178e7e000 nmethod 2742 0x00000201633bdfd0 code [0x00000201633be120, 0x00000201633be238]
Event: 17.171 Thread 0x0000020178e7e000 2743       3       org.openqa.selenium.json.JsonInput::readString (129 bytes)

GC Heap History (10 events):
Event: 7.147 GC heap before
{Heap before GC invocations=6 (full 0):
 PSYoungGen      total 36864K, used 36833K [0x00000000d5580000, 0x00000000d9f80000, 0x0000000100000000)
  eden space 31744K, 100% used [0x00000000d5580000,0x00000000d7480000,0x00000000d7480000)
  from space 5120K, 99% used [0x00000000d7480000,0x00000000d79784c0,0x00000000d7980000)
  to   space 6144K, 0% used [0x00000000d9980000,0x00000000d9980000,0x00000000d9f80000)
 ParOldGen       total 84992K, used 744K [0x0000000080000000, 0x0000000085300000, 0x00000000d5580000)
  object space 84992K, 0% used [0x0000000080000000,0x00000000800ba298,0x0000000085300000)
 Metaspace       used 17123K, capacity 17388K, committed 17664K, reserved 1064960K
  class space    used 1799K, capacity 1923K, committed 2048K, reserved 1048576K
Event: 7.156 GC heap after
Heap after GC invocations=6 (full 0):
 PSYoungGen      total 68096K, used 6134K [0x00000000d5580000, 0x00000000da280000, 0x0000000100000000)
  eden space 61952K, 0% used [0x00000000d5580000,0x00000000d5580000,0x00000000d9200000)
  from space 6144K, 99% used [0x00000000d9980000,0x00000000d9f7d950,0x00000000d9f80000)
  to   space 7680K, 0% used [0x00000000d9200000,0x00000000d9200000,0x00000000d9980000)
 ParOldGen       total 84992K, used 2316K [0x0000000080000000, 0x0000000085300000, 0x00000000d5580000)
  object space 84992K, 2% used [0x0000000080000000,0x00000000802430a8,0x0000000085300000)
 Metaspace       used 17123K, capacity 17388K, committed 17664K, reserved 1064960K
  class space    used 1799K, capacity 1923K, committed 2048K, reserved 1048576K
}
Event: 8.562 GC heap before
{Heap before GC invocations=7 (full 0):
 PSYoungGen      total 68096K, used 68086K [0x00000000d5580000, 0x00000000da280000, 0x0000000100000000)
  eden space 61952K, 100% used [0x00000000d5580000,0x00000000d9200000,0x00000000d9200000)
  from space 6144K, 99% used [0x00000000d9980000,0x00000000d9f7d950,0x00000000d9f80000)
  to   space 7680K, 0% used [0x00000000d9200000,0x00000000d9200000,0x00000000d9980000)
 ParOldGen       total 84992K, used 2316K [0x0000000080000000, 0x0000000085300000, 0x00000000d5580000)
  object space 84992K, 2% used [0x0000000080000000,0x00000000802430a8,0x0000000085300000)
 Metaspace       used 20715K, capacity 20958K, committed 21296K, reserved 1069056K
  class space    used 2287K, capacity 2389K, committed 2432K, reserved 1048576K
Event: 8.574 GC heap after
Heap after GC invocations=7 (full 0):
 PSYoungGen      total 69632K, used 6272K [0x00000000d5580000, 0x00000000ddd80000, 0x0000000100000000)
  eden space 61952K, 0% used [0x00000000d5580000,0x00000000d5580000,0x00000000d9200000)
  from space 7680K, 81% used [0x00000000d9200000,0x00000000d9820288,0x00000000d9980000)
  to   space 7680K, 0% used [0x00000000dd600000,0x00000000dd600000,0x00000000ddd80000)
 ParOldGen       total 84992K, used 5717K [0x0000000080000000, 0x0000000085300000, 0x00000000d5580000)
  object space 84992K, 6% used [0x0000000080000000,0x00000000805957f8,0x0000000085300000)
 Metaspace       used 20715K, capacity 20958K, committed 21296K, reserved 1069056K
  class space    used 2287K, capacity 2389K, committed 2432K, reserved 1048576K
}
Event: 8.647 GC heap before
{Heap before GC invocations=8 (full 0):
 PSYoungGen      total 69632K, used 14895K [0x00000000d5580000, 0x00000000ddd80000, 0x0000000100000000)
  eden space 61952K, 13% used [0x00000000d5580000,0x00000000d5debd38,0x00000000d9200000)
  from space 7680K, 81% used [0x00000000d9200000,0x00000000d9820288,0x00000000d9980000)
  to   space 7680K, 0% used [0x00000000dd600000,0x00000000dd600000,0x00000000ddd80000)
 ParOldGen       total 84992K, used 5717K [0x0000000080000000, 0x0000000085300000, 0x00000000d5580000)
  object space 84992K, 6% used [0x0000000080000000,0x00000000805957f8,0x0000000085300000)
 Metaspace       used 20759K, capacity 21034K, committed 21296K, reserved 1069056K
  class space    used 2291K, capacity 2393K, committed 2432K, reserved 1048576K
Event: 8.663 GC heap after
Heap after GC invocations=8 (full 0):
 PSYoungGen      total 131584K, used 4032K [0x00000000d5580000, 0x00000000ddd80000, 0x0000000100000000)
  eden space 123904K, 0% used [0x00000000d5580000,0x00000000d5580000,0x00000000dce80000)
  from space 7680K, 52% used [0x00000000dd600000,0x00000000dd9f0000,0x00000000ddd80000)
  to   space 7680K, 0% used [0x00000000dce80000,0x00000000dce80000,0x00000000dd600000)
 ParOldGen       total 84992K, used 6066K [0x0000000080000000, 0x0000000085300000, 0x00000000d5580000)
  object space 84992K, 7% used [0x0000000080000000,0x00000000805ec840,0x0000000085300000)
 Metaspace       used 20759K, capacity 21034K, committed 21296K, reserved 1069056K
  class space    used 2291K, capacity 2393K, committed 2432K, reserved 1048576K
}
Event: 8.663 GC heap before
{Heap before GC invocations=9 (full 1):
 PSYoungGen      total 131584K, used 4032K [0x00000000d5580000, 0x00000000ddd80000, 0x0000000100000000)
  eden space 123904K, 0% used [0x00000000d5580000,0x00000000d5580000,0x00000000dce80000)
  from space 7680K, 52% used [0x00000000dd600000,0x00000000dd9f0000,0x00000000ddd80000)
  to   space 7680K, 0% used [0x00000000dce80000,0x00000000dce80000,0x00000000dd600000)
 ParOldGen       total 84992K, used 6066K [0x0000000080000000, 0x0000000085300000, 0x00000000d5580000)
  object space 84992K, 7% used [0x0000000080000000,0x00000000805ec840,0x0000000085300000)
 Metaspace       used 20759K, capacity 21034K, committed 21296K, reserved 1069056K
  class space    used 2291K, capacity 2393K, committed 2432K, reserved 1048576K
Event: 8.726 GC heap after
Heap after GC invocations=9 (full 1):
 PSYoungGen      total 131584K, used 0K [0x00000000d5580000, 0x00000000ddd80000, 0x0000000100000000)
  eden space 123904K, 0% used [0x00000000d5580000,0x00000000d5580000,0x00000000dce80000)
  from space 7680K, 0% used [0x00000000dd600000,0x00000000dd600000,0x00000000ddd80000)
  to   space 7680K, 0% used [0x00000000dce80000,0x00000000dce80000,0x00000000dd600000)
 ParOldGen       total 46592K, used 8115K [0x0000000080000000, 0x0000000082d80000, 0x00000000d5580000)
  object space 46592K, 17% used [0x0000000080000000,0x00000000807ecec8,0x0000000082d80000)
 Metaspace       used 20759K, capacity 21034K, committed 21296K, reserved 1069056K
  class space    used 2291K, capacity 2393K, committed 2432K, reserved 1048576K
}
Event: 9.404 GC heap before
{Heap before GC invocations=10 (full 1):
 PSYoungGen      total 131584K, used 123904K [0x00000000d5580000, 0x00000000ddd80000, 0x0000000100000000)
  eden space 123904K, 100% used [0x00000000d5580000,0x00000000dce80000,0x00000000dce80000)
  from space 7680K, 0% used [0x00000000dd600000,0x00000000dd600000,0x00000000ddd80000)
  to   space 7680K, 0% used [0x00000000dce80000,0x00000000dce80000,0x00000000dd600000)
 ParOldGen       total 46592K, used 8115K [0x0000000080000000, 0x0000000082d80000, 0x00000000d5580000)
  object space 46592K, 17% used [0x0000000080000000,0x00000000807ecec8,0x0000000082d80000)
 Metaspace       used 22586K, capacity 22928K, committed 23168K, reserved 1069056K
  class space    used 2475K, capacity 2613K, committed 2688K, reserved 1048576K
Event: 9.411 GC heap after
Heap after GC invocations=10 (full 1):
 PSYoungGen      total 131584K, used 4966K [0x00000000d5580000, 0x00000000e1c00000, 0x0000000100000000)
  eden space 123904K, 0% used [0x00000000d5580000,0x00000000d5580000,0x00000000dce80000)
  from space 7680K, 64% used [0x00000000dce80000,0x00000000dd359910,0x00000000dd600000)
  to   space 7680K, 0% used [0x00000000e1480000,0x00000000e1480000,0x00000000e1c00000)
 ParOldGen       total 46592K, used 8123K [0x0000000080000000, 0x0000000082d80000, 0x00000000d5580000)
  object space 46592K, 17% used [0x0000000080000000,0x00000000807eeec8,0x0000000082d80000)
 Metaspace       used 22586K, capacity 22928K, committed 23168K, reserved 1069056K
  class space    used 2475K, capacity 2613K, committed 2688K, reserved 1048576K
}

Deoptimization events (10 events):
Event: 12.724 Thread 0x00000201614a1000 Uncommon trap: reason=bimorphic action=maybe_recompile pc=0x0000020163900568 method=java.util.regex.Matcher.search(I)Z @ 86
Event: 12.724 Thread 0x00000201614a1000 Uncommon trap: reason=bimorphic action=maybe_recompile pc=0x0000020163900568 method=java.util.regex.Matcher.search(I)Z @ 86
Event: 12.724 Thread 0x00000201614a1000 Uncommon trap: reason=bimorphic action=maybe_recompile pc=0x0000020163900568 method=java.util.regex.Matcher.search(I)Z @ 86
Event: 12.849 Thread 0x00000201614a1000 Uncommon trap: reason=unstable_if action=reinterpret pc=0x0000020163921fa8 method=java.util.regex.Pattern$BmpCharProperty.match(Ljava/util/regex/Matcher;ILjava/lang/CharSequence;)Z @ 34
Event: 12.907 Thread 0x00000201614a1000 Uncommon trap: reason=class_check action=maybe_recompile pc=0x000002016391a94c method=java.util.HashSet.contains(Ljava/lang/Object;)Z @ 5
Event: 12.907 Thread 0x00000201614a1000 Uncommon trap: reason=class_check action=maybe_recompile pc=0x000002016391a94c method=java.util.HashSet.contains(Ljava/lang/Object;)Z @ 5
Event: 17.163 Thread 0x00000201614a1000 Uncommon trap: reason=class_check action=maybe_recompile pc=0x0000020163a603c4 method=org.openqa.selenium.json.Input.init()V @ 18
Event: 17.163 Thread 0x00000201614a1000 Uncommon trap: reason=class_check action=maybe_recompile pc=0x0000020163a603c4 method=org.openqa.selenium.json.Input.init()V @ 18
Event: 17.163 Thread 0x00000201614a1000 Uncommon trap: reason=class_check action=maybe_recompile pc=0x0000020163a603c4 method=org.openqa.selenium.json.Input.init()V @ 18
Event: 17.163 Thread 0x00000201614a1000 Uncommon trap: reason=class_check action=maybe_recompile pc=0x0000020163a603c4 method=org.openqa.selenium.json.Input.init()V @ 18

Classes redefined (0 events):
No events

Internal exceptions (10 events):
Event: 10.241 Thread 0x00000201614a1000 Exception <a 'java/lang/ClassNotFoundException': groovy/lang/ReferenceBeanInfo> (0x00000000d7b7c058) thrown at [C:\jenkins\workspace\zulu-platform-build\zulu-src.git\hotspot\src\share\vm\classfile\systemDictionary.cpp, line 220]
Event: 10.243 Thread 0x00000201614a1000 Exception <a 'java/lang/ClassNotFoundException': groovy/lang/ReferenceCustomizer> (0x00000000d7bee240) thrown at [C:\jenkins\workspace\zulu-platform-build\zulu-src.git\hotspot\src\share\vm\classfile\systemDictionary.cpp, line 220]
Event: 10.255 Thread 0x00000201614a1000 Exception <a 'java/lang/ClassNotFoundException': groovy/lang/Closure$1BeanInfo> (0x00000000d7ca38d8) thrown at [C:\jenkins\workspace\zulu-platform-build\zulu-src.git\hotspot\src\share\vm\classfile\systemDictionary.cpp, line 220]
Event: 10.258 Thread 0x00000201614a1000 Exception <a 'java/lang/ClassNotFoundException': groovy/lang/ClosureBeanInfo> (0x00000000d7d10998) thrown at [C:\jenkins\workspace\zulu-platform-build\zulu-src.git\hotspot\src\share\vm\classfile\systemDictionary.cpp, line 220]
Event: 10.261 Thread 0x00000201614a1000 Exception <a 'java/lang/ClassNotFoundException': groovy/lang/ClosureCustomizer> (0x00000000d7d7faf8) thrown at [C:\jenkins\workspace\zulu-platform-build\zulu-src.git\hotspot\src\share\vm\classfile\systemDictionary.cpp, line 220]
Event: 10.279 Thread 0x00000201614a1000 Exception <a 'java/lang/ClassNotFoundException': groovy/lang/Closure$1Customizer> (0x00000000d7e14558) thrown at [C:\jenkins\workspace\zulu-platform-build\zulu-src.git\hotspot\src\share\vm\classfile\systemDictionary.cpp, line 220]
Event: 12.391 Thread 0x0000020179c43800 Exception <a 'java/net/SocketTimeoutException': connect timed out> (0x00000000d9eccb68) thrown at [C:\jenkins\workspace\zulu-platform-build\zulu-src.git\hotspot\src\share\vm\prims\jni.cpp, line 736]
Event: 12.466 Thread 0x00000201614a1000 Exception <a 'java/lang/IncompatibleClassChangeError': Found class java.lang.Object, but interface was expected> (0x00000000da3bca58) thrown at [C:\jenkins\workspace\zulu-platform-build\zulu-src.git\hotspot\src\share\vm\interpreter\linkResolver.cpp, line 
Event: 12.476 Thread 0x00000201614a1000 Exception <a 'java/lang/NoSuchMethodError': java.lang.Object.lambda$or$2(Ljava/util/function/Predicate;Ljava/lang/Object;)Z> (0x00000000da3d5ac8) thrown at [C:\jenkins\workspace\zulu-platform-build\zulu-src.git\hotspot\src\share\vm\interpreter\linkResolve
Event: 12.582 Thread 0x00000201614a1000 Exception <a 'java/lang/NoSuchMethodError': java.lang.Object.lambda$chars$0()Ljava/util/Spliterator$OfInt;> (0x00000000da77efc8) thrown at [C:\jenkins\workspace\zulu-platform-build\zulu-src.git\hotspot\src\share\vm\interpreter\linkResolver.cpp, line 620]

Events (10 events):
Event: 17.165 loading class org/openqa/selenium/json/JsonInput
Event: 17.165 loading class org/openqa/selenium/json/JsonInput done
Event: 17.165 loading class org/openqa/selenium/json/JsonInput
Event: 17.165 loading class org/openqa/selenium/json/JsonInput done
Event: 17.165 loading class org/openqa/selenium/json/NumberCoercer
Event: 17.165 loading class org/openqa/selenium/json/NumberCoercer done
Event: 17.167 loading class java/math/BigDecimal$1
Event: 17.167 loading class java/math/BigDecimal$1 done
Event: 17.167 loading class java/math/MathContext
Event: 17.170 loading class java/math/MathContext done


Dynamic libraries:
0x00007ff6b1200000 - 0x00007ff6b1251000 	C:\Users\roshnig\.katalon\packages\Katalon_Studio_Windows_64-8.6.8\Katalon_Studio_Windows_64-8.6.8\jre\bin\javaw.exe
0x00007ff9e3b30000 - 0x00007ff9e3d47000 	C:\WINDOWS\SYSTEM32\ntdll.dll
0x00007ff9e1f10000 - 0x00007ff9e1fd4000 	C:\WINDOWS\System32\KERNEL32.dll
0x00007ff9e0920000 - 0x00007ff9e0a3b000 	C:\Windows\system32\hmpalert.dll
0x00007ff9e10e0000 - 0x00007ff9e1486000 	C:\WINDOWS\System32\KERNELBASE.dll
0x00007ff9e3850000 - 0x00007ff9e3903000 	C:\WINDOWS\System32\ADVAPI32.dll
0x00007ff9e3670000 - 0x00007ff9e3717000 	C:\WINDOWS\System32\msvcrt.dll
0x00007ff9e3790000 - 0x00007ff9e3838000 	C:\WINDOWS\System32\sechost.dll
0x00007ff9e1490000 - 0x00007ff9e14b8000 	C:\WINDOWS\System32\bcrypt.dll
0x00007ff9e2970000 - 0x00007ff9e2a87000 	C:\WINDOWS\System32\RPCRT4.dll
0x00007ff9e3270000 - 0x00007ff9e341e000 	C:\WINDOWS\System32\USER32.dll
0x00007ff9e0f90000 - 0x00007ff9e0fb6000 	C:\WINDOWS\System32\win32u.dll
0x00007ff9e2840000 - 0x00007ff9e2869000 	C:\WINDOWS\System32\GDI32.dll
0x00007ff9e16f0000 - 0x00007ff9e1808000 	C:\WINDOWS\System32\gdi32full.dll
0x00007ff9e0e70000 - 0x00007ff9e0f0a000 	C:\WINDOWS\System32\msvcp_win.dll
0x00007ff9e0fc0000 - 0x00007ff9e10d1000 	C:\WINDOWS\System32\ucrtbase.dll
0x00007ff9c8080000 - 0x00007ff9c8313000 	C:\WINDOWS\WinSxS\amd64_microsoft.windows.common-controls_6595b64144ccf1df_6.0.22621.2506_none_270c5ae97388e100\COMCTL32.dll
0x00007ff9e2c70000 - 0x00007ff9e2ca1000 	C:\WINDOWS\System32\IMM32.DLL
0x00007ff9d1f60000 - 0x00007ff9d1f75000 	C:\Users\roshnig\.katalon\packages\Katalon_Studio_Windows_64-8.6.8\Katalon_Studio_Windows_64-8.6.8\jre\bin\vcruntime140.dll
0x00007ff99c330000 - 0x00007ff99c3cb000 	C:\Users\roshnig\.katalon\packages\Katalon_Studio_Windows_64-8.6.8\Katalon_Studio_Windows_64-8.6.8\jre\bin\msvcp140.dll
0x00000000544b0000 - 0x0000000054d20000 	C:\Users\roshnig\.katalon\packages\Katalon_Studio_Windows_64-8.6.8\Katalon_Studio_Windows_64-8.6.8\jre\bin\server\jvm.dll
0x00007ff9e1db0000 - 0x00007ff9e1db8000 	C:\WINDOWS\System32\PSAPI.DLL
0x00007ff9d4220000 - 0x00007ff9d4254000 	C:\WINDOWS\SYSTEM32\WINMM.dll
0x00007ff9d9830000 - 0x00007ff9d9839000 	C:\WINDOWS\SYSTEM32\WSOCK32.dll
0x00007ff9e31e0000 - 0x00007ff9e3251000 	C:\WINDOWS\System32\WS2_32.dll
0x00007ff9d26c0000 - 0x00007ff9d26ca000 	C:\WINDOWS\SYSTEM32\VERSION.dll
0x00007ff9dfd40000 - 0x00007ff9dfd58000 	C:\WINDOWS\SYSTEM32\kernel.appcore.dll
0x00007ff9d9820000 - 0x00007ff9d9830000 	C:\Users\roshnig\.katalon\packages\Katalon_Studio_Windows_64-8.6.8\Katalon_Studio_Windows_64-8.6.8\jre\bin\verify.dll
0x00007ff9d1e40000 - 0x00007ff9d1e6b000 	C:\Users\roshnig\.katalon\packages\Katalon_Studio_Windows_64-8.6.8\Katalon_Studio_Windows_64-8.6.8\jre\bin\java.dll
0x00007ff9d1e20000 - 0x00007ff9d1e38000 	C:\Users\roshnig\.katalon\packages\Katalon_Studio_Windows_64-8.6.8\Katalon_Studio_Windows_64-8.6.8\jre\bin\zip.dll
0x00007ff9e1fe0000 - 0x00007ff9e283a000 	C:\WINDOWS\System32\SHELL32.dll
0x00007ff9dea70000 - 0x00007ff9df366000 	C:\WINDOWS\SYSTEM32\windows.storage.dll
0x00007ff9e1a20000 - 0x00007ff9e1da9000 	C:\WINDOWS\System32\combase.dll
0x00007ff9de930000 - 0x00007ff9dea6e000 	C:\WINDOWS\SYSTEM32\wintypes.dll
0x00007ff9e3470000 - 0x00007ff9e3563000 	C:\WINDOWS\System32\SHCORE.dll
0x00007ff9e3a00000 - 0x00007ff9e3a5e000 	C:\WINDOWS\System32\shlwapi.dll
0x00007ff9e0da0000 - 0x00007ff9e0dc6000 	C:\WINDOWS\SYSTEM32\profapi.dll
0x00007ff9c8500000 - 0x00007ff9c851c000 	C:\Users\roshnig\.katalon\packages\Katalon_Studio_Windows_64-8.6.8\Katalon_Studio_Windows_64-8.6.8\jre\bin\net.dll
0x00007ff9e01b0000 - 0x00007ff9e0219000 	C:\WINDOWS\system32\mswsock.dll
0x00007ff9c83b0000 - 0x00007ff9c83c3000 	C:\Users\roshnig\.katalon\packages\Katalon_Studio_Windows_64-8.6.8\Katalon_Studio_Windows_64-8.6.8\jre\bin\nio.dll
0x00007ff9df5f0000 - 0x00007ff9df6e9000 	C:\WINDOWS\SYSTEM32\DNSAPI.dll
0x00007ff9df5c0000 - 0x00007ff9df5ed000 	C:\WINDOWS\SYSTEM32\IPHLPAPI.DLL
0x00007ff9e3260000 - 0x00007ff9e3269000 	C:\WINDOWS\System32\NSI.dll
0x00007ff9d40f0000 - 0x00007ff9d40fa000 	C:\Windows\System32\rasadhlp.dll
0x00007ff9d73b0000 - 0x00007ff9d7433000 	C:\WINDOWS\System32\fwpuclnt.dll
0x00007ff9d4a20000 - 0x00007ff9d4a44000 	C:\Users\roshnig\.katalon\packages\Katalon_Studio_Windows_64-8.6.8\Katalon_Studio_Windows_64-8.6.8\jre\bin\sunec.dll
0x00007ff9d5130000 - 0x00007ff9d513d000 	C:\Users\roshnig\.katalon\packages\Katalon_Studio_Windows_64-8.6.8\Katalon_Studio_Windows_64-8.6.8\jre\bin\sunmscapi.dll
0x00007ff9e1580000 - 0x00007ff9e16e6000 	C:\WINDOWS\System32\CRYPT32.dll
0x00007ff9e0540000 - 0x00007ff9e056e000 	C:\WINDOWS\SYSTEM32\ncrypt.dll
0x00007ff9e0500000 - 0x00007ff9e0537000 	C:\WINDOWS\SYSTEM32\NTASN1.dll
0x00007ff9e0890000 - 0x00007ff9e08ab000 	C:\WINDOWS\SYSTEM32\CRYPTSP.dll
0x00007ff9dfca0000 - 0x00007ff9dfcd5000 	C:\WINDOWS\system32\rsaenh.dll
0x00007ff9e0250000 - 0x00007ff9e027c000 	C:\WINDOWS\SYSTEM32\USERENV.dll
0x00007ff9e0f10000 - 0x00007ff9e0f8a000 	C:\WINDOWS\System32\bcryptprimitives.dll
0x00007ff9e04f0000 - 0x00007ff9e04fc000 	C:\WINDOWS\SYSTEM32\CRYPTBASE.dll
0x00007ff9d7fa0000 - 0x00007ff9d7fb9000 	C:\WINDOWS\SYSTEM32\dhcpcsvc6.DLL
0x00007ff9d6ad0000 - 0x00007ff9d6aef000 	C:\WINDOWS\SYSTEM32\dhcpcsvc.DLL

VM Arguments:
jvm_args: -Dgroovy.home=C:\Users\roshnig/.groovy -Djava.system.class.loader=groovy.lang.GroovyClassLoader -Xmx2048m -Dfile.encoding=UTF-8 
java_command: org.codehaus.groovy.tools.GroovyStarter --classpath C:\Users\roshnig\git\KATALON_AutomationPOC\bin\keyword;C:\Users\roshnig\git\KATALON_AutomationPOC\Keywords;C:\Users\roshnig\git\KATALON_AutomationPOC\bin\listener;C:\Users\roshnig\git\KATALON_AutomationPOC\Test Listeners;C:\Users\roshnig\git\KATALON_AutomationPOC\bin\lib;C:\Users\roshnig\git\KATALON_AutomationPOC\Libs;C:\Users\roshnig\git\KATALON_AutomationPOC\bin\groovy;C:\Users\roshnig\git\KATALON_AutomationPOC\Include\scripts\groovy;C:\Users\roshnig\.katalon\packages\Katalon_Studio_Windows_64-8.6.8\Katalon_Studio_Windows_64-8.6.8\plugins\com.kms.katalon.core_1.0.0.202309060301.jar;C:\Users\roshnig\.katalon\packages\Katalon_Studio_Windows_64-8.6.8\Katalon_Studio_Windows_64-8.6.8\configuration\resources\lib\aalto-xml-1.0.0.jar;C:\Users\roshnig\.katalon\packages\Katalon_Studio_Windows_64-8.6.8\Katalon_Studio_Windows_64-8.6.8\configuration\resources\lib\aspectjweaver-1.9.1.jar;C:\Users\roshnig\.katalon\packages\Katalon_Studio_Windows_64-8.6.8\Katalon_Studio_Windows_64-8.6.8\configuration\resources\lib\bcpkix-jdk15on-1.64.jar;C:\Users\roshnig\.katalon\packages\Katalon_Studio_Windows_64-8.6.8\Katalon_Studio_Windows_64-8.6.8\configuration\resources\lib\bcprov-jdk15on-1.64.jar;C:\Users\roshnig\.katalon\packages\Katalon_Studio_Windows_64-8.6.8\Katalon_Studio_Windows_64-8.6.8\configuration\resources\lib\browsermob-core-2.1.5.jar;C:\Users\roshnig\.katalon\packages\Katalon_Studio_Windows_64-8.6.8\Katalon_Studio_Windows_64-8.6.8\configuration\resources\lib\cglib-3.2.10.jar;C:\Users\roshnig\.katalon\packages\Katalon_Studio_Windows_64-8.6.8\Katalon_Studio_Windows_64-8.6.8\configuration\resources\lib\commons-codec-1.10.jar;C:\Users\roshnig\.katalon\packages\Katalon_Studio_Windows_64-8.6.8\Katalon_Studio_Windows_64-8.6.8\configuration\resources\lib\commons-collections4-4.1.jar;C:\Users\roshnig\.katalon\packages\Katalon_Studio_Windows_64-8.6.8\Katalon_Studio_Windows_64-8.6.8\configuration\resources\lib\commons-val
java_class_path (initial): C:\Users\roshnig\git\KATALON_AutomationPOC\bin\keyword;C:\Users\roshnig\git\KATALON_AutomationPOC\bin\listener;C:\Users\roshnig\git\KATALON_AutomationPOC\bin\lib;C:\Users\roshnig\git\KATALON_AutomationPOC\bin\groovy;C:\Users\roshnig\git\KATALON_AutomationPOC\bin;C:\Users\roshnig\.katalon\packages\Katalon_Studio_Windows_64-8.6.8\Katalon_Studio_Windows_64-8.6.8\plugins\com.kms.katalon.core_1.0.0.202309060301.jar;C:\Users\roshnig\.katalon\packages\Katalon_Studio_Windows_64-8.6.8\Katalon_Studio_Windows_64-8.6.8\configuration\resources\lib\aalto-xml-1.0.0.jar;C:\Users\roshnig\.katalon\packages\Katalon_Studio_Windows_64-8.6.8\Katalon_Studio_Windows_64-8.6.8\configuration\resources\lib\aspectjweaver-1.9.1.jar;C:\Users\roshnig\.katalon\packages\Katalon_Studio_Windows_64-8.6.8\Katalon_Studio_Windows_64-8.6.8\configuration\resources\lib\bcpkix-jdk15on-1.64.jar;C:\Users\roshnig\.katalon\packages\Katalon_Studio_Windows_64-8.6.8\Katalon_Studio_Windows_64-8.6.8\configuration\resources\lib\bcprov-jdk15on-1.64.jar;C:\Users\roshnig\.katalon\packages\Katalon_Studio_Windows_64-8.6.8\Katalon_Studio_Windows_64-8.6.8\configuration\resources\lib\browsermob-core-2.1.5.jar;C:\Users\roshnig\.katalon\packages\Katalon_Studio_Windows_64-8.6.8\Katalon_Studio_Windows_64-8.6.8\configuration\resources\lib\cglib-3.2.10.jar;C:\Users\roshnig\.katalon\packages\Katalon_Studio_Windows_64-8.6.8\Katalon_Studio_Windows_64-8.6.8\configuration\resources\lib\commons-codec-1.10.jar;C:\Users\roshnig\.katalon\packages\Katalon_Studio_Windows_64-8.6.8\Katalon_Studio_Windows_64-8.6.8\configuration\resources\lib\commons-collections4-4.1.jar;C:\Users\roshnig\.katalon\packages\Katalon_Studio_Windows_64-8.6.8\Katalon_Studio_Windows_64-8.6.8\configuration\resources\lib\commons-validator-1.6.jar;C:\Users\roshnig\.katalon\packages\Katalon_Studio_Windows_64-8.6.8\Katalon_Studio_Windows_64-8.6.8\configuration\resources\lib\curvesapi-1.04.jar;C:\Users\roshnig\.katalon\packages\Katalon_Studio_Windo
Launcher Type: SUN_STANDARD

Environment Variables:
PATH=C:/Users/roshnig/.katalon/packages/Katalon_Studio_Windows_64-8.6.8/Katalon_Studio_Windows_64-8.6.8/jre/bin/server;C:/Users/roshnig/.katalon/packages/Katalon_Studio_Windows_64-8.6.8/Katalon_Studio_Windows_64-8.6.8/jre/bin;C:/Users/roshnig/.katalon/packages/Katalon_Studio_Windows_64-8.6.8/Katalon_Studio_Windows_64-8.6.8/jre/lib/amd64;C:\Program Files (x86)\Common Files\Oracle\Java\javapath;C:\WINDOWS\system32;C:\WINDOWS;C:\WINDOWS\System32\Wbem;C:\WINDOWS\System32\WindowsPowerShell\v1.0\;C:\WINDOWS\System32\OpenSSH\;C:\Program Files\nodejs\;C:\Program Files\Git\cmd;C:\Program Files\Git\bin;C:\Program Files\nodejs\node_modules\npm\bin;C:\Users\roshnig\AppData\Local\Microsoft\WindowsApps;C:\Users\roshnig\AppData\Local\Programs\Microsoft VS Code\bin;C:\Users\roshnig\AppData\Local\Programs\Git\cmd;C:\Users\roshnig\AppData\Roaming\npm;C:\Users\roshnig\.katalon\packages\Katalon_Studio_Windows_64-8.6.8\Katalon_Studio_Windows_64-8.6.8;
USERNAME=roshnig
OS=Windows_NT
PROCESSOR_IDENTIFIER=Intel64 Family 6 Model 140 Stepping 1, GenuineIntel



---------------  S Y S T E M  ---------------

OS: Windows 11 , 64 bit Build 22621 (10.0.22621.2506)
HyperV virtualization detected

CPU:total 4 (initial active 4) (2 cores per cpu, 2 threads per core) family 6 model 140 stepping 1, cmov, cx8, fxsr, mmx, sse, sse2, sse3, ssse3, sse4.1, sse4.2, popcnt, avx, avx2, aes, clmul, erms, 3dnowpref, lzcnt, ht, tsc, tscinvbit, bmi1, bmi2, adx

Memory: 4k page, physical 8022688k(314624k free), swap 16239264k(1812k free)

vm_info: OpenJDK 64-Bit Server VM (25.362-b09) for windows-amd64 JRE (Zulu 8.68.0.21-CA-win64) (1.8.0_362-b09), built on Jan 19 2023 16:49:02 by "tester" with MS VC++ 15.9 (VS2017)

time: Wed Jan 31 02:34:15 2024
timezone: India Standard Time
elapsed time: 17.194292 seconds (0d 0h 0m 17s)

