#
# There is insufficient memory for the Java Runtime Environment to continue.
# Native memory allocation (malloc) failed to allocate 931936 bytes for Chunk::new
# Possible reasons:
#   The system is out of physical RAM or swap space
#   The process is running with CompressedOops enabled, and the Java Heap may be blocking the growth of the native heap
# Possible solutions:
#   Reduce memory load on the system
#   Increase physical memory or swap space
#   Check if swap backing store is full
#   Decrease Java heap size (-Xmx/-Xms)
#   Decrease number of Java threads
#   Decrease Java thread stack sizes (-Xss)
#   Set larger code cache with -XX:ReservedCodeCacheSize=
#   JVM is running with Unscaled Compressed Oops mode in which the Java heap is
#     placed in the first 4GB address space. The Java Heap base address is the
#     maximum limit for the native heap growth. Please use -XX:HeapBaseMinAddress
#     to set the Java Heap base and to place the Java Heap above 4GB virtual address.
# This output file may be truncated or incomplete.
#
#  Out of Memory Error (allocation.cpp:389), pid=20852, tid=0x0000000000002c64
#
# JRE version: OpenJDK Runtime Environment (Zulu 8.68.0.21-CA-win64) (8.0_362-b09) (build 1.8.0_362-b09)
# Java VM: OpenJDK 64-Bit Server VM (25.362-b09 mixed mode windows-amd64 compressed oops)
# Failed to write core dump. Minidumps are not enabled by default on client versions of Windows
#

---------------  T H R E A D  ---------------

Current thread (0x0000014d75147800):  JavaThread "C2 CompilerThread1" daemon [_thread_in_native, id=11364, stack(0x0000000b0e200000,0x0000000b0e300000)]

Stack: [0x0000000b0e200000,0x0000000b0e300000]
[error occurred during error reporting (printing stack bounds), id 0xc0000005]

Native frames: (J=compiled Java code, j=interpreted, Vv=VM code, C=native code)


Current CompileTask:
C2:  11361 2898   !   4       java.net.URLClassLoader$1::run (81 bytes)


---------------  P R O C E S S  ---------------

Java Threads: ( => current thread )
  0x0000014d7a48b800 JavaThread "Okio Watchdog" daemon [_thread_blocked, id=9104, stack(0x0000000b0f000000,0x0000000b0f100000)]
  0x0000014d75298800 JavaThread "OkHttp ConnectionPool" daemon [_thread_blocked, id=10808, stack(0x0000000b0ef00000,0x0000000b0f000000)]
  0x0000014d79bf9000 JavaThread "ForkJoinPool.commonPool-worker-2" daemon [_thread_blocked, id=10528, stack(0x0000000b0ed00000,0x0000000b0ee00000)]
  0x0000014d79bf8800 JavaThread "ForkJoinPool.commonPool-worker-1" daemon [_thread_blocked, id=21464, stack(0x0000000b0ec00000,0x0000000b0ed00000)]
  0x0000014d7901e000 JavaThread "Exec Stream Pumper" daemon [_thread_in_native, id=19428, stack(0x0000000b0ea00000,0x0000000b0eb00000)]
  0x0000014d7901d800 JavaThread "Exec Stream Pumper" daemon [_thread_in_native, id=6092, stack(0x0000000b0e900000,0x0000000b0ea00000)]
  0x0000014d770ef000 JavaThread "UrlChecker-2" daemon [_thread_blocked, id=8468, stack(0x0000000b0e700000,0x0000000b0e800000)]
  0x0000014d7a48c800 JavaThread "Exec Default Executor" daemon [_thread_in_native, id=11104, stack(0x0000000b0e600000,0x0000000b0e700000)]
  0x0000014d75222800 JavaThread "Service Thread" daemon [_thread_blocked, id=16708, stack(0x0000000b0e400000,0x0000000b0e500000)]
  0x0000014d7514c000 JavaThread "C1 CompilerThread2" daemon [_thread_blocked, id=17720, stack(0x0000000b0e300000,0x0000000b0e400000)]
=>0x0000014d75147800 JavaThread "C2 CompilerThread1" daemon [_thread_in_native, id=11364, stack(0x0000000b0e200000,0x0000000b0e300000)]
  0x0000014d75146800 JavaThread "C2 CompilerThread0" daemon [_thread_in_native, id=8748, stack(0x0000000b0e100000,0x0000000b0e200000)]
  0x0000014d75131000 JavaThread "Attach Listener" daemon [_thread_blocked, id=17836, stack(0x0000000b0e000000,0x0000000b0e100000)]
  0x0000014d75138800 JavaThread "Signal Dispatcher" daemon [_thread_blocked, id=17484, stack(0x0000000b0df00000,0x0000000b0e000000)]
  0x0000014d73da0000 JavaThread "Finalizer" daemon [_thread_blocked, id=21456, stack(0x0000000b0de00000,0x0000000b0df00000)]
  0x0000014d73d95000 JavaThread "Reference Handler" daemon [_thread_blocked, id=4984, stack(0x0000000b0dd00000,0x0000000b0de00000)]
  0x0000014d5d6d1000 JavaThread "Forwarding get on session 0bf1dd666ceb4d51afff8d543d583f41 to remote" [_thread_in_native, id=8356, stack(0x0000000b0d700000,0x0000000b0d800000)]

Other Threads:
  0x0000014d73a9a000 VMThread [stack: 0x0000000b0dc00000,0x0000000b0dd00000] [id=13116]
  0x0000014d75223800 WatcherThread [stack: 0x0000000b0e500000,0x0000000b0e600000] [id=13968]

VM state:not at safepoint (normal execution)

VM Mutex/Monitor currently owned by a thread: None

heap address: 0x0000000080000000, size: 2048 MB, Compressed Oops mode: 32-bit
Narrow klass base: 0x0000000000000000, Narrow klass shift: 3
Compressed class space size: 1073741824 Address: 0x0000000100000000

Heap:
 PSYoungGen      total 228352K, used 165322K [0x00000000d5580000, 0x00000000e5980000, 0x0000000100000000)
  eden space 222720K, 71% used [0x00000000d5580000,0x00000000df1ecce8,0x00000000e2f00000)
  from space 5632K, 91% used [0x00000000e5400000,0x00000000e5905e78,0x00000000e5980000)
  to   space 9216K, 0% used [0x00000000e4780000,0x00000000e4780000,0x00000000e5080000)
 ParOldGen       total 50176K, used 8182K [0x0000000080000000, 0x0000000083100000, 0x00000000d5580000)
  object space 50176K, 16% used [0x0000000080000000,0x00000000807fd8c0,0x0000000083100000)
 Metaspace       used 30677K, capacity 31510K, committed 31616K, reserved 1077248K
  class space    used 3638K, capacity 3875K, committed 3968K, reserved 1048576K

Card table byte_map: [0x0000014d6e6e0000,0x0000014d6eaf0000] byte_map_base: 0x0000014d6e2e0000

Marking Bits: (ParMarkBitMap*) 0x0000000054ca5390
 Begin Bits: [0x0000014d6eda0000, 0x0000014d70da0000)
 End Bits:   [0x0000014d70da0000, 0x0000014d72da0000)

Polling page: 0x0000014d5da20000

CodeCache: size=245760Kb used=12124Kb max_used=12159Kb free=233635Kb
 bounds [0x0000014d5f320000, 0x0000014d5ff10000, 0x0000014d6e320000]
 total_blobs=3629 nmethods=2927 adapters=612
 compilation: enabled

Compilation events (10 events):
Event: 11.137 Thread 0x0000014d7514c000 2985       3       java.util.stream.ReferencePipeline$StatelessOp::<init> (29 bytes)
Event: 11.137 Thread 0x0000014d7514c000 nmethod 2985 0x0000014d5fee7ed0 code [0x0000014d5fee8040, 0x0000014d5fee8250]
Event: 11.137 Thread 0x0000014d7514c000 2986       3       java.util.stream.Sink$ChainedReference::<init> (16 bytes)
Event: 11.137 Thread 0x0000014d7514c000 nmethod 2986 0x0000014d5fee8350 code [0x0000014d5fee84c0, 0x0000014d5fee87f0]
Event: 11.246 Thread 0x0000014d75147800 nmethod 2879 0x0000014d5fef3750 code [0x0000014d5fef3ee0, 0x0000014d5fefbed8]
Event: 11.246 Thread 0x0000014d75147800 2977       4       java.util.regex.Pattern$Curly::match0 (174 bytes)
Event: 11.253 Thread 0x0000014d75147800 nmethod 2977 0x0000014d5feeedd0 code [0x0000014d5feeef80, 0x0000014d5feef808]
Event: 11.253 Thread 0x0000014d75147800 2978       4       java.util.regex.Matcher::match (109 bytes)
Event: 11.261 Thread 0x0000014d75147800 nmethod 2978 0x0000014d5feedf10 code [0x0000014d5feee0a0, 0x0000014d5feee768]
Event: 11.261 Thread 0x0000014d75147800 2898   !   4       java.net.URLClassLoader$1::run (81 bytes)

GC Heap History (10 events):
Event: 2.894 GC heap before
{Heap before GC invocations=5 (full 0):
 PSYoungGen      total 68608K, used 67745K [0x00000000d5580000, 0x00000000d9d80000, 0x0000000100000000)
  eden space 63488K, 100% used [0x00000000d5580000,0x00000000d9380000,0x00000000d9380000)
  from space 5120K, 83% used [0x00000000d9880000,0x00000000d9ca8708,0x00000000d9d80000)
  to   space 5120K, 0% used [0x00000000d9380000,0x00000000d9380000,0x00000000d9880000)
 ParOldGen       total 84992K, used 32K [0x0000000080000000, 0x0000000085300000, 0x00000000d5580000)
  object space 84992K, 0% used [0x0000000080000000,0x0000000080008000,0x0000000085300000)
 Metaspace       used 17130K, capacity 17388K, committed 17664K, reserved 1064960K
  class space    used 1802K, capacity 1923K, committed 2048K, reserved 1048576K
Event: 2.905 GC heap after
Heap after GC invocations=5 (full 0):
 PSYoungGen      total 68608K, used 5106K [0x00000000d5580000, 0x00000000de180000, 0x0000000100000000)
  eden space 63488K, 0% used [0x00000000d5580000,0x00000000d5580000,0x00000000d9380000)
  from space 5120K, 99% used [0x00000000d9380000,0x00000000d987c950,0x00000000d9880000)
  to   space 8192K, 0% used [0x00000000dd980000,0x00000000dd980000,0x00000000de180000)
 ParOldGen       total 84992K, used 3645K [0x0000000080000000, 0x0000000085300000, 0x00000000d5580000)
  object space 84992K, 4% used [0x0000000080000000,0x000000008038f628,0x0000000085300000)
 Metaspace       used 17130K, capacity 17388K, committed 17664K, reserved 1064960K
  class space    used 1802K, capacity 1923K, committed 2048K, reserved 1048576K
}
Event: 3.474 GC heap before
{Heap before GC invocations=6 (full 0):
 PSYoungGen      total 68608K, used 68594K [0x00000000d5580000, 0x00000000de180000, 0x0000000100000000)
  eden space 63488K, 100% used [0x00000000d5580000,0x00000000d9380000,0x00000000d9380000)
  from space 5120K, 99% used [0x00000000d9380000,0x00000000d987c950,0x00000000d9880000)
  to   space 8192K, 0% used [0x00000000dd980000,0x00000000dd980000,0x00000000de180000)
 ParOldGen       total 84992K, used 3645K [0x0000000080000000, 0x0000000085300000, 0x00000000d5580000)
  object space 84992K, 4% used [0x0000000080000000,0x000000008038f628,0x0000000085300000)
 Metaspace       used 20738K, capacity 20958K, committed 21296K, reserved 1069056K
  class space    used 2292K, capacity 2389K, committed 2432K, reserved 1048576K
Event: 3.484 GC heap after
Heap after GC invocations=6 (full 0):
 PSYoungGen      total 133632K, used 8189K [0x00000000d5580000, 0x00000000de480000, 0x0000000100000000)
  eden space 125440K, 0% used [0x00000000d5580000,0x00000000d5580000,0x00000000dd000000)
  from space 8192K, 99% used [0x00000000dd980000,0x00000000de17f700,0x00000000de180000)
  to   space 9728K, 0% used [0x00000000dd000000,0x00000000dd000000,0x00000000dd980000)
 ParOldGen       total 84992K, used 4175K [0x0000000080000000, 0x0000000085300000, 0x00000000d5580000)
  object space 84992K, 4% used [0x0000000080000000,0x0000000080413c10,0x0000000085300000)
 Metaspace       used 20738K, capacity 20958K, committed 21296K, reserved 1069056K
  class space    used 2292K, capacity 2389K, committed 2432K, reserved 1048576K
}
Event: 3.533 GC heap before
{Heap before GC invocations=7 (full 0):
 PSYoungGen      total 133632K, used 18189K [0x00000000d5580000, 0x00000000de480000, 0x0000000100000000)
  eden space 125440K, 7% used [0x00000000d5580000,0x00000000d5f44060,0x00000000dd000000)
  from space 8192K, 99% used [0x00000000dd980000,0x00000000de17f700,0x00000000de180000)
  to   space 9728K, 0% used [0x00000000dd000000,0x00000000dd000000,0x00000000dd980000)
 ParOldGen       total 84992K, used 4175K [0x0000000080000000, 0x0000000085300000, 0x00000000d5580000)
  object space 84992K, 4% used [0x0000000080000000,0x0000000080413c10,0x0000000085300000)
 Metaspace       used 20826K, capacity 21034K, committed 21296K, reserved 1069056K
  class space    used 2294K, capacity 2393K, committed 2432K, reserved 1048576K
Event: 3.541 GC heap after
Heap after GC invocations=7 (full 0):
 PSYoungGen      total 135168K, used 3568K [0x00000000d5580000, 0x00000000e5d80000, 0x0000000100000000)
  eden space 125440K, 0% used [0x00000000d5580000,0x00000000d5580000,0x00000000dd000000)
  from space 9728K, 36% used [0x00000000dd000000,0x00000000dd37c010,0x00000000dd980000)
  to   space 9728K, 0% used [0x00000000e5400000,0x00000000e5400000,0x00000000e5d80000)
 ParOldGen       total 84992K, used 7399K [0x0000000080000000, 0x0000000085300000, 0x00000000d5580000)
  object space 84992K, 8% used [0x0000000080000000,0x0000000080739d20,0x0000000085300000)
 Metaspace       used 20826K, capacity 21034K, committed 21296K, reserved 1069056K
  class space    used 2294K, capacity 2393K, committed 2432K, reserved 1048576K
}
Event: 3.541 GC heap before
{Heap before GC invocations=8 (full 1):
 PSYoungGen      total 135168K, used 3568K [0x00000000d5580000, 0x00000000e5d80000, 0x0000000100000000)
  eden space 125440K, 0% used [0x00000000d5580000,0x00000000d5580000,0x00000000dd000000)
  from space 9728K, 36% used [0x00000000dd000000,0x00000000dd37c010,0x00000000dd980000)
  to   space 9728K, 0% used [0x00000000e5400000,0x00000000e5400000,0x00000000e5d80000)
 ParOldGen       total 84992K, used 7399K [0x0000000080000000, 0x0000000085300000, 0x00000000d5580000)
  object space 84992K, 8% used [0x0000000080000000,0x0000000080739d20,0x0000000085300000)
 Metaspace       used 20826K, capacity 21034K, committed 21296K, reserved 1069056K
  class space    used 2294K, capacity 2393K, committed 2432K, reserved 1048576K
Event: 3.588 GC heap after
Heap after GC invocations=8 (full 1):
 PSYoungGen      total 135168K, used 0K [0x00000000d5580000, 0x00000000e5d80000, 0x0000000100000000)
  eden space 125440K, 0% used [0x00000000d5580000,0x00000000d5580000,0x00000000dd000000)
  from space 9728K, 0% used [0x00000000dd000000,0x00000000dd000000,0x00000000dd980000)
  to   space 9728K, 0% used [0x00000000e5400000,0x00000000e5400000,0x00000000e5d80000)
 ParOldGen       total 50176K, used 8174K [0x0000000080000000, 0x0000000083100000, 0x00000000d5580000)
  object space 50176K, 16% used [0x0000000080000000,0x00000000807fb8c0,0x0000000083100000)
 Metaspace       used 20826K, capacity 21034K, committed 21296K, reserved 1069056K
  class space    used 2294K, capacity 2393K, committed 2432K, reserved 1048576K
}
Event: 4.234 GC heap before
{Heap before GC invocations=9 (full 1):
 PSYoungGen      total 135168K, used 125440K [0x00000000d5580000, 0x00000000e5d80000, 0x0000000100000000)
  eden space 125440K, 100% used [0x00000000d5580000,0x00000000dd000000,0x00000000dd000000)
  from space 9728K, 0% used [0x00000000dd000000,0x00000000dd000000,0x00000000dd980000)
  to   space 9728K, 0% used [0x00000000e5400000,0x00000000e5400000,0x00000000e5d80000)
 ParOldGen       total 50176K, used 8174K [0x0000000080000000, 0x0000000083100000, 0x00000000d5580000)
  object space 50176K, 16% used [0x0000000080000000,0x00000000807fb8c0,0x0000000083100000)
 Metaspace       used 22861K, capacity 23216K, committed 23424K, reserved 1071104K
  class space    used 2514K, capacity 2645K, committed 2688K, reserved 1048576K
Event: 4.247 GC heap after
Heap after GC invocations=9 (full 1):
 PSYoungGen      total 228352K, used 5143K [0x00000000d5580000, 0x00000000e5980000, 0x0000000100000000)
  eden space 222720K, 0% used [0x00000000d5580000,0x00000000d5580000,0x00000000e2f00000)
  from space 5632K, 91% used [0x00000000e5400000,0x00000000e5905e78,0x00000000e5980000)
  to   space 9216K, 0% used [0x00000000e4780000,0x00000000e4780000,0x00000000e5080000)
 ParOldGen       total 50176K, used 8182K [0x0000000080000000, 0x0000000083100000, 0x00000000d5580000)
  object space 50176K, 16% used [0x0000000080000000,0x00000000807fd8c0,0x0000000083100000)
 Metaspace       used 22861K, capacity 23216K, committed 23424K, reserved 1071104K
  class space    used 2514K, capacity 2645K, committed 2688K, reserved 1048576K
}

Deoptimization events (10 events):
Event: 6.441 Thread 0x0000014d5d6d1000 Uncommon trap: reason=class_check action=maybe_recompile pc=0x0000014d5fd3534c method=java.util.HashSet.contains(Ljava/lang/Object;)Z @ 5
Event: 9.959 Thread 0x0000014d5d6d1000 Uncommon trap: reason=class_check action=maybe_recompile pc=0x0000014d5fe1dec4 method=org.openqa.selenium.json.Input.init()V @ 18
Event: 9.959 Thread 0x0000014d5d6d1000 Uncommon trap: reason=class_check action=maybe_recompile pc=0x0000014d5fe1dec4 method=org.openqa.selenium.json.Input.init()V @ 18
Event: 9.959 Thread 0x0000014d5d6d1000 Uncommon trap: reason=class_check action=maybe_recompile pc=0x0000014d5fe1dec4 method=org.openqa.selenium.json.Input.init()V @ 18
Event: 9.959 Thread 0x0000014d5d6d1000 Uncommon trap: reason=class_check action=maybe_recompile pc=0x0000014d5fe1dec4 method=org.openqa.selenium.json.Input.init()V @ 18
Event: 10.141 Thread 0x0000014d5d6d1000 Uncommon trap: reason=bimorphic action=maybe_recompile pc=0x0000014d5fa7c7e0 method=java.util.HashMap.putVal(ILjava/lang/Object;Ljava/lang/Object;ZZ)Ljava/lang/Object; @ 203
Event: 10.144 Thread 0x0000014d5d6d1000 Uncommon trap: reason=bimorphic action=maybe_recompile pc=0x0000014d5fa7c7e0 method=java.util.HashMap.putVal(ILjava/lang/Object;Ljava/lang/Object;ZZ)Ljava/lang/Object; @ 203
Event: 10.144 Thread 0x0000014d5d6d1000 Uncommon trap: reason=bimorphic action=maybe_recompile pc=0x0000014d5fa7c7e0 method=java.util.HashMap.putVal(ILjava/lang/Object;Ljava/lang/Object;ZZ)Ljava/lang/Object; @ 203
Event: 10.462 Thread 0x0000014d5d6d1000 Uncommon trap: reason=unstable_if action=reinterpret pc=0x0000014d5fbcc548 method=groovy.lang.MetaClassImpl.checkIfStdMethod(Lgroovy/lang/MetaMethod;)V @ 9
Event: 11.128 Thread 0x0000014d5d6d1000 Uncommon trap: reason=unstable_if action=reinterpret pc=0x0000014d5fdbe1a8 method=java.net.URL.<init>(Ljava/net/URL;Ljava/lang/String;Ljava/net/URLStreamHandler;)V @ 441

Classes redefined (0 events):
No events

Internal exceptions (10 events):
Event: 10.871 Thread 0x0000014d5d6d1000 Exception <a 'java/lang/ClassNotFoundException': Script3Customizer> (0x00000000de52d758) thrown at [C:\jenkins\workspace\zulu-platform-build\zulu-src.git\hotspot\src\share\vm\classfile\systemDictionary.cpp, line 220]
Event: 10.961 Thread 0x0000014d5d6d1000 Exception <a 'java/lang/ClassNotFoundException': Script4BeanInfo> (0x00000000de7635f0) thrown at [C:\jenkins\workspace\zulu-platform-build\zulu-src.git\hotspot\src\share\vm\classfile\systemDictionary.cpp, line 220]
Event: 10.966 Thread 0x0000014d5d6d1000 Exception <a 'java/lang/ClassNotFoundException': Script4Customizer> (0x00000000de7e6d20) thrown at [C:\jenkins\workspace\zulu-platform-build\zulu-src.git\hotspot\src\share\vm\classfile\systemDictionary.cpp, line 220]
Event: 10.990 Thread 0x0000014d5d6d1000 Exception <a 'java/lang/ClassNotFoundException': Script5BeanInfo> (0x00000000de8fb698) thrown at [C:\jenkins\workspace\zulu-platform-build\zulu-src.git\hotspot\src\share\vm\classfile\systemDictionary.cpp, line 220]
Event: 11.001 Thread 0x0000014d5d6d1000 Exception <a 'java/lang/ClassNotFoundException': Script5Customizer> (0x00000000de97edc8) thrown at [C:\jenkins\workspace\zulu-platform-build\zulu-src.git\hotspot\src\share\vm\classfile\systemDictionary.cpp, line 220]
Event: 11.012 Thread 0x0000014d5d6d1000 Exception <a 'java/lang/ClassNotFoundException': Script6BeanInfo> (0x00000000dea93560) thrown at [C:\jenkins\workspace\zulu-platform-build\zulu-src.git\hotspot\src\share\vm\classfile\systemDictionary.cpp, line 220]
Event: 11.017 Thread 0x0000014d5d6d1000 Exception <a 'java/lang/ClassNotFoundException': Script6Customizer> (0x00000000deb16c90) thrown at [C:\jenkins\workspace\zulu-platform-build\zulu-src.git\hotspot\src\share\vm\classfile\systemDictionary.cpp, line 220]
Event: 11.066 Thread 0x0000014d5d6d1000 Exception <a 'java/lang/ClassNotFoundException': com/kms/katalon/core/webui/keyword/builtin/NavigateToUrlKeywordBeanInfo> (0x00000000ded78ce0) thrown at [C:\jenkins\workspace\zulu-platform-build\zulu-src.git\hotspot\src\share\vm\classfile\systemDictionary
Event: 11.070 Thread 0x0000014d5d6d1000 Exception <a 'java/lang/ClassNotFoundException': com/kms/katalon/core/webui/keyword/builtin/NavigateToUrlKeywordCustomizer> (0x00000000dee17c80) thrown at [C:\jenkins\workspace\zulu-platform-build\zulu-src.git\hotspot\src\share\vm\classfile\systemDictiona
Event: 11.144 Thread 0x0000014d5d6d1000 Exception <a 'java/net/SocketTimeoutException': Read timed out> (0x00000000def966c8) thrown at [C:\jenkins\workspace\zulu-platform-build\zulu-src.git\hotspot\src\share\vm\prims\jni.cpp, line 736]

Events (10 events):
Event: 11.128 Thread 0x0000014d5d6d1000 Uncommon trap: trap_request=0xffffff65 fr.pc=0x0000014d5fdbe1a8
Event: 11.128 Thread 0x0000014d5d6d1000 DEOPT PACKING pc=0x0000014d5fdbe1a8 sp=0x0000000b0d7fcf40
Event: 11.128 Thread 0x0000014d5d6d1000 DEOPT UNPACKING pc=0x0000014d5f365683 sp=0x0000000b0d7fcf18 mode 2
Event: 11.146 Executing VM operation: RevokeBias
Event: 11.146 Executing VM operation: RevokeBias done
Event: 11.146 Executing VM operation: RevokeBias
Event: 11.146 Executing VM operation: RevokeBias done
Event: 11.146 Executing VM operation: RevokeBias
Event: 11.148 Executing VM operation: RevokeBias done
Event: 11.148 Thread 0x0000014d79537800 Thread exited: 0x0000014d79537800


Dynamic libraries:
0x00007ff7bfaa0000 - 0x00007ff7bfaf1000 	C:\Users\roshnig\.katalon\packages\Katalon_Studio_Windows_64-8.6.8\Katalon_Studio_Windows_64-8.6.8\jre\bin\javaw.exe
0x00007ff9e3b30000 - 0x00007ff9e3d47000 	C:\WINDOWS\SYSTEM32\ntdll.dll
0x00007ff9e1f10000 - 0x00007ff9e1fd4000 	C:\WINDOWS\System32\KERNEL32.dll
0x00007ff9e0920000 - 0x00007ff9e0a3b000 	C:\Windows\system32\hmpalert.dll
0x00007ff9e10e0000 - 0x00007ff9e1486000 	C:\WINDOWS\System32\KERNELBASE.dll
0x00007ff9e3850000 - 0x00007ff9e3903000 	C:\WINDOWS\System32\ADVAPI32.dll
0x00007ff9e3670000 - 0x00007ff9e3717000 	C:\WINDOWS\System32\msvcrt.dll
0x00007ff9e3790000 - 0x00007ff9e3838000 	C:\WINDOWS\System32\sechost.dll
0x00007ff9e1490000 - 0x00007ff9e14b8000 	C:\WINDOWS\System32\bcrypt.dll
0x00007ff9e2970000 - 0x00007ff9e2a87000 	C:\WINDOWS\System32\RPCRT4.dll
0x00007ff9e3270000 - 0x00007ff9e341e000 	C:\WINDOWS\System32\USER32.dll
0x00007ff9e0f90000 - 0x00007ff9e0fb6000 	C:\WINDOWS\System32\win32u.dll
0x00007ff9e2840000 - 0x00007ff9e2869000 	C:\WINDOWS\System32\GDI32.dll
0x00007ff9e16f0000 - 0x00007ff9e1808000 	C:\WINDOWS\System32\gdi32full.dll
0x00007ff9e0e70000 - 0x00007ff9e0f0a000 	C:\WINDOWS\System32\msvcp_win.dll
0x00007ff9e0fc0000 - 0x00007ff9e10d1000 	C:\WINDOWS\System32\ucrtbase.dll
0x00007ff9c8080000 - 0x00007ff9c8313000 	C:\WINDOWS\WinSxS\amd64_microsoft.windows.common-controls_6595b64144ccf1df_6.0.22621.2506_none_270c5ae97388e100\COMCTL32.dll
0x00007ff9e2c70000 - 0x00007ff9e2ca1000 	C:\WINDOWS\System32\IMM32.DLL
0x00007ff9d4a30000 - 0x00007ff9d4a45000 	C:\Users\roshnig\.katalon\packages\Katalon_Studio_Windows_64-8.6.8\Katalon_Studio_Windows_64-8.6.8\jre\bin\vcruntime140.dll
0x00007ff99e3e0000 - 0x00007ff99e47b000 	C:\Users\roshnig\.katalon\packages\Katalon_Studio_Windows_64-8.6.8\Katalon_Studio_Windows_64-8.6.8\jre\bin\msvcp140.dll
0x00000000544b0000 - 0x0000000054d20000 	C:\Users\roshnig\.katalon\packages\Katalon_Studio_Windows_64-8.6.8\Katalon_Studio_Windows_64-8.6.8\jre\bin\server\jvm.dll
0x00007ff9e1db0000 - 0x00007ff9e1db8000 	C:\WINDOWS\System32\PSAPI.DLL
0x00007ff9d4220000 - 0x00007ff9d4254000 	C:\WINDOWS\SYSTEM32\WINMM.dll
0x00007ff9d9830000 - 0x00007ff9d9839000 	C:\WINDOWS\SYSTEM32\WSOCK32.dll
0x00007ff9e31e0000 - 0x00007ff9e3251000 	C:\WINDOWS\System32\WS2_32.dll
0x00007ff9d26c0000 - 0x00007ff9d26ca000 	C:\WINDOWS\SYSTEM32\VERSION.dll
0x00007ff9dfd40000 - 0x00007ff9dfd58000 	C:\WINDOWS\SYSTEM32\kernel.appcore.dll
0x00007ff9d9820000 - 0x00007ff9d9830000 	C:\Users\roshnig\.katalon\packages\Katalon_Studio_Windows_64-8.6.8\Katalon_Studio_Windows_64-8.6.8\jre\bin\verify.dll
0x00007ff9d1f20000 - 0x00007ff9d1f4b000 	C:\Users\roshnig\.katalon\packages\Katalon_Studio_Windows_64-8.6.8\Katalon_Studio_Windows_64-8.6.8\jre\bin\java.dll
0x00007ff9d1f00000 - 0x00007ff9d1f18000 	C:\Users\roshnig\.katalon\packages\Katalon_Studio_Windows_64-8.6.8\Katalon_Studio_Windows_64-8.6.8\jre\bin\zip.dll
0x00007ff9e1fe0000 - 0x00007ff9e283a000 	C:\WINDOWS\System32\SHELL32.dll
0x00007ff9dea70000 - 0x00007ff9df366000 	C:\WINDOWS\SYSTEM32\windows.storage.dll
0x00007ff9e1a20000 - 0x00007ff9e1da9000 	C:\WINDOWS\System32\combase.dll
0x00007ff9de930000 - 0x00007ff9dea6e000 	C:\WINDOWS\SYSTEM32\wintypes.dll
0x00007ff9e3470000 - 0x00007ff9e3563000 	C:\WINDOWS\System32\SHCORE.dll
0x00007ff9e3a00000 - 0x00007ff9e3a5e000 	C:\WINDOWS\System32\shlwapi.dll
0x00007ff9e0da0000 - 0x00007ff9e0dc6000 	C:\WINDOWS\SYSTEM32\profapi.dll
0x00007ff9d1ee0000 - 0x00007ff9d1efc000 	C:\Users\roshnig\.katalon\packages\Katalon_Studio_Windows_64-8.6.8\Katalon_Studio_Windows_64-8.6.8\jre\bin\net.dll
0x00007ff9e01b0000 - 0x00007ff9e0219000 	C:\WINDOWS\system32\mswsock.dll
0x00007ff9d1ec0000 - 0x00007ff9d1ed3000 	C:\Users\roshnig\.katalon\packages\Katalon_Studio_Windows_64-8.6.8\Katalon_Studio_Windows_64-8.6.8\jre\bin\nio.dll
0x00007ff9df5f0000 - 0x00007ff9df6e9000 	C:\WINDOWS\SYSTEM32\DNSAPI.dll
0x00007ff9df5c0000 - 0x00007ff9df5ed000 	C:\WINDOWS\SYSTEM32\IPHLPAPI.DLL
0x00007ff9e3260000 - 0x00007ff9e3269000 	C:\WINDOWS\System32\NSI.dll
0x00007ff9d40f0000 - 0x00007ff9d40fa000 	C:\Windows\System32\rasadhlp.dll
0x00007ff9d73b0000 - 0x00007ff9d7433000 	C:\WINDOWS\System32\fwpuclnt.dll
0x00007ff9a0fc0000 - 0x00007ff9a0fe4000 	C:\Users\roshnig\.katalon\packages\Katalon_Studio_Windows_64-8.6.8\Katalon_Studio_Windows_64-8.6.8\jre\bin\sunec.dll
0x00007ff9d1e20000 - 0x00007ff9d1e2d000 	C:\Users\roshnig\.katalon\packages\Katalon_Studio_Windows_64-8.6.8\Katalon_Studio_Windows_64-8.6.8\jre\bin\sunmscapi.dll
0x00007ff9e1580000 - 0x00007ff9e16e6000 	C:\WINDOWS\System32\CRYPT32.dll
0x00007ff9e0540000 - 0x00007ff9e056e000 	C:\WINDOWS\SYSTEM32\ncrypt.dll
0x00007ff9e0500000 - 0x00007ff9e0537000 	C:\WINDOWS\SYSTEM32\NTASN1.dll
0x00007ff9e0890000 - 0x00007ff9e08ab000 	C:\WINDOWS\SYSTEM32\CRYPTSP.dll
0x00007ff9dfca0000 - 0x00007ff9dfcd5000 	C:\WINDOWS\system32\rsaenh.dll
0x00007ff9e0250000 - 0x00007ff9e027c000 	C:\WINDOWS\SYSTEM32\USERENV.dll
0x00007ff9e0f10000 - 0x00007ff9e0f8a000 	C:\WINDOWS\System32\bcryptprimitives.dll
0x00007ff9e04f0000 - 0x00007ff9e04fc000 	C:\WINDOWS\SYSTEM32\CRYPTBASE.dll
0x00007ff9d7fa0000 - 0x00007ff9d7fb9000 	C:\WINDOWS\SYSTEM32\dhcpcsvc6.DLL
0x00007ff9d6ad0000 - 0x00007ff9d6aef000 	C:\WINDOWS\SYSTEM32\dhcpcsvc.DLL

VM Arguments:
jvm_args: -Dgroovy.home=C:\Users\roshnig/.groovy -Djava.system.class.loader=groovy.lang.GroovyClassLoader -Xmx2048m -Dfile.encoding=UTF-8 
java_command: org.codehaus.groovy.tools.GroovyStarter --classpath C:\Users\roshnig\git\KATALON_AutomationPOC\bin\keyword;C:\Users\roshnig\git\KATALON_AutomationPOC\Keywords;C:\Users\roshnig\git\KATALON_AutomationPOC\bin\listener;C:\Users\roshnig\git\KATALON_AutomationPOC\Test Listeners;C:\Users\roshnig\git\KATALON_AutomationPOC\bin\lib;C:\Users\roshnig\git\KATALON_AutomationPOC\Libs;C:\Users\roshnig\git\KATALON_AutomationPOC\bin\groovy;C:\Users\roshnig\git\KATALON_AutomationPOC\Include\scripts\groovy;C:\Users\roshnig\.katalon\packages\Katalon_Studio_Windows_64-8.6.8\Katalon_Studio_Windows_64-8.6.8\plugins\com.kms.katalon.core_1.0.0.202309060301.jar;C:\Users\roshnig\.katalon\packages\Katalon_Studio_Windows_64-8.6.8\Katalon_Studio_Windows_64-8.6.8\configuration\resources\lib\aalto-xml-1.0.0.jar;C:\Users\roshnig\.katalon\packages\Katalon_Studio_Windows_64-8.6.8\Katalon_Studio_Windows_64-8.6.8\configuration\resources\lib\aspectjweaver-1.9.1.jar;C:\Users\roshnig\.katalon\packages\Katalon_Studio_Windows_64-8.6.8\Katalon_Studio_Windows_64-8.6.8\configuration\resources\lib\bcpkix-jdk15on-1.64.jar;C:\Users\roshnig\.katalon\packages\Katalon_Studio_Windows_64-8.6.8\Katalon_Studio_Windows_64-8.6.8\configuration\resources\lib\bcprov-jdk15on-1.64.jar;C:\Users\roshnig\.katalon\packages\Katalon_Studio_Windows_64-8.6.8\Katalon_Studio_Windows_64-8.6.8\configuration\resources\lib\browsermob-core-2.1.5.jar;C:\Users\roshnig\.katalon\packages\Katalon_Studio_Windows_64-8.6.8\Katalon_Studio_Windows_64-8.6.8\configuration\resources\lib\cglib-3.2.10.jar;C:\Users\roshnig\.katalon\packages\Katalon_Studio_Windows_64-8.6.8\Katalon_Studio_Windows_64-8.6.8\configuration\resources\lib\commons-codec-1.10.jar;C:\Users\roshnig\.katalon\packages\Katalon_Studio_Windows_64-8.6.8\Katalon_Studio_Windows_64-8.6.8\configuration\resources\lib\commons-collections4-4.1.jar;C:\Users\roshnig\.katalon\packages\Katalon_Studio_Windows_64-8.6.8\Katalon_Studio_Windows_64-8.6.8\configuration\resources\lib\commons-val
java_class_path (initial): C:\Users\roshnig\git\KATALON_AutomationPOC\bin\keyword;C:\Users\roshnig\git\KATALON_AutomationPOC\bin\listener;C:\Users\roshnig\git\KATALON_AutomationPOC\bin\lib;C:\Users\roshnig\git\KATALON_AutomationPOC\bin\groovy;C:\Users\roshnig\git\KATALON_AutomationPOC\bin;C:\Users\roshnig\.katalon\packages\Katalon_Studio_Windows_64-8.6.8\Katalon_Studio_Windows_64-8.6.8\plugins\com.kms.katalon.core_1.0.0.202309060301.jar;C:\Users\roshnig\.katalon\packages\Katalon_Studio_Windows_64-8.6.8\Katalon_Studio_Windows_64-8.6.8\configuration\resources\lib\aalto-xml-1.0.0.jar;C:\Users\roshnig\.katalon\packages\Katalon_Studio_Windows_64-8.6.8\Katalon_Studio_Windows_64-8.6.8\configuration\resources\lib\aspectjweaver-1.9.1.jar;C:\Users\roshnig\.katalon\packages\Katalon_Studio_Windows_64-8.6.8\Katalon_Studio_Windows_64-8.6.8\configuration\resources\lib\bcpkix-jdk15on-1.64.jar;C:\Users\roshnig\.katalon\packages\Katalon_Studio_Windows_64-8.6.8\Katalon_Studio_Windows_64-8.6.8\configuration\resources\lib\bcprov-jdk15on-1.64.jar;C:\Users\roshnig\.katalon\packages\Katalon_Studio_Windows_64-8.6.8\Katalon_Studio_Windows_64-8.6.8\configuration\resources\lib\browsermob-core-2.1.5.jar;C:\Users\roshnig\.katalon\packages\Katalon_Studio_Windows_64-8.6.8\Katalon_Studio_Windows_64-8.6.8\configuration\resources\lib\cglib-3.2.10.jar;C:\Users\roshnig\.katalon\packages\Katalon_Studio_Windows_64-8.6.8\Katalon_Studio_Windows_64-8.6.8\configuration\resources\lib\commons-codec-1.10.jar;C:\Users\roshnig\.katalon\packages\Katalon_Studio_Windows_64-8.6.8\Katalon_Studio_Windows_64-8.6.8\configuration\resources\lib\commons-collections4-4.1.jar;C:\Users\roshnig\.katalon\packages\Katalon_Studio_Windows_64-8.6.8\Katalon_Studio_Windows_64-8.6.8\configuration\resources\lib\commons-validator-1.6.jar;C:\Users\roshnig\.katalon\packages\Katalon_Studio_Windows_64-8.6.8\Katalon_Studio_Windows_64-8.6.8\configuration\resources\lib\curvesapi-1.04.jar;C:\Users\roshnig\.katalon\packages\Katalon_Studio_Windo
Launcher Type: SUN_STANDARD

Environment Variables:
PATH=C:/Users/roshnig/.katalon/packages/Katalon_Studio_Windows_64-8.6.8/Katalon_Studio_Windows_64-8.6.8/jre/bin/server;C:/Users/roshnig/.katalon/packages/Katalon_Studio_Windows_64-8.6.8/Katalon_Studio_Windows_64-8.6.8/jre/bin;C:/Users/roshnig/.katalon/packages/Katalon_Studio_Windows_64-8.6.8/Katalon_Studio_Windows_64-8.6.8/jre/lib/amd64;C:\Program Files (x86)\Common Files\Oracle\Java\javapath;C:\WINDOWS\system32;C:\WINDOWS;C:\WINDOWS\System32\Wbem;C:\WINDOWS\System32\WindowsPowerShell\v1.0\;C:\WINDOWS\System32\OpenSSH\;C:\Program Files\nodejs\;C:\Program Files\Git\cmd;C:\Program Files\Git\bin;C:\Program Files\nodejs\node_modules\npm\bin;C:\Users\roshnig\AppData\Local\Microsoft\WindowsApps;C:\Users\roshnig\AppData\Local\Programs\Microsoft VS Code\bin;C:\Users\roshnig\AppData\Local\Programs\Git\cmd;C:\Users\roshnig\AppData\Roaming\npm;C:\Users\roshnig\.katalon\packages\Katalon_Studio_Windows_64-8.6.8\Katalon_Studio_Windows_64-8.6.8;
USERNAME=roshnig
OS=Windows_NT
PROCESSOR_IDENTIFIER=Intel64 Family 6 Model 140 Stepping 1, GenuineIntel



---------------  S Y S T E M  ---------------

OS: Windows 11 , 64 bit Build 22621 (10.0.22621.2506)
HyperV virtualization detected

CPU:total 4 (initial active 4) (2 cores per cpu, 2 threads per core) family 6 model 140 stepping 1, cmov, cx8, fxsr, mmx, sse, sse2, sse3, ssse3, sse4.1, sse4.2, popcnt, avx, avx2, aes, clmul, erms, 3dnowpref, lzcnt, ht, tsc, tscinvbit, bmi1, bmi2, adx

Memory: 4k page, physical 8022688k(285760k free), swap 16239264k(4136k free)

vm_info: OpenJDK 64-Bit Server VM (25.362-b09) for windows-amd64 JRE (Zulu 8.68.0.21-CA-win64) (1.8.0_362-b09), built on Jan 19 2023 16:49:02 by "tester" with MS VC++ 15.9 (VS2017)

time: Tue Jan 30 21:34:04 2024
timezone: India Standard Time
elapsed time: 11.373594 seconds (0d 0h 0m 11s)

