#
# There is insufficient memory for the Java Runtime Environment to continue.
# Native memory allocation (malloc) failed to allocate 452336 bytes for Chunk::new
# Possible reasons:
#   The system is out of physical RAM or swap space
#   The process is running with CompressedOops enabled, and the Java Heap may be blocking the growth of the native heap
# Possible solutions:
#   Reduce memory load on the system
#   Increase physical memory or swap space
#   Check if swap backing store is full
#   Decrease Java heap size (-Xmx/-Xms)
#   Decrease number of Java threads
#   Decrease Java thread stack sizes (-Xss)
#   Set larger code cache with -XX:ReservedCodeCacheSize=
#   JVM is running with Unscaled Compressed Oops mode in which the Java heap is
#     placed in the first 4GB address space. The Java Heap base address is the
#     maximum limit for the native heap growth. Please use -XX:HeapBaseMinAddress
#     to set the Java Heap base and to place the Java Heap above 4GB virtual address.
# This output file may be truncated or incomplete.
#
#  Out of Memory Error (allocation.cpp:389), pid=18688, tid=0x0000000000001510
#
# JRE version: OpenJDK Runtime Environment (Zulu 8.68.0.21-CA-win64) (8.0_362-b09) (build 1.8.0_362-b09)
# Java VM: OpenJDK 64-Bit Server VM (25.362-b09 mixed mode windows-amd64 compressed oops)
# Failed to write core dump. Minidumps are not enabled by default on client versions of Windows
#

---------------  T H R E A D  ---------------

Current thread (0x000001ab3c9f6800):  JavaThread "C2 CompilerThread1" daemon [_thread_in_native, id=5392, stack(0x000000a610c00000,0x000000a610d00000)]

Stack: [0x000000a610c00000,0x000000a610d00000]
[error occurred during error reporting (printing stack bounds), id 0xc0000005]

Native frames: (J=compiled Java code, j=interpreted, Vv=VM code, C=native code)


Current CompileTask:
C2:  22339 3265  s!   4       sun.misc.URLClassPath::getLoader (243 bytes)


---------------  P R O C E S S  ---------------

Java Threads: ( => current thread )
  0x000001ab3f32b800 JavaThread "Okio Watchdog" daemon [_thread_blocked, id=13240, stack(0x000000a611800000,0x000000a611900000)]
  0x000001ab3ec88000 JavaThread "OkHttp ConnectionPool" daemon [_thread_blocked, id=19444, stack(0x000000a611700000,0x000000a611800000)]
  0x000001ab3ebb4000 JavaThread "Exec Stream Pumper" daemon [_thread_in_native, id=13004, stack(0x000000a611300000,0x000000a611400000)]
  0x000001ab3ee0f000 JavaThread "Exec Stream Pumper" daemon [_thread_in_native, id=2784, stack(0x000000a611200000,0x000000a611300000)]
  0x000001ab40bbe800 JavaThread "Exec Default Executor" daemon [_thread_in_native, id=5080, stack(0x000000a611000000,0x000000a611100000)]
  0x000001ab3cab5800 JavaThread "Service Thread" daemon [_thread_blocked, id=9236, stack(0x000000a610e00000,0x000000a610f00000)]
  0x000001ab3ca30800 JavaThread "C1 CompilerThread2" daemon [_thread_blocked, id=17288, stack(0x000000a610d00000,0x000000a610e00000)]
=>0x000001ab3c9f6800 JavaThread "C2 CompilerThread1" daemon [_thread_in_native, id=5392, stack(0x000000a610c00000,0x000000a610d00000)]
  0x000001ab3c9f5800 JavaThread "C2 CompilerThread0" daemon [_thread_blocked, id=11136, stack(0x000000a610b00000,0x000000a610c00000)]
  0x000001ab3c9ea800 JavaThread "Attach Listener" daemon [_thread_blocked, id=13320, stack(0x000000a610a00000,0x000000a610b00000)]
  0x000001ab3c9e9800 JavaThread "Signal Dispatcher" daemon [_thread_blocked, id=2956, stack(0x000000a610900000,0x000000a610a00000)]
  0x000001ab3b64f800 JavaThread "Finalizer" daemon [_thread_blocked, id=17440, stack(0x000000a610800000,0x000000a610900000)]
  0x000001ab3b649000 JavaThread "Reference Handler" daemon [_thread_blocked, id=16952, stack(0x000000a610700000,0x000000a610800000)]
  0x000001ab25000000 JavaThread "main" [_thread_in_native, id=12504, stack(0x000000a610100000,0x000000a610200000)]

Other Threads:
  0x000001ab3b620800 VMThread [stack: 0x000000a610600000,0x000000a610700000] [id=3268]
  0x000001ab3ca37000 WatcherThread [stack: 0x000000a610f00000,0x000000a611000000] [id=17768]

VM state:not at safepoint (normal execution)

VM Mutex/Monitor currently owned by a thread: None

heap address: 0x0000000080000000, size: 2048 MB, Compressed Oops mode: 32-bit
Narrow klass base: 0x0000000000000000, Narrow klass shift: 3
Compressed class space size: 1073741824 Address: 0x0000000100000000

Heap:
 PSYoungGen      total 199168K, used 131744K [0x00000000d5580000, 0x00000000e2600000, 0x0000000100000000)
  eden space 191488K, 64% used [0x00000000d5580000,0x00000000dceab038,0x00000000e1080000)
  from space 7680K, 99% used [0x00000000e1a80000,0x00000000e21fd060,0x00000000e2200000)
  to   space 10240K, 0% used [0x00000000e1080000,0x00000000e1080000,0x00000000e1a80000)
 ParOldGen       total 44032K, used 12479K [0x0000000080000000, 0x0000000082b00000, 0x00000000d5580000)
  object space 44032K, 28% used [0x0000000080000000,0x0000000080c2fe90,0x0000000082b00000)
 Metaspace       used 31382K, capacity 32250K, committed 32384K, reserved 1077248K
  class space    used 3716K, capacity 3963K, committed 3968K, reserved 1048576K

Card table byte_map: [0x000001ab36090000,0x000001ab364a0000] byte_map_base: 0x000001ab35c90000

Marking Bits: (ParMarkBitMap*) 0x0000000054b15390
 Begin Bits: [0x000001ab36750000, 0x000001ab38750000)
 End Bits:   [0x000001ab38750000, 0x000001ab3a750000)

Polling page: 0x000001ab25150000

CodeCache: size=245760Kb used=13481Kb max_used=13494Kb free=232278Kb
 bounds [0x000001ab26cd0000, 0x000001ab27a10000, 0x000001ab35cd0000]
 total_blobs=3937 nmethods=3232 adapters=615
 compilation: enabled

Compilation events (10 events):
Event: 22.302 Thread 0x000001ab3c9f5800 3268       4       groovyjarjarantlr.InputBuffer::syncConsume (48 bytes)
Event: 22.303 Thread 0x000001ab3ca30800 nmethod 3267 0x000001ab27a00990 code [0x000001ab27a00b40, 0x000001ab27a01080]
Event: 22.303 Thread 0x000001ab3c9f5800 nmethod 3268 0x000001ab279ff1d0 code [0x000001ab279ff300, 0x000001ab279ff3f8]
Event: 22.310 Thread 0x000001ab3ca30800 3269       3       sun.nio.cs.UTF_8::newDecoder (10 bytes)
Event: 22.310 Thread 0x000001ab3ca30800 nmethod 3269 0x000001ab279feb50 code [0x000001ab279fed00, 0x000001ab279ff050]
Event: 22.314 Thread 0x000001ab3c9f5800 3270  s    4       java.lang.Throwable::fillInStackTrace (29 bytes)
Event: 22.315 Thread 0x000001ab3c9f5800 nmethod 3270 0x000001ab27a025d0 code [0x000001ab27a02720, 0x000001ab27a02a28]
Event: 22.325 Thread 0x000001ab3ca30800 3271   !   3       groovy.lang.GroovyClassLoader::getClassCacheEntry (34 bytes)
Event: 22.326 Thread 0x000001ab3ca30800 nmethod 3271 0x000001ab27a01d90 code [0x000001ab27a01f20, 0x000001ab27a02410]
Event: 22.335 Thread 0x000001ab3c9f5800 3272       4       java.lang.Throwable::<init> (39 bytes)

GC Heap History (10 events):
Event: 5.622 GC heap before
{Heap before GC invocations=7 (full 0):
 PSYoungGen      total 68096K, used 68082K [0x00000000d5580000, 0x00000000da280000, 0x0000000100000000)
  eden space 61952K, 100% used [0x00000000d5580000,0x00000000d9200000,0x00000000d9200000)
  from space 6144K, 99% used [0x00000000d9980000,0x00000000d9f7c930,0x00000000d9f80000)
  to   space 7680K, 0% used [0x00000000d9200000,0x00000000d9200000,0x00000000d9980000)
 ParOldGen       total 84992K, used 2320K [0x0000000080000000, 0x0000000085300000, 0x00000000d5580000)
  object space 84992K, 2% used [0x0000000080000000,0x0000000080244108,0x0000000085300000)
 Metaspace       used 20716K, capacity 20958K, committed 21296K, reserved 1069056K
  class space    used 2290K, capacity 2389K, committed 2432K, reserved 1048576K
Event: 5.630 GC heap after
Heap after GC invocations=7 (full 0):
 PSYoungGen      total 69632K, used 6244K [0x00000000d5580000, 0x00000000ddd80000, 0x0000000100000000)
  eden space 61952K, 0% used [0x00000000d5580000,0x00000000d5580000,0x00000000d9200000)
  from space 7680K, 81% used [0x00000000d9200000,0x00000000d98191a0,0x00000000d9980000)
  to   space 7680K, 0% used [0x00000000dd600000,0x00000000dd600000,0x00000000ddd80000)
 ParOldGen       total 84992K, used 5689K [0x0000000080000000, 0x0000000085300000, 0x00000000d5580000)
  object space 84992K, 6% used [0x0000000080000000,0x000000008058e7e8,0x0000000085300000)
 Metaspace       used 20716K, capacity 20958K, committed 21296K, reserved 1069056K
  class space    used 2290K, capacity 2389K, committed 2432K, reserved 1048576K
}
Event: 5.672 GC heap before
{Heap before GC invocations=8 (full 0):
 PSYoungGen      total 69632K, used 13642K [0x00000000d5580000, 0x00000000ddd80000, 0x0000000100000000)
  eden space 61952K, 11% used [0x00000000d5580000,0x00000000d5cb9800,0x00000000d9200000)
  from space 7680K, 81% used [0x00000000d9200000,0x00000000d98191a0,0x00000000d9980000)
  to   space 7680K, 0% used [0x00000000dd600000,0x00000000dd600000,0x00000000ddd80000)
 ParOldGen       total 84992K, used 5689K [0x0000000080000000, 0x0000000085300000, 0x00000000d5580000)
  object space 84992K, 6% used [0x0000000080000000,0x000000008058e7e8,0x0000000085300000)
 Metaspace       used 20817K, capacity 21034K, committed 21296K, reserved 1069056K
  class space    used 2294K, capacity 2393K, committed 2432K, reserved 1048576K
Event: 5.750 GC heap after
Heap after GC invocations=8 (full 0):
 PSYoungGen      total 131584K, used 4064K [0x00000000d5580000, 0x00000000ddd80000, 0x0000000100000000)
  eden space 123904K, 0% used [0x00000000d5580000,0x00000000d5580000,0x00000000dce80000)
  from space 7680K, 52% used [0x00000000dd600000,0x00000000dd9f8010,0x00000000ddd80000)
  to   space 7680K, 0% used [0x00000000dce80000,0x00000000dce80000,0x00000000dd600000)
 ParOldGen       total 84992K, used 6058K [0x0000000080000000, 0x0000000085300000, 0x00000000d5580000)
  object space 84992K, 7% used [0x0000000080000000,0x00000000805ea818,0x0000000085300000)
 Metaspace       used 20817K, capacity 21034K, committed 21296K, reserved 1069056K
  class space    used 2294K, capacity 2393K, committed 2432K, reserved 1048576K
}
Event: 5.750 GC heap before
{Heap before GC invocations=9 (full 1):
 PSYoungGen      total 131584K, used 4064K [0x00000000d5580000, 0x00000000ddd80000, 0x0000000100000000)
  eden space 123904K, 0% used [0x00000000d5580000,0x00000000d5580000,0x00000000dce80000)
  from space 7680K, 52% used [0x00000000dd600000,0x00000000dd9f8010,0x00000000ddd80000)
  to   space 7680K, 0% used [0x00000000dce80000,0x00000000dce80000,0x00000000dd600000)
 ParOldGen       total 84992K, used 6058K [0x0000000080000000, 0x0000000085300000, 0x00000000d5580000)
  object space 84992K, 7% used [0x0000000080000000,0x00000000805ea818,0x0000000085300000)
 Metaspace       used 20817K, capacity 21034K, committed 21296K, reserved 1069056K
  class space    used 2294K, capacity 2393K, committed 2432K, reserved 1048576K
Event: 5.799 GC heap after
Heap after GC invocations=9 (full 1):
 PSYoungGen      total 131584K, used 0K [0x00000000d5580000, 0x00000000ddd80000, 0x0000000100000000)
  eden space 123904K, 0% used [0x00000000d5580000,0x00000000d5580000,0x00000000dce80000)
  from space 7680K, 0% used [0x00000000dd600000,0x00000000dd600000,0x00000000ddd80000)
  to   space 7680K, 0% used [0x00000000dce80000,0x00000000dce80000,0x00000000dd600000)
 ParOldGen       total 44032K, used 8140K [0x0000000080000000, 0x0000000082b00000, 0x00000000d5580000)
  object space 44032K, 18% used [0x0000000080000000,0x00000000807f3118,0x0000000082b00000)
 Metaspace       used 20817K, capacity 21034K, committed 21296K, reserved 1069056K
  class space    used 2294K, capacity 2393K, committed 2432K, reserved 1048576K
}
Event: 6.477 GC heap before
{Heap before GC invocations=10 (full 1):
 PSYoungGen      total 131584K, used 123904K [0x00000000d5580000, 0x00000000ddd80000, 0x0000000100000000)
  eden space 123904K, 100% used [0x00000000d5580000,0x00000000dce80000,0x00000000dce80000)
  from space 7680K, 0% used [0x00000000dd600000,0x00000000dd600000,0x00000000ddd80000)
  to   space 7680K, 0% used [0x00000000dce80000,0x00000000dce80000,0x00000000dd600000)
 ParOldGen       total 44032K, used 8140K [0x0000000080000000, 0x0000000082b00000, 0x00000000d5580000)
  object space 44032K, 18% used [0x0000000080000000,0x00000000807f3118,0x0000000082b00000)
 Metaspace       used 22583K, capacity 22890K, committed 23168K, reserved 1069056K
  class space    used 2459K, capacity 2601K, committed 2688K, reserved 1048576K
Event: 6.481 GC heap after
Heap after GC invocations=10 (full 1):
 PSYoungGen      total 131584K, used 4296K [0x00000000d5580000, 0x00000000e2200000, 0x0000000100000000)
  eden space 123904K, 0% used [0x00000000d5580000,0x00000000d5580000,0x00000000dce80000)
  from space 7680K, 55% used [0x00000000dce80000,0x00000000dd2b2278,0x00000000dd600000)
  to   space 7680K, 0% used [0x00000000e1a80000,0x00000000e1a80000,0x00000000e2200000)
 ParOldGen       total 44032K, used 8148K [0x0000000080000000, 0x0000000082b00000, 0x00000000d5580000)
  object space 44032K, 18% used [0x0000000080000000,0x00000000807f5118,0x0000000082b00000)
 Metaspace       used 22583K, capacity 22890K, committed 23168K, reserved 1069056K
  class space    used 2459K, capacity 2601K, committed 2688K, reserved 1048576K
}
Event: 9.395 GC heap before
{Heap before GC invocations=11 (full 1):
 PSYoungGen      total 131584K, used 128200K [0x00000000d5580000, 0x00000000e2200000, 0x0000000100000000)
  eden space 123904K, 100% used [0x00000000d5580000,0x00000000dce80000,0x00000000dce80000)
  from space 7680K, 55% used [0x00000000dce80000,0x00000000dd2b2278,0x00000000dd600000)
  to   space 7680K, 0% used [0x00000000e1a80000,0x00000000e1a80000,0x00000000e2200000)
 ParOldGen       total 44032K, used 8148K [0x0000000080000000, 0x0000000082b00000, 0x00000000d5580000)
  object space 44032K, 18% used [0x0000000080000000,0x00000000807f5118,0x0000000082b00000)
 Metaspace       used 28627K, capacity 29362K, committed 29440K, reserved 1075200K
  class space    used 3325K, capacity 3532K, committed 3584K, reserved 1048576K
Event: 9.403 GC heap after
Heap after GC invocations=11 (full 1):
 PSYoungGen      total 199168K, used 7668K [0x00000000d5580000, 0x00000000e2600000, 0x0000000100000000)
  eden space 191488K, 0% used [0x00000000d5580000,0x00000000d5580000,0x00000000e1080000)
  from space 7680K, 99% used [0x00000000e1a80000,0x00000000e21fd060,0x00000000e2200000)
  to   space 10240K, 0% used [0x00000000e1080000,0x00000000e1080000,0x00000000e1a80000)
 ParOldGen       total 44032K, used 12479K [0x0000000080000000, 0x0000000082b00000, 0x00000000d5580000)
  object space 44032K, 28% used [0x0000000080000000,0x0000000080c2fe90,0x0000000082b00000)
 Metaspace       used 28627K, capacity 29362K, committed 29440K, reserved 1075200K
  class space    used 3325K, capacity 3532K, committed 3584K, reserved 1048576K
}

Deoptimization events (10 events):
Event: 19.197 Thread 0x000001ab25000000 Uncommon trap: reason=unstable_if action=reinterpret pc=0x000001ab275fa688 method=groovy.lang.MetaClassImpl.checkIfStdMethod(Lgroovy/lang/MetaMethod;)V @ 9
Event: 19.224 Thread 0x000001ab25000000 Uncommon trap: reason=class_check action=maybe_recompile pc=0x000001ab2742c438 method=org.codehaus.groovy.antlr.UnicodeEscapingReader.read()I @ 59
Event: 19.224 Thread 0x000001ab25000000 Uncommon trap: reason=class_check action=maybe_recompile pc=0x000001ab2742c438 method=org.codehaus.groovy.antlr.UnicodeEscapingReader.read()I @ 59
Event: 19.224 Thread 0x000001ab25000000 Uncommon trap: reason=class_check action=maybe_recompile pc=0x000001ab2742c438 method=org.codehaus.groovy.antlr.UnicodeEscapingReader.read()I @ 59
Event: 19.224 Thread 0x000001ab25000000 Uncommon trap: reason=class_check action=maybe_recompile pc=0x000001ab2742c438 method=org.codehaus.groovy.antlr.UnicodeEscapingReader.read()I @ 59
Event: 19.224 Thread 0x000001ab25000000 Uncommon trap: reason=class_check action=maybe_recompile pc=0x000001ab274bcd60 method=org.codehaus.groovy.antlr.UnicodeEscapingReader.read()I @ 59
Event: 19.487 Thread 0x000001ab25000000 Uncommon trap: reason=unstable_if action=reinterpret pc=0x000001ab27966d0c method=groovyjarjarantlr.CharQueue.append(C)V @ 9
Event: 19.577 Thread 0x000001ab25000000 Uncommon trap: reason=unstable_if action=reinterpret pc=0x000001ab278adb8c method=java.net.URL.<init>(Ljava/net/URL;Ljava/lang/String;Ljava/net/URLStreamHandler;)V @ 441
Event: 22.254 Thread 0x000001ab25000000 Uncommon trap: reason=unstable_if action=reinterpret pc=0x000001ab279f51c8 method=java.util.Properties$LineReader.readLine()I @ 200
Event: 22.254 Thread 0x000001ab25000000 Uncommon trap: reason=unstable_if action=reinterpret pc=0x000001ab276786d8 method=java.util.Properties$LineReader.readLine()I @ 252

Classes redefined (0 events):
No events

Internal exceptions (10 events):
Event: 22.318 Thread 0x000001ab25000000 Exception <a 'java/security/PrivilegedActionException'> (0x00000000dc5ed3e8) thrown at [C:\jenkins\workspace\zulu-platform-build\zulu-src.git\hotspot\src\share\vm\prims\jvm.cpp, line 1514]
Event: 22.318 Thread 0x000001ab25000000 Exception <a 'java/security/PrivilegedActionException'> (0x00000000dc5ed9c8) thrown at [C:\jenkins\workspace\zulu-platform-build\zulu-src.git\hotspot\src\share\vm\prims\jvm.cpp, line 1514]
Event: 22.325 Thread 0x000001ab25000000 Exception <a 'java/security/PrivilegedActionException'> (0x00000000dc7f62b8) thrown at [C:\jenkins\workspace\zulu-platform-build\zulu-src.git\hotspot\src\share\vm\prims\jvm.cpp, line 1514]
Event: 22.325 Thread 0x000001ab25000000 Exception <a 'java/security/PrivilegedActionException'> (0x00000000dc7f6898) thrown at [C:\jenkins\workspace\zulu-platform-build\zulu-src.git\hotspot\src\share\vm\prims\jvm.cpp, line 1514]
Event: 22.325 Thread 0x000001ab25000000 Exception <a 'java/security/PrivilegedActionException'> (0x00000000dc808e58) thrown at [C:\jenkins\workspace\zulu-platform-build\zulu-src.git\hotspot\src\share\vm\prims\jvm.cpp, line 1514]
Event: 22.325 Thread 0x000001ab25000000 Exception <a 'java/security/PrivilegedActionException'> (0x00000000dc809438) thrown at [C:\jenkins\workspace\zulu-platform-build\zulu-src.git\hotspot\src\share\vm\prims\jvm.cpp, line 1514]
Event: 22.330 Thread 0x000001ab25000000 Exception <a 'java/security/PrivilegedActionException'> (0x00000000dca03c88) thrown at [C:\jenkins\workspace\zulu-platform-build\zulu-src.git\hotspot\src\share\vm\prims\jvm.cpp, line 1514]
Event: 22.330 Thread 0x000001ab25000000 Exception <a 'java/security/PrivilegedActionException'> (0x00000000dca04268) thrown at [C:\jenkins\workspace\zulu-platform-build\zulu-src.git\hotspot\src\share\vm\prims\jvm.cpp, line 1514]
Event: 22.331 Thread 0x000001ab25000000 Exception <a 'java/security/PrivilegedActionException'> (0x00000000dca16828) thrown at [C:\jenkins\workspace\zulu-platform-build\zulu-src.git\hotspot\src\share\vm\prims\jvm.cpp, line 1514]
Event: 22.331 Thread 0x000001ab25000000 Exception <a 'java/security/PrivilegedActionException'> (0x00000000dca16e08) thrown at [C:\jenkins\workspace\zulu-platform-build\zulu-src.git\hotspot\src\share\vm\prims\jvm.cpp, line 1514]

Events (10 events):
Event: 22.331 loading class com/kms/katalon/core$testdata$TestDataFactory
Event: 22.331 loading class com/kms/katalon/core$testdata$TestDataFactory done
Event: 22.332 loading class com/kms/katalon/core/testdata$TestDataFactory
Event: 22.332 loading class com/kms/katalon/core/testdata$TestDataFactory done
Event: 22.334 loading class groovy/lang/GroovyObject$com$kms$katalon$core$testobject$ObjectRepository
Event: 22.334 loading class groovy/lang/GroovyObject$com$kms$katalon$core$testobject$ObjectRepository done
Event: 22.335 loading class java/lang/com$kms$katalon$core$testobject$ObjectRepository
Event: 22.335 loading class java/lang/com$kms$katalon$core$testobject$ObjectRepository done
Event: 22.335 loading class java/io/com$kms$katalon$core$testobject$ObjectRepository
Event: 22.335 loading class java/io/com$kms$katalon$core$testobject$ObjectRepository done


Dynamic libraries:
0x00007ff7ac400000 - 0x00007ff7ac451000 	C:\Users\roshnig\.katalon\packages\Katalon_Studio_Windows_64-8.6.8\Katalon_Studio_Windows_64-8.6.8\jre\bin\javaw.exe
0x00007ffaa5690000 - 0x00007ffaa58a7000 	C:\WINDOWS\SYSTEM32\ntdll.dll
0x00007ffaa4010000 - 0x00007ffaa40d4000 	C:\WINDOWS\System32\KERNEL32.DLL
0x00007ffaa2bb0000 - 0x00007ffaa2f56000 	C:\WINDOWS\System32\KERNELBASE.dll
0x00007ffaa2510000 - 0x00007ffaa2630000 	C:\Windows\system32\hmpalert.dll
0x00007ffaa3520000 - 0x00007ffaa35d3000 	C:\WINDOWS\System32\ADVAPI32.dll
0x00007ffaa41c0000 - 0x00007ffaa4267000 	C:\WINDOWS\System32\msvcrt.dll
0x00007ffaa4c30000 - 0x00007ffaa4cd8000 	C:\WINDOWS\System32\sechost.dll
0x00007ffaa2f60000 - 0x00007ffaa2f88000 	C:\WINDOWS\System32\bcrypt.dll
0x00007ffaa50b0000 - 0x00007ffaa51c7000 	C:\WINDOWS\System32\RPCRT4.dll
0x00007ffaa3c80000 - 0x00007ffaa3e2e000 	C:\WINDOWS\System32\USER32.dll
0x00007ffaa2f90000 - 0x00007ffaa2fb6000 	C:\WINDOWS\System32\win32u.dll
0x00007ffaa4100000 - 0x00007ffaa4129000 	C:\WINDOWS\System32\GDI32.dll
0x00007ffaa2fc0000 - 0x00007ffaa30d8000 	C:\WINDOWS\System32\gdi32full.dll
0x00007ffaa2b10000 - 0x00007ffaa2baa000 	C:\WINDOWS\System32\msvcp_win.dll
0x00007ffaa3150000 - 0x00007ffaa3261000 	C:\WINDOWS\System32\ucrtbase.dll
0x00007ffa865a0000 - 0x00007ffa86833000 	C:\WINDOWS\WinSxS\amd64_microsoft.windows.common-controls_6595b64144ccf1df_6.0.22621.2506_none_270c5ae97388e100\COMCTL32.dll
0x00007ffaa4370000 - 0x00007ffaa43a1000 	C:\WINDOWS\System32\IMM32.DLL
0x00007ffa951c0000 - 0x00007ffa951d5000 	C:\Users\roshnig\.katalon\packages\Katalon_Studio_Windows_64-8.6.8\Katalon_Studio_Windows_64-8.6.8\jre\bin\vcruntime140.dll
0x00007ffa67970000 - 0x00007ffa67a0b000 	C:\Users\roshnig\.katalon\packages\Katalon_Studio_Windows_64-8.6.8\Katalon_Studio_Windows_64-8.6.8\jre\bin\msvcp140.dll
0x0000000054320000 - 0x0000000054b90000 	C:\Users\roshnig\.katalon\packages\Katalon_Studio_Windows_64-8.6.8\Katalon_Studio_Windows_64-8.6.8\jre\bin\server\jvm.dll
0x00007ffaa4130000 - 0x00007ffaa4138000 	C:\WINDOWS\System32\PSAPI.DLL
0x00007ffa9af80000 - 0x00007ffa9af89000 	C:\WINDOWS\SYSTEM32\WSOCK32.dll
0x00007ffaa4140000 - 0x00007ffaa41b1000 	C:\WINDOWS\System32\WS2_32.dll
0x00007ffa97fc0000 - 0x00007ffa97ff4000 	C:\WINDOWS\SYSTEM32\WINMM.dll
0x00007ffa95a10000 - 0x00007ffa95a1a000 	C:\WINDOWS\SYSTEM32\VERSION.dll
0x00007ffaa18b0000 - 0x00007ffaa18c8000 	C:\WINDOWS\SYSTEM32\kernel.appcore.dll
0x00007ffa9af50000 - 0x00007ffa9af60000 	C:\Users\roshnig\.katalon\packages\Katalon_Studio_Windows_64-8.6.8\Katalon_Studio_Windows_64-8.6.8\jre\bin\verify.dll
0x00007ffa9af20000 - 0x00007ffa9af4b000 	C:\Users\roshnig\.katalon\packages\Katalon_Studio_Windows_64-8.6.8\Katalon_Studio_Windows_64-8.6.8\jre\bin\java.dll
0x00007ffa9af00000 - 0x00007ffa9af18000 	C:\Users\roshnig\.katalon\packages\Katalon_Studio_Windows_64-8.6.8\Katalon_Studio_Windows_64-8.6.8\jre\bin\zip.dll
0x00007ffaa43d0000 - 0x00007ffaa4c2b000 	C:\WINDOWS\System32\SHELL32.dll
0x00007ffaa06e0000 - 0x00007ffaa0fd6000 	C:\WINDOWS\SYSTEM32\windows.storage.dll
0x00007ffaa3810000 - 0x00007ffaa3b99000 	C:\WINDOWS\System32\combase.dll
0x00007ffaa04a0000 - 0x00007ffaa05de000 	C:\WINDOWS\SYSTEM32\wintypes.dll
0x00007ffaa3e30000 - 0x00007ffaa3f23000 	C:\WINDOWS\System32\SHCORE.dll
0x00007ffaa5050000 - 0x00007ffaa50ae000 	C:\WINDOWS\System32\shlwapi.dll
0x00007ffaa2900000 - 0x00007ffaa2926000 	C:\WINDOWS\SYSTEM32\profapi.dll
0x00007ffa9aee0000 - 0x00007ffa9aefc000 	C:\Users\roshnig\.katalon\packages\Katalon_Studio_Windows_64-8.6.8\Katalon_Studio_Windows_64-8.6.8\jre\bin\net.dll
0x00007ffaa1d20000 - 0x00007ffaa1d89000 	C:\WINDOWS\system32\mswsock.dll
0x00007ffa9aec0000 - 0x00007ffa9aed3000 	C:\Users\roshnig\.katalon\packages\Katalon_Studio_Windows_64-8.6.8\Katalon_Studio_Windows_64-8.6.8\jre\bin\nio.dll
0x00007ffaa1160000 - 0x00007ffaa1259000 	C:\WINDOWS\SYSTEM32\DNSAPI.dll
0x00007ffaa1130000 - 0x00007ffaa115d000 	C:\WINDOWS\SYSTEM32\IPHLPAPI.DLL
0x00007ffaa3800000 - 0x00007ffaa3809000 	C:\WINDOWS\System32\NSI.dll
0x00007ffa96e20000 - 0x00007ffa96e2a000 	C:\Windows\System32\rasadhlp.dll
0x00007ffa99720000 - 0x00007ffa997a3000 	C:\WINDOWS\System32\fwpuclnt.dll
0x00007ffa98db0000 - 0x00007ffa98dd4000 	C:\Users\roshnig\.katalon\packages\Katalon_Studio_Windows_64-8.6.8\Katalon_Studio_Windows_64-8.6.8\jre\bin\sunec.dll
0x00007ffa89490000 - 0x00007ffa8949d000 	C:\Users\roshnig\.katalon\packages\Katalon_Studio_Windows_64-8.6.8\Katalon_Studio_Windows_64-8.6.8\jre\bin\sunmscapi.dll
0x00007ffaa3270000 - 0x00007ffaa33d6000 	C:\WINDOWS\System32\CRYPT32.dll
0x00007ffaa21f0000 - 0x00007ffaa221e000 	C:\WINDOWS\SYSTEM32\ncrypt.dll
0x00007ffaa21b0000 - 0x00007ffaa21e7000 	C:\WINDOWS\SYSTEM32\NTASN1.dll
0x00007ffaa2080000 - 0x00007ffaa209b000 	C:\WINDOWS\SYSTEM32\CRYPTSP.dll
0x00007ffaa1810000 - 0x00007ffaa1845000 	C:\WINDOWS\system32\rsaenh.dll
0x00007ffaa1dc0000 - 0x00007ffaa1dec000 	C:\WINDOWS\SYSTEM32\USERENV.dll
0x00007ffaa2a90000 - 0x00007ffaa2b0a000 	C:\WINDOWS\System32\bcryptprimitives.dll
0x00007ffaa1ff0000 - 0x00007ffaa1ffc000 	C:\WINDOWS\SYSTEM32\CRYPTBASE.dll
0x00007ffa998a0000 - 0x00007ffa998b9000 	C:\WINDOWS\SYSTEM32\dhcpcsvc6.DLL
0x00007ffa99270000 - 0x00007ffa9928f000 	C:\WINDOWS\SYSTEM32\dhcpcsvc.DLL

VM Arguments:
jvm_args: -Dgroovy.home=C:\Users\roshnig/.groovy -Djava.system.class.loader=groovy.lang.GroovyClassLoader -Xmx2048m -Dfile.encoding=UTF-8 
java_command: org.codehaus.groovy.tools.GroovyStarter --classpath C:\Users\roshnig\git\KATALON_AutomationPOC\bin\keyword;C:\Users\roshnig\git\KATALON_AutomationPOC\Keywords;C:\Users\roshnig\git\KATALON_AutomationPOC\bin\listener;C:\Users\roshnig\git\KATALON_AutomationPOC\Test Listeners;C:\Users\roshnig\git\KATALON_AutomationPOC\bin\lib;C:\Users\roshnig\git\KATALON_AutomationPOC\Libs;C:\Users\roshnig\git\KATALON_AutomationPOC\bin\groovy;C:\Users\roshnig\git\KATALON_AutomationPOC\Include\scripts\groovy;C:\Users\roshnig\.katalon\packages\Katalon_Studio_Windows_64-8.6.8\Katalon_Studio_Windows_64-8.6.8\plugins\com.kms.katalon.core_1.0.0.202309060301.jar;C:\Users\roshnig\.katalon\packages\Katalon_Studio_Windows_64-8.6.8\Katalon_Studio_Windows_64-8.6.8\configuration\resources\lib\aalto-xml-1.0.0.jar;C:\Users\roshnig\.katalon\packages\Katalon_Studio_Windows_64-8.6.8\Katalon_Studio_Windows_64-8.6.8\configuration\resources\lib\aspectjweaver-1.9.1.jar;C:\Users\roshnig\.katalon\packages\Katalon_Studio_Windows_64-8.6.8\Katalon_Studio_Windows_64-8.6.8\configuration\resources\lib\bcpkix-jdk15on-1.64.jar;C:\Users\roshnig\.katalon\packages\Katalon_Studio_Windows_64-8.6.8\Katalon_Studio_Windows_64-8.6.8\configuration\resources\lib\bcprov-jdk15on-1.64.jar;C:\Users\roshnig\.katalon\packages\Katalon_Studio_Windows_64-8.6.8\Katalon_Studio_Windows_64-8.6.8\configuration\resources\lib\browsermob-core-2.1.5.jar;C:\Users\roshnig\.katalon\packages\Katalon_Studio_Windows_64-8.6.8\Katalon_Studio_Windows_64-8.6.8\configuration\resources\lib\cglib-3.2.10.jar;C:\Users\roshnig\.katalon\packages\Katalon_Studio_Windows_64-8.6.8\Katalon_Studio_Windows_64-8.6.8\configuration\resources\lib\commons-codec-1.10.jar;C:\Users\roshnig\.katalon\packages\Katalon_Studio_Windows_64-8.6.8\Katalon_Studio_Windows_64-8.6.8\configuration\resources\lib\commons-collections4-4.1.jar;C:\Users\roshnig\.katalon\packages\Katalon_Studio_Windows_64-8.6.8\Katalon_Studio_Windows_64-8.6.8\configuration\resources\lib\commons-val
java_class_path (initial): C:\Users\roshnig\git\KATALON_AutomationPOC\bin\keyword;C:\Users\roshnig\git\KATALON_AutomationPOC\bin\listener;C:\Users\roshnig\git\KATALON_AutomationPOC\bin\lib;C:\Users\roshnig\git\KATALON_AutomationPOC\bin\groovy;C:\Users\roshnig\git\KATALON_AutomationPOC\bin;C:\Users\roshnig\.katalon\packages\Katalon_Studio_Windows_64-8.6.8\Katalon_Studio_Windows_64-8.6.8\plugins\com.kms.katalon.core_1.0.0.202309060301.jar;C:\Users\roshnig\.katalon\packages\Katalon_Studio_Windows_64-8.6.8\Katalon_Studio_Windows_64-8.6.8\configuration\resources\lib\aalto-xml-1.0.0.jar;C:\Users\roshnig\.katalon\packages\Katalon_Studio_Windows_64-8.6.8\Katalon_Studio_Windows_64-8.6.8\configuration\resources\lib\aspectjweaver-1.9.1.jar;C:\Users\roshnig\.katalon\packages\Katalon_Studio_Windows_64-8.6.8\Katalon_Studio_Windows_64-8.6.8\configuration\resources\lib\bcpkix-jdk15on-1.64.jar;C:\Users\roshnig\.katalon\packages\Katalon_Studio_Windows_64-8.6.8\Katalon_Studio_Windows_64-8.6.8\configuration\resources\lib\bcprov-jdk15on-1.64.jar;C:\Users\roshnig\.katalon\packages\Katalon_Studio_Windows_64-8.6.8\Katalon_Studio_Windows_64-8.6.8\configuration\resources\lib\browsermob-core-2.1.5.jar;C:\Users\roshnig\.katalon\packages\Katalon_Studio_Windows_64-8.6.8\Katalon_Studio_Windows_64-8.6.8\configuration\resources\lib\cglib-3.2.10.jar;C:\Users\roshnig\.katalon\packages\Katalon_Studio_Windows_64-8.6.8\Katalon_Studio_Windows_64-8.6.8\configuration\resources\lib\commons-codec-1.10.jar;C:\Users\roshnig\.katalon\packages\Katalon_Studio_Windows_64-8.6.8\Katalon_Studio_Windows_64-8.6.8\configuration\resources\lib\commons-collections4-4.1.jar;C:\Users\roshnig\.katalon\packages\Katalon_Studio_Windows_64-8.6.8\Katalon_Studio_Windows_64-8.6.8\configuration\resources\lib\commons-validator-1.6.jar;C:\Users\roshnig\.katalon\packages\Katalon_Studio_Windows_64-8.6.8\Katalon_Studio_Windows_64-8.6.8\configuration\resources\lib\curvesapi-1.04.jar;C:\Users\roshnig\.katalon\packages\Katalon_Studio_Windo
Launcher Type: SUN_STANDARD

Environment Variables:
PATH=C:/Users/roshnig/.katalon/packages/Katalon_Studio_Windows_64-8.6.8/Katalon_Studio_Windows_64-8.6.8/jre/bin/server;C:/Users/roshnig/.katalon/packages/Katalon_Studio_Windows_64-8.6.8/Katalon_Studio_Windows_64-8.6.8/jre/bin;C:/Users/roshnig/.katalon/packages/Katalon_Studio_Windows_64-8.6.8/Katalon_Studio_Windows_64-8.6.8/jre/lib/amd64;C:\Program Files (x86)\Common Files\Oracle\Java\javapath;C:\WINDOWS\system32;C:\WINDOWS;C:\WINDOWS\System32\Wbem;C:\WINDOWS\System32\WindowsPowerShell\v1.0\;C:\WINDOWS\System32\OpenSSH\;C:\Program Files\nodejs\;C:\Program Files\Git\cmd;C:\Program Files\Git\bin;C:\Program Files\nodejs\node_modules\npm\bin;C:\Users\roshnig\AppData\Local\Microsoft\WindowsApps;C:\Users\roshnig\AppData\Local\Programs\Microsoft VS Code\bin;C:\Users\roshnig\AppData\Local\Programs\Git\cmd;C:\Users\roshnig\AppData\Roaming\npm;C:\Users\roshnig\.katalon\packages\Katalon_Studio_Windows_64-8.6.8\Katalon_Studio_Windows_64-8.6.8;
USERNAME=roshnig
OS=Windows_NT
PROCESSOR_IDENTIFIER=Intel64 Family 6 Model 140 Stepping 1, GenuineIntel



---------------  S Y S T E M  ---------------

OS: Windows 11 , 64 bit Build 22621 (10.0.22621.3085)
HyperV virtualization detected

CPU:total 4 (initial active 4) (2 cores per cpu, 2 threads per core) family 6 model 140 stepping 1, cmov, cx8, fxsr, mmx, sse, sse2, sse3, ssse3, sse4.1, sse4.2, popcnt, avx, avx2, aes, clmul, erms, 3dnowpref, lzcnt, ht, tsc, tscinvbit, bmi1, bmi2, adx

Memory: 4k page, physical 8022688k(241380k free), swap 16239264k(3716k free)

vm_info: OpenJDK 64-Bit Server VM (25.362-b09) for windows-amd64 JRE (Zulu 8.68.0.21-CA-win64) (1.8.0_362-b09), built on Jan 19 2023 16:49:02 by "tester" with MS VC++ 15.9 (VS2017)

time: Wed Feb 28 17:23:47 2024
timezone: India Standard Time
elapsed time: 22.347351 seconds (0d 0h 0m 22s)

