#
# There is insufficient memory for the Java Runtime Environment to continue.
# Native memory allocation (malloc) failed to allocate 519856 bytes for Chunk::new
# Possible reasons:
#   The system is out of physical RAM or swap space
#   The process is running with CompressedOops enabled, and the Java Heap may be blocking the growth of the native heap
# Possible solutions:
#   Reduce memory load on the system
#   Increase physical memory or swap space
#   Check if swap backing store is full
#   Decrease Java heap size (-Xmx/-Xms)
#   Decrease number of Java threads
#   Decrease Java thread stack sizes (-Xss)
#   Set larger code cache with -XX:ReservedCodeCacheSize=
#   JVM is running with Unscaled Compressed Oops mode in which the Java heap is
#     placed in the first 4GB address space. The Java Heap base address is the
#     maximum limit for the native heap growth. Please use -XX:HeapBaseMinAddress
#     to set the Java Heap base and to place the Java Heap above 4GB virtual address.
# This output file may be truncated or incomplete.
#
#  Out of Memory Error (allocation.cpp:389), pid=19164, tid=0x00000000000018cc
#
# JRE version: OpenJDK Runtime Environment (Zulu 8.68.0.21-CA-win64) (8.0_362-b09) (build 1.8.0_362-b09)
# Java VM: OpenJDK 64-Bit Server VM (25.362-b09 mixed mode windows-amd64 compressed oops)
# Failed to write core dump. Minidumps are not enabled by default on client versions of Windows
#

---------------  T H R E A D  ---------------

Current thread (0x000002377943b800):  JavaThread "C2 CompilerThread0" daemon [_thread_in_native, id=6348, stack(0x000000ae7b500000,0x000000ae7b600000)]

Stack: [0x000000ae7b500000,0x000000ae7b600000]
[error occurred during error reporting (printing stack bounds), id 0xc0000005]

Native frames: (J=compiled Java code, j=interpreted, Vv=VM code, C=native code)


Current CompileTask:
C2:  29636 4058       4       java.beans.Introspector::addMethod (196 bytes)


---------------  P R O C E S S  ---------------

Java Threads: ( => current thread )
  0x000002377a518000 JavaThread "Okio Watchdog" daemon [_thread_blocked, id=16476, stack(0x000000ae7bf00000,0x000000ae7c000000)]
  0x000002377c828000 JavaThread "OkHttp ConnectionPool" daemon [_thread_blocked, id=1680, stack(0x000000ae7be00000,0x000000ae7bf00000)]
  0x000002377818b800 JavaThread "Service Thread" daemon [_thread_blocked, id=18140, stack(0x000000ae7b800000,0x000000ae7b900000)]
  0x0000023779443800 JavaThread "C1 CompilerThread2" daemon [_thread_blocked, id=17120, stack(0x000000ae7b700000,0x000000ae7b800000)]
  0x000002377943c800 JavaThread "C2 CompilerThread1" daemon [_thread_blocked, id=1620, stack(0x000000ae7b600000,0x000000ae7b700000)]
=>0x000002377943b800 JavaThread "C2 CompilerThread0" daemon [_thread_in_native, id=6348, stack(0x000000ae7b500000,0x000000ae7b600000)]
  0x00000237794c7800 JavaThread "Attach Listener" daemon [_thread_blocked, id=17676, stack(0x000000ae7b400000,0x000000ae7b500000)]
  0x00000237794c6000 JavaThread "Signal Dispatcher" daemon [_thread_blocked, id=17880, stack(0x000000ae7b300000,0x000000ae7b400000)]
  0x00000237780ac800 JavaThread "Finalizer" daemon [_thread_blocked, id=2092, stack(0x000000ae7b200000,0x000000ae7b300000)]
  0x00000237780a5800 JavaThread "Reference Handler" daemon [_thread_blocked, id=19176, stack(0x000000ae7b100000,0x000000ae7b200000)]
  0x00000237709b0000 JavaThread "Forwarding executeAsyncScript on session de01230a53baaeb949067191b21b0998 to remote" [_thread_in_native, id=6284, stack(0x000000ae7ab00000,0x000000ae7ac00000)]

Other Threads:
  0x0000023777dad800 VMThread [stack: 0x000000ae7b000000,0x000000ae7b100000] [id=20024]
  0x000002377951c000 WatcherThread [stack: 0x000000ae7b900000,0x000000ae7ba00000] [id=1644]

VM state:not at safepoint (normal execution)

VM Mutex/Monitor currently owned by a thread: None

heap address: 0x0000000080000000, size: 2048 MB, Compressed Oops mode: 32-bit
Narrow klass base: 0x0000000000000000, Narrow klass shift: 3
Compressed class space size: 1073741824 Address: 0x0000000100000000

Heap:
 PSYoungGen      total 332800K, used 101169K [0x00000000d5580000, 0x00000000f3780000, 0x0000000100000000)
  eden space 319488K, 27% used [0x00000000d5580000,0x00000000dab4ecc0,0x00000000e8d80000)
  from space 13312K, 99% used [0x00000000e8d80000,0x00000000e9a7d7c8,0x00000000e9a80000)
  to   space 14848K, 0% used [0x00000000f2900000,0x00000000f2900000,0x00000000f3780000)
 ParOldGen       total 71168K, used 19540K [0x0000000080000000, 0x0000000084580000, 0x00000000d5580000)
  object space 71168K, 27% used [0x0000000080000000,0x0000000081315130,0x0000000084580000)
 Metaspace       used 45234K, capacity 46486K, committed 46720K, reserved 1089536K
  class space    used 5611K, capacity 5993K, committed 6016K, reserved 1048576K

Card table byte_map: [0x00000237729f0000,0x0000023772e00000] byte_map_base: 0x00000237725f0000

Marking Bits: (ParMarkBitMap*) 0x000000005ffc5390
 Begin Bits: [0x00000237730b0000, 0x00000237750b0000)
 End Bits:   [0x00000237750b0000, 0x00000237770b0000)

Polling page: 0x0000023770bb0000

CodeCache: size=245760Kb used=13800Kb max_used=14093Kb free=231959Kb
 bounds [0x0000023700000000, 0x0000023700df0000, 0x000002370f000000]
 total_blobs=4319 nmethods=3545 adapters=684
 compilation: enabled

Compilation events (10 events):
Event: 29.608 Thread 0x0000023779443800 nmethod 4062 0x00000237008f87d0 code [0x00000237008f8980, 0x00000237008f91a0]
Event: 29.608 Thread 0x0000023779443800 4063       3       org.openqa.selenium.json.JsonOutput$$Lambda$52/1969347346::accept (12 bytes)
Event: 29.608 Thread 0x0000023779443800 nmethod 4063 0x00000237002fee10 code [0x00000237002fefa0, 0x00000237002ff400]
Event: 29.609 Thread 0x0000023779443800 4064       3       sun.util.locale.BaseLocale::equals (71 bytes)
Event: 29.609 Thread 0x0000023779443800 nmethod 4064 0x00000237003b0810 code [0x00000237003b0980, 0x00000237003b0e78]
Event: 29.609 Thread 0x0000023779443800 4065       3       java.util.stream.ReferencePipeline$3$1::accept (23 bytes)
Event: 29.609 Thread 0x0000023779443800 nmethod 4065 0x00000237006a5310 code [0x00000237006a5480, 0x00000237006a5780]
Event: 29.612 Thread 0x000002377943c800 nmethod 4060 0x0000023700387810 code [0x00000237003879c0, 0x0000023700388978]
Event: 29.612 Thread 0x000002377943c800 4061       4       java.util.regex.Matcher::matches (10 bytes)
Event: 29.625 Thread 0x000002377943c800 nmethod 4061 0x00000237008f4750 code [0x00000237008f48e0, 0x00000237008f4f88]

GC Heap History (10 events):
Event: 3.279 GC heap before
{Heap before GC invocations=9 (full 1):
 PSYoungGen      total 135168K, used 125440K [0x00000000d5580000, 0x00000000e5d80000, 0x0000000100000000)
  eden space 125440K, 100% used [0x00000000d5580000,0x00000000dd000000,0x00000000dd000000)
  from space 9728K, 0% used [0x00000000dd000000,0x00000000dd000000,0x00000000dd980000)
  to   space 9728K, 0% used [0x00000000e5400000,0x00000000e5400000,0x00000000e5d80000)
 ParOldGen       total 49664K, used 8168K [0x0000000080000000, 0x0000000083080000, 0x00000000d5580000)
  object space 49664K, 16% used [0x0000000080000000,0x00000000807fa230,0x0000000083080000)
 Metaspace       used 22586K, capacity 22896K, committed 23168K, reserved 1069056K
  class space    used 2465K, capacity 2602K, committed 2688K, reserved 1048576K
Event: 3.284 GC heap after
Heap after GC invocations=9 (full 1):
 PSYoungGen      total 227328K, used 4427K [0x00000000d5580000, 0x00000000e5880000, 0x0000000100000000)
  eden space 222720K, 0% used [0x00000000d5580000,0x00000000d5580000,0x00000000e2f00000)
  from space 4608K, 96% used [0x00000000e5400000,0x00000000e5852d60,0x00000000e5880000)
  to   space 9216K, 0% used [0x00000000e4680000,0x00000000e4680000,0x00000000e4f80000)
 ParOldGen       total 49664K, used 8168K [0x0000000080000000, 0x0000000083080000, 0x00000000d5580000)
  object space 49664K, 16% used [0x0000000080000000,0x00000000807fa230,0x0000000083080000)
 Metaspace       used 22586K, capacity 22896K, committed 23168K, reserved 1069056K
  class space    used 2465K, capacity 2602K, committed 2688K, reserved 1048576K
}
Event: 18.384 GC heap before
{Heap before GC invocations=10 (full 1):
 PSYoungGen      total 227328K, used 227147K [0x00000000d5580000, 0x00000000e5880000, 0x0000000100000000)
  eden space 222720K, 100% used [0x00000000d5580000,0x00000000e2f00000,0x00000000e2f00000)
  from space 4608K, 96% used [0x00000000e5400000,0x00000000e5852d60,0x00000000e5880000)
  to   space 9216K, 0% used [0x00000000e4680000,0x00000000e4680000,0x00000000e4f80000)
 ParOldGen       total 49664K, used 8168K [0x0000000080000000, 0x0000000083080000, 0x00000000d5580000)
  object space 49664K, 16% used [0x0000000080000000,0x00000000807fa230,0x0000000083080000)
 Metaspace       used 32976K, capacity 33868K, committed 34048K, reserved 1079296K
  class space    used 3972K, capacity 4248K, committed 4352K, reserved 1048576K
Event: 18.407 GC heap after
Heap after GC invocations=10 (full 1):
 PSYoungGen      total 256000K, used 9184K [0x00000000d5580000, 0x00000000ea800000, 0x0000000100000000)
  eden space 246784K, 0% used [0x00000000d5580000,0x00000000d5580000,0x00000000e4680000)
  from space 9216K, 99% used [0x00000000e4680000,0x00000000e4f78150,0x00000000e4f80000)
  to   space 13824K, 0% used [0x00000000e9a80000,0x00000000e9a80000,0x00000000ea800000)
 ParOldGen       total 49664K, used 15734K [0x0000000080000000, 0x0000000083080000, 0x00000000d5580000)
  object space 49664K, 31% used [0x0000000080000000,0x0000000080f5dac0,0x0000000083080000)
 Metaspace       used 32976K, capacity 33868K, committed 34048K, reserved 1079296K
  class space    used 3972K, capacity 4248K, committed 4352K, reserved 1048576K
}
Event: 18.752 GC heap before
{Heap before GC invocations=11 (full 1):
 PSYoungGen      total 256000K, used 36054K [0x00000000d5580000, 0x00000000ea800000, 0x0000000100000000)
  eden space 246784K, 10% used [0x00000000d5580000,0x00000000d6fbd738,0x00000000e4680000)
  from space 9216K, 99% used [0x00000000e4680000,0x00000000e4f78150,0x00000000e4f80000)
  to   space 13824K, 0% used [0x00000000e9a80000,0x00000000e9a80000,0x00000000ea800000)
 ParOldGen       total 49664K, used 15734K [0x0000000080000000, 0x0000000083080000, 0x00000000d5580000)
  object space 49664K, 31% used [0x0000000080000000,0x0000000080f5dac0,0x0000000083080000)
 Metaspace       used 34497K, capacity 35376K, committed 35456K, reserved 1081344K
  class space    used 4194K, capacity 4448K, committed 4480K, reserved 1048576K
Event: 18.769 GC heap after
Heap after GC invocations=11 (full 1):
 PSYoungGen      total 333312K, used 7551K [0x00000000d5580000, 0x00000000eca80000, 0x0000000100000000)
  eden space 319488K, 0% used [0x00000000d5580000,0x00000000d5580000,0x00000000e8d80000)
  from space 13824K, 54% used [0x00000000e9a80000,0x00000000ea1dfd70,0x00000000ea800000)
  to   space 13312K, 0% used [0x00000000e8d80000,0x00000000e8d80000,0x00000000e9a80000)
 ParOldGen       total 49664K, used 19307K [0x0000000080000000, 0x0000000083080000, 0x00000000d5580000)
  object space 49664K, 38% used [0x0000000080000000,0x00000000812dad90,0x0000000083080000)
 Metaspace       used 34497K, capacity 35376K, committed 35456K, reserved 1081344K
  class space    used 4194K, capacity 4448K, committed 4480K, reserved 1048576K
}
Event: 18.769 GC heap before
{Heap before GC invocations=12 (full 2):
 PSYoungGen      total 333312K, used 7551K [0x00000000d5580000, 0x00000000eca80000, 0x0000000100000000)
  eden space 319488K, 0% used [0x00000000d5580000,0x00000000d5580000,0x00000000e8d80000)
  from space 13824K, 54% used [0x00000000e9a80000,0x00000000ea1dfd70,0x00000000ea800000)
  to   space 13312K, 0% used [0x00000000e8d80000,0x00000000e8d80000,0x00000000e9a80000)
 ParOldGen       total 49664K, used 19307K [0x0000000080000000, 0x0000000083080000, 0x00000000d5580000)
  object space 49664K, 38% used [0x0000000080000000,0x00000000812dad90,0x0000000083080000)
 Metaspace       used 34497K, capacity 35376K, committed 35456K, reserved 1081344K
  class space    used 4194K, capacity 4448K, committed 4480K, reserved 1048576K
Event: 18.859 GC heap after
Heap after GC invocations=12 (full 2):
 PSYoungGen      total 333312K, used 0K [0x00000000d5580000, 0x00000000eca80000, 0x0000000100000000)
  eden space 319488K, 0% used [0x00000000d5580000,0x00000000d5580000,0x00000000e8d80000)
  from space 13824K, 0% used [0x00000000e9a80000,0x00000000e9a80000,0x00000000ea800000)
  to   space 13312K, 0% used [0x00000000e8d80000,0x00000000e8d80000,0x00000000e9a80000)
 ParOldGen       total 71168K, used 19438K [0x0000000080000000, 0x0000000084580000, 0x00000000d5580000)
  object space 71168K, 27% used [0x0000000080000000,0x00000000812fb8e0,0x0000000084580000)
 Metaspace       used 34492K, capacity 35366K, committed 35456K, reserved 1081344K
  class space    used 4192K, capacity 4445K, committed 4480K, reserved 1048576K
}
Event: 29.084 GC heap before
{Heap before GC invocations=13 (full 2):
 PSYoungGen      total 333312K, used 319488K [0x00000000d5580000, 0x00000000eca80000, 0x0000000100000000)
  eden space 319488K, 100% used [0x00000000d5580000,0x00000000e8d80000,0x00000000e8d80000)
  from space 13824K, 0% used [0x00000000e9a80000,0x00000000e9a80000,0x00000000ea800000)
  to   space 13312K, 0% used [0x00000000e8d80000,0x00000000e8d80000,0x00000000e9a80000)
 ParOldGen       total 71168K, used 19438K [0x0000000080000000, 0x0000000084580000, 0x00000000d5580000)
  object space 71168K, 27% used [0x0000000080000000,0x00000000812fb8e0,0x0000000084580000)
 Metaspace       used 45159K, capacity 46336K, committed 46464K, reserved 1089536K
  class space    used 5607K, capacity 5987K, committed 6016K, reserved 1048576K
Event: 29.097 GC heap after
Heap after GC invocations=13 (full 2):
 PSYoungGen      total 332800K, used 13301K [0x00000000d5580000, 0x00000000f3780000, 0x0000000100000000)
  eden space 319488K, 0% used [0x00000000d5580000,0x00000000d5580000,0x00000000e8d80000)
  from space 13312K, 99% used [0x00000000e8d80000,0x00000000e9a7d7c8,0x00000000e9a80000)
  to   space 14848K, 0% used [0x00000000f2900000,0x00000000f2900000,0x00000000f3780000)
 ParOldGen       total 71168K, used 19540K [0x0000000080000000, 0x0000000084580000, 0x00000000d5580000)
  object space 71168K, 27% used [0x0000000080000000,0x0000000081315130,0x0000000084580000)
 Metaspace       used 45159K, capacity 46336K, committed 46464K, reserved 1089536K
  class space    used 5607K, capacity 5987K, committed 6016K, reserved 1048576K
}

Deoptimization events (10 events):
Event: 20.159 Thread 0x00000237709b0000 Uncommon trap: reason=bimorphic action=maybe_recompile pc=0x00000237002dff7c method=java.util.regex.Pattern$SliceI.match(Ljava/util/regex/Matcher;ILjava/lang/CharSequence;)Z @ 92
Event: 20.173 Thread 0x00000237709b0000 Uncommon trap: reason=unstable_if action=reinterpret pc=0x0000023700a07c60 method=java.util.Arrays.equals([B[B)Z @ 12
Event: 20.497 Thread 0x00000237709b0000 Uncommon trap: reason=unstable_if action=reinterpret pc=0x00000237003b5d20 method=java.lang.String.lastIndexOf([CII[CIII)I @ 118
Event: 21.212 Thread 0x00000237709b0000 Uncommon trap: reason=unstable_if action=reinterpret pc=0x0000023700c67940 method=org.codehaus.groovy.tools.RootLoader.loadClass(Ljava/lang/String;Z)Ljava/lang/Class; @ 27
Event: 22.432 Thread 0x00000237709b0000 Uncommon trap: reason=class_check action=maybe_recompile pc=0x000002370098c884 method=com.sun.beans.TypeResolver.resolve(Ljava/lang/reflect/Type;Ljava/lang/reflect/Type;)Ljava/lang/reflect/Type; @ 215
Event: 23.698 Thread 0x00000237709b0000 Uncommon trap: reason=bimorphic action=maybe_recompile pc=0x000002370016c2a8 method=java.lang.Throwable.<init>(Ljava/lang/String;Ljava/lang/Throwable;)V @ 24
Event: 28.150 Thread 0x00000237709b0000 Uncommon trap: reason=class_check action=maybe_recompile pc=0x000002370098c884 method=com.sun.beans.TypeResolver.resolve(Ljava/lang/reflect/Type;Ljava/lang/reflect/Type;)Ljava/lang/reflect/Type; @ 215
Event: 28.508 Thread 0x00000237709b0000 Uncommon trap: reason=unstable_if action=reinterpret pc=0x0000023700abd16c method=java.io.WinNTFileSystem.isLetter(C)Z @ 3
Event: 28.994 Thread 0x00000237709b0000 Uncommon trap: reason=unstable_if action=reinterpret pc=0x0000023700c17be4 method=java.net.URLClassLoader.getAndVerifyPackage(Ljava/lang/String;Ljava/util/jar/Manifest;Ljava/net/URL;)Ljava/lang/Package; @ 62
Event: 29.010 Thread 0x00000237709b0000 Uncommon trap: reason=unstable_if action=reinterpret pc=0x0000023700c4b3e8 method=java.net.URLClassLoader.getAndVerifyPackage(Ljava/lang/String;Ljava/util/jar/Manifest;Ljava/net/URL;)Ljava/lang/Package; @ 62

Classes redefined (0 events):
No events

Internal exceptions (10 events):
Event: 29.479 Thread 0x00000237709b0000 Exception <a 'java/security/PrivilegedActionException'> (0x00000000d9f47ff0) thrown at [C:\jenkins\workspace\zulu-platform-build\zulu-src.git\hotspot\src\share\vm\prims\jvm.cpp, line 1514]
Event: 29.480 Thread 0x00000237709b0000 Exception <a 'java/security/PrivilegedActionException'> (0x00000000d9f5a5b0) thrown at [C:\jenkins\workspace\zulu-platform-build\zulu-src.git\hotspot\src\share\vm\prims\jvm.cpp, line 1514]
Event: 29.480 Thread 0x00000237709b0000 Exception <a 'java/security/PrivilegedActionException'> (0x00000000d9f5ab90) thrown at [C:\jenkins\workspace\zulu-platform-build\zulu-src.git\hotspot\src\share\vm\prims\jvm.cpp, line 1514]
Event: 29.508 Thread 0x00000237709b0000 Exception <a 'java/security/PrivilegedActionException'> (0x00000000da15ed60) thrown at [C:\jenkins\workspace\zulu-platform-build\zulu-src.git\hotspot\src\share\vm\prims\jvm.cpp, line 1514]
Event: 29.508 Thread 0x00000237709b0000 Exception <a 'java/security/PrivilegedActionException'> (0x00000000da15f340) thrown at [C:\jenkins\workspace\zulu-platform-build\zulu-src.git\hotspot\src\share\vm\prims\jvm.cpp, line 1514]
Event: 29.529 Thread 0x00000237709b0000 Exception <a 'java/security/PrivilegedActionException'> (0x00000000da172210) thrown at [C:\jenkins\workspace\zulu-platform-build\zulu-src.git\hotspot\src\share\vm\prims\jvm.cpp, line 1514]
Event: 29.529 Thread 0x00000237709b0000 Exception <a 'java/security/PrivilegedActionException'> (0x00000000da1727f0) thrown at [C:\jenkins\workspace\zulu-platform-build\zulu-src.git\hotspot\src\share\vm\prims\jvm.cpp, line 1514]
Event: 29.563 Thread 0x00000237709b0000 Exception <a 'java/lang/ClassNotFoundException': Script1BeanInfo> (0x00000000da3257e8) thrown at [C:\jenkins\workspace\zulu-platform-build\zulu-src.git\hotspot\src\share\vm\classfile\systemDictionary.cpp, line 220]
Event: 29.591 Thread 0x00000237709b0000 Exception <a 'java/lang/ClassNotFoundException': Script1Customizer> (0x00000000da3a9bb0) thrown at [C:\jenkins\workspace\zulu-platform-build\zulu-src.git\hotspot\src\share\vm\classfile\systemDictionary.cpp, line 220]
Event: 29.620 Thread 0x00000237709b0000 Exception <a 'java/net/SocketTimeoutException': Read timed out> (0x00000000da5a2ea8) thrown at [C:\jenkins\workspace\zulu-platform-build\zulu-src.git\hotspot\src\share\vm\prims\jni.cpp, line 736]

Events (10 events):
Event: 29.562 loading class Script1BeanInfo
Event: 29.562 loading class Script1BeanInfo done
Event: 29.563 loading class Script1BeanInfo
Event: 29.563 loading class Script1BeanInfo done
Event: 29.564 loading class Script1Customizer
Event: 29.564 loading class Script1Customizer done
Event: 29.578 loading class Script1Customizer
Event: 29.578 loading class Script1Customizer done
Event: 29.591 loading class Script1Customizer
Event: 29.591 loading class Script1Customizer done


Dynamic libraries:
0x00007ff72a8d0000 - 0x00007ff72a921000 	C:\Users\roshnig\.katalon\packages\Katalon_Studio_Windows_64-8.6.8\Katalon_Studio_Windows_64-8.6.8\jre\bin\javaw.exe
0x00007ff91b770000 - 0x00007ff91b987000 	C:\WINDOWS\SYSTEM32\ntdll.dll
0x00007ff91b120000 - 0x00007ff91b1e4000 	C:\WINDOWS\System32\KERNEL32.DLL
0x00007ff918e10000 - 0x00007ff9191b6000 	C:\WINDOWS\System32\KERNELBASE.dll
0x00007ff918570000 - 0x00007ff918690000 	C:\Windows\system32\hmpalert.dll
0x00007ff91b1f0000 - 0x00007ff91b2a3000 	C:\WINDOWS\System32\ADVAPI32.dll
0x00007ff91a770000 - 0x00007ff91a817000 	C:\WINDOWS\System32\msvcrt.dll
0x00007ff91ab50000 - 0x00007ff91abf8000 	C:\WINDOWS\System32\sechost.dll
0x00007ff918ab0000 - 0x00007ff918ad8000 	C:\WINDOWS\System32\bcrypt.dll
0x00007ff91a930000 - 0x00007ff91aa47000 	C:\WINDOWS\System32\RPCRT4.dll
0x00007ff919810000 - 0x00007ff9199be000 	C:\WINDOWS\System32\USER32.dll
0x00007ff918c70000 - 0x00007ff918c96000 	C:\WINDOWS\System32\win32u.dll
0x00007ff9194c0000 - 0x00007ff9194e9000 	C:\WINDOWS\System32\GDI32.dll
0x00007ff918ae0000 - 0x00007ff918bf8000 	C:\WINDOWS\System32\gdi32full.dll
0x00007ff919280000 - 0x00007ff91931a000 	C:\WINDOWS\System32\msvcp_win.dll
0x00007ff919320000 - 0x00007ff919431000 	C:\WINDOWS\System32\ucrtbase.dll
0x00007ff8fc7c0000 - 0x00007ff8fca53000 	C:\WINDOWS\WinSxS\amd64_microsoft.windows.common-controls_6595b64144ccf1df_6.0.22621.2506_none_270c5ae97388e100\COMCTL32.dll
0x00007ff91a820000 - 0x00007ff91a851000 	C:\WINDOWS\System32\IMM32.DLL
0x00007ff8fcbb0000 - 0x00007ff8fcbc5000 	C:\Users\roshnig\.katalon\packages\Katalon_Studio_Windows_64-8.6.8\Katalon_Studio_Windows_64-8.6.8\jre\bin\vcruntime140.dll
0x00007ff8e3fc0000 - 0x00007ff8e405b000 	C:\Users\roshnig\.katalon\packages\Katalon_Studio_Windows_64-8.6.8\Katalon_Studio_Windows_64-8.6.8\jre\bin\msvcp140.dll
0x000000005f7d0000 - 0x0000000060040000 	C:\Users\roshnig\.katalon\packages\Katalon_Studio_Windows_64-8.6.8\Katalon_Studio_Windows_64-8.6.8\jre\bin\server\jvm.dll
0x00007ff91adc0000 - 0x00007ff91adc8000 	C:\WINDOWS\System32\PSAPI.DLL
0x00007ff90bc20000 - 0x00007ff90bc2a000 	C:\WINDOWS\SYSTEM32\VERSION.dll
0x00007ff90c320000 - 0x00007ff90c354000 	C:\WINDOWS\SYSTEM32\WINMM.dll
0x00007ff908ac0000 - 0x00007ff908ac9000 	C:\WINDOWS\SYSTEM32\WSOCK32.dll
0x00007ff9194f0000 - 0x00007ff919561000 	C:\WINDOWS\System32\WS2_32.dll
0x00007ff917990000 - 0x00007ff9179a8000 	C:\WINDOWS\SYSTEM32\kernel.appcore.dll
0x00007ff90eaf0000 - 0x00007ff90eb00000 	C:\Users\roshnig\.katalon\packages\Katalon_Studio_Windows_64-8.6.8\Katalon_Studio_Windows_64-8.6.8\jre\bin\verify.dll
0x00007ff8face0000 - 0x00007ff8fad0b000 	C:\Users\roshnig\.katalon\packages\Katalon_Studio_Windows_64-8.6.8\Katalon_Studio_Windows_64-8.6.8\jre\bin\java.dll
0x00007ff8fbe40000 - 0x00007ff8fbe58000 	C:\Users\roshnig\.katalon\packages\Katalon_Studio_Windows_64-8.6.8\Katalon_Studio_Windows_64-8.6.8\jre\bin\zip.dll
0x00007ff9199d0000 - 0x00007ff91a22b000 	C:\WINDOWS\System32\SHELL32.dll
0x00007ff9166c0000 - 0x00007ff916fb6000 	C:\WINDOWS\SYSTEM32\windows.storage.dll
0x00007ff91a3e0000 - 0x00007ff91a769000 	C:\WINDOWS\System32\combase.dll
0x00007ff916580000 - 0x00007ff9166be000 	C:\WINDOWS\SYSTEM32\wintypes.dll
0x00007ff91add0000 - 0x00007ff91aec3000 	C:\WINDOWS\System32\SHCORE.dll
0x00007ff91a330000 - 0x00007ff91a38e000 	C:\WINDOWS\System32\shlwapi.dll
0x00007ff9189e0000 - 0x00007ff918a06000 	C:\WINDOWS\SYSTEM32\profapi.dll
0x00007ff8facc0000 - 0x00007ff8facdc000 	C:\Users\roshnig\.katalon\packages\Katalon_Studio_Windows_64-8.6.8\Katalon_Studio_Windows_64-8.6.8\jre\bin\net.dll
0x00007ff917e00000 - 0x00007ff917e69000 	C:\WINDOWS\system32\mswsock.dll
0x00007ff8f4410000 - 0x00007ff8f4423000 	C:\Users\roshnig\.katalon\packages\Katalon_Studio_Windows_64-8.6.8\Katalon_Studio_Windows_64-8.6.8\jre\bin\nio.dll
0x00007ff8dc600000 - 0x00007ff8dc617000 	C:\WINDOWS\system32\napinsp.dll
0x00007ff8f2b70000 - 0x00007ff8f2b8b000 	C:\WINDOWS\system32\pnrpnsp.dll
0x00007ff917240000 - 0x00007ff917339000 	C:\WINDOWS\SYSTEM32\DNSAPI.dll
0x00007ff917210000 - 0x00007ff91723d000 	C:\WINDOWS\SYSTEM32\IPHLPAPI.DLL
0x00007ff91a920000 - 0x00007ff91a929000 	C:\WINDOWS\System32\NSI.dll
0x00007ff8f2ab0000 - 0x00007ff8f2ac1000 	C:\WINDOWS\System32\winrnr.dll
0x00007ff90c020000 - 0x00007ff90c035000 	C:\WINDOWS\system32\wshbth.dll
0x00007ff8f2ad0000 - 0x00007ff8f2af1000 	C:\WINDOWS\system32\nlansp_c.dll
0x00007ff90bc10000 - 0x00007ff90bc1a000 	C:\Windows\System32\rasadhlp.dll
0x00007ff90fc40000 - 0x00007ff90fcc3000 	C:\WINDOWS\System32\fwpuclnt.dll
0x00007ff90e510000 - 0x00007ff90e529000 	C:\WINDOWS\SYSTEM32\dhcpcsvc6.DLL
0x00007ff90e4f0000 - 0x00007ff90e50f000 	C:\WINDOWS\SYSTEM32\dhcpcsvc.DLL
0x00007ff8ed0b0000 - 0x00007ff8ed0d4000 	C:\Users\roshnig\.katalon\packages\Katalon_Studio_Windows_64-8.6.8\Katalon_Studio_Windows_64-8.6.8\jre\bin\sunec.dll
0x00007ff8fcc00000 - 0x00007ff8fcc0d000 	C:\Users\roshnig\.katalon\packages\Katalon_Studio_Windows_64-8.6.8\Katalon_Studio_Windows_64-8.6.8\jre\bin\sunmscapi.dll
0x00007ff918ca0000 - 0x00007ff918e06000 	C:\WINDOWS\System32\CRYPT32.dll
0x00007ff918190000 - 0x00007ff9181be000 	C:\WINDOWS\SYSTEM32\ncrypt.dll
0x00007ff918150000 - 0x00007ff918187000 	C:\WINDOWS\SYSTEM32\NTASN1.dll
0x00007ff9182c0000 - 0x00007ff9182db000 	C:\WINDOWS\SYSTEM32\CRYPTSP.dll
0x00007ff9178f0000 - 0x00007ff917925000 	C:\WINDOWS\system32\rsaenh.dll
0x00007ff917ea0000 - 0x00007ff917ecc000 	C:\WINDOWS\SYSTEM32\USERENV.dll
0x00007ff919440000 - 0x00007ff9194ba000 	C:\WINDOWS\System32\bcryptprimitives.dll
0x00007ff918140000 - 0x00007ff91814c000 	C:\WINDOWS\SYSTEM32\CRYPTBASE.dll
0x00007ff8fc4a0000 - 0x00007ff8fc4ad000 	C:\Users\roshnig\.katalon\packages\Katalon_Studio_Windows_64-8.6.8\Katalon_Studio_Windows_64-8.6.8\jre\bin\management.dll

VM Arguments:
jvm_args: -Dgroovy.home=C:\Users\roshnig/.groovy -Djava.system.class.loader=groovy.lang.GroovyClassLoader -Xmx2048m -Dfile.encoding=UTF-8 
java_command: org.codehaus.groovy.tools.GroovyStarter --classpath C:\Users\roshnig\git\KATALON_AutomationPOC\bin\keyword;C:\Users\roshnig\git\KATALON_AutomationPOC\Keywords;C:\Users\roshnig\git\KATALON_AutomationPOC\bin\listener;C:\Users\roshnig\git\KATALON_AutomationPOC\Test Listeners;C:\Users\roshnig\git\KATALON_AutomationPOC\bin\lib;C:\Users\roshnig\git\KATALON_AutomationPOC\Libs;C:\Users\roshnig\git\KATALON_AutomationPOC\bin\groovy;C:\Users\roshnig\git\KATALON_AutomationPOC\Include\scripts\groovy;C:\Users\roshnig\.katalon\packages\Katalon_Studio_Windows_64-8.6.8\Katalon_Studio_Windows_64-8.6.8\plugins\com.kms.katalon.core_1.0.0.202309060301.jar;C:\Users\roshnig\.katalon\packages\Katalon_Studio_Windows_64-8.6.8\Katalon_Studio_Windows_64-8.6.8\configuration\resources\lib\aalto-xml-1.0.0.jar;C:\Users\roshnig\.katalon\packages\Katalon_Studio_Windows_64-8.6.8\Katalon_Studio_Windows_64-8.6.8\configuration\resources\lib\aspectjweaver-1.9.1.jar;C:\Users\roshnig\.katalon\packages\Katalon_Studio_Windows_64-8.6.8\Katalon_Studio_Windows_64-8.6.8\configuration\resources\lib\bcpkix-jdk15on-1.64.jar;C:\Users\roshnig\.katalon\packages\Katalon_Studio_Windows_64-8.6.8\Katalon_Studio_Windows_64-8.6.8\configuration\resources\lib\bcprov-jdk15on-1.64.jar;C:\Users\roshnig\.katalon\packages\Katalon_Studio_Windows_64-8.6.8\Katalon_Studio_Windows_64-8.6.8\configuration\resources\lib\browsermob-core-2.1.5.jar;C:\Users\roshnig\.katalon\packages\Katalon_Studio_Windows_64-8.6.8\Katalon_Studio_Windows_64-8.6.8\configuration\resources\lib\cglib-3.2.10.jar;C:\Users\roshnig\.katalon\packages\Katalon_Studio_Windows_64-8.6.8\Katalon_Studio_Windows_64-8.6.8\configuration\resources\lib\commons-codec-1.10.jar;C:\Users\roshnig\.katalon\packages\Katalon_Studio_Windows_64-8.6.8\Katalon_Studio_Windows_64-8.6.8\configuration\resources\lib\commons-collections4-4.1.jar;C:\Users\roshnig\.katalon\packages\Katalon_Studio_Windows_64-8.6.8\Katalon_Studio_Windows_64-8.6.8\configuration\resources\lib\commons-val
java_class_path (initial): C:\Users\roshnig\git\KATALON_AutomationPOC\bin\keyword;C:\Users\roshnig\git\KATALON_AutomationPOC\bin\listener;C:\Users\roshnig\git\KATALON_AutomationPOC\bin\lib;C:\Users\roshnig\git\KATALON_AutomationPOC\bin\groovy;C:\Users\roshnig\git\KATALON_AutomationPOC\bin;C:\Users\roshnig\.katalon\packages\Katalon_Studio_Windows_64-8.6.8\Katalon_Studio_Windows_64-8.6.8\plugins\com.kms.katalon.core_1.0.0.202309060301.jar;C:\Users\roshnig\.katalon\packages\Katalon_Studio_Windows_64-8.6.8\Katalon_Studio_Windows_64-8.6.8\configuration\resources\lib\aalto-xml-1.0.0.jar;C:\Users\roshnig\.katalon\packages\Katalon_Studio_Windows_64-8.6.8\Katalon_Studio_Windows_64-8.6.8\configuration\resources\lib\aspectjweaver-1.9.1.jar;C:\Users\roshnig\.katalon\packages\Katalon_Studio_Windows_64-8.6.8\Katalon_Studio_Windows_64-8.6.8\configuration\resources\lib\bcpkix-jdk15on-1.64.jar;C:\Users\roshnig\.katalon\packages\Katalon_Studio_Windows_64-8.6.8\Katalon_Studio_Windows_64-8.6.8\configuration\resources\lib\bcprov-jdk15on-1.64.jar;C:\Users\roshnig\.katalon\packages\Katalon_Studio_Windows_64-8.6.8\Katalon_Studio_Windows_64-8.6.8\configuration\resources\lib\browsermob-core-2.1.5.jar;C:\Users\roshnig\.katalon\packages\Katalon_Studio_Windows_64-8.6.8\Katalon_Studio_Windows_64-8.6.8\configuration\resources\lib\cglib-3.2.10.jar;C:\Users\roshnig\.katalon\packages\Katalon_Studio_Windows_64-8.6.8\Katalon_Studio_Windows_64-8.6.8\configuration\resources\lib\commons-codec-1.10.jar;C:\Users\roshnig\.katalon\packages\Katalon_Studio_Windows_64-8.6.8\Katalon_Studio_Windows_64-8.6.8\configuration\resources\lib\commons-collections4-4.1.jar;C:\Users\roshnig\.katalon\packages\Katalon_Studio_Windows_64-8.6.8\Katalon_Studio_Windows_64-8.6.8\configuration\resources\lib\commons-validator-1.6.jar;C:\Users\roshnig\.katalon\packages\Katalon_Studio_Windows_64-8.6.8\Katalon_Studio_Windows_64-8.6.8\configuration\resources\lib\curvesapi-1.04.jar;C:\Users\roshnig\.katalon\packages\Katalon_Studio_Windo
Launcher Type: SUN_STANDARD

Environment Variables:
PATH=C:/Users/roshnig/.katalon/packages/Katalon_Studio_Windows_64-8.6.8/Katalon_Studio_Windows_64-8.6.8/jre/bin/server;C:/Users/roshnig/.katalon/packages/Katalon_Studio_Windows_64-8.6.8/Katalon_Studio_Windows_64-8.6.8/jre/bin;C:/Users/roshnig/.katalon/packages/Katalon_Studio_Windows_64-8.6.8/Katalon_Studio_Windows_64-8.6.8/jre/lib/amd64;C:\Program Files (x86)\Common Files\Oracle\Java\javapath;C:\WINDOWS\system32;C:\WINDOWS;C:\WINDOWS\System32\Wbem;C:\WINDOWS\System32\WindowsPowerShell\v1.0\;C:\WINDOWS\System32\OpenSSH\;C:\Program Files\nodejs\;C:\Program Files\Git\cmd;C:\Program Files\Git\bin;C:\Program Files\nodejs\node_modules\npm\bin;C:\Users\roshnig\AppData\Local\Microsoft\WindowsApps;C:\Users\roshnig\AppData\Local\Programs\Microsoft VS Code\bin;C:\Users\roshnig\AppData\Local\Programs\Git\cmd;C:\Users\roshnig\AppData\Roaming\npm;C:\Users\roshnig\.katalon\packages\Katalon_Studio_Windows_64-8.6.8\Katalon_Studio_Windows_64-8.6.8;
USERNAME=roshnig
OS=Windows_NT
PROCESSOR_IDENTIFIER=Intel64 Family 6 Model 140 Stepping 1, GenuineIntel



---------------  S Y S T E M  ---------------

OS: Windows 11 , 64 bit Build 22621 (10.0.22621.3085)
HyperV virtualization detected

CPU:total 4 (initial active 4) (2 cores per cpu, 2 threads per core) family 6 model 140 stepping 1, cmov, cx8, fxsr, mmx, sse, sse2, sse3, ssse3, sse4.1, sse4.2, popcnt, avx, avx2, aes, clmul, erms, 3dnowpref, lzcnt, ht, tsc, tscinvbit, bmi1, bmi2, adx

Memory: 4k page, physical 8022688k(401620k free), swap 16239264k(1064k free)

vm_info: OpenJDK 64-Bit Server VM (25.362-b09) for windows-amd64 JRE (Zulu 8.68.0.21-CA-win64) (1.8.0_362-b09), built on Jan 19 2023 16:49:02 by "tester" with MS VC++ 15.9 (VS2017)

time: Fri Mar  1 02:14:29 2024
timezone: India Standard Time
elapsed time: 29.646464 seconds (0d 0h 0m 29s)

