#
# There is insufficient memory for the Java Runtime Environment to continue.
# Native memory allocation (malloc) failed to allocate 32784 bytes for Chunk::new
# Possible reasons:
#   The system is out of physical RAM or swap space
#   The process is running with CompressedOops enabled, and the Java Heap may be blocking the growth of the native heap
# Possible solutions:
#   Reduce memory load on the system
#   Increase physical memory or swap space
#   Check if swap backing store is full
#   Decrease Java heap size (-Xmx/-Xms)
#   Decrease number of Java threads
#   Decrease Java thread stack sizes (-Xss)
#   Set larger code cache with -XX:ReservedCodeCacheSize=
#   JVM is running with Unscaled Compressed Oops mode in which the Java heap is
#     placed in the first 4GB address space. The Java Heap base address is the
#     maximum limit for the native heap growth. Please use -XX:HeapBaseMinAddress
#     to set the Java Heap base and to place the Java Heap above 4GB virtual address.
# This output file may be truncated or incomplete.
#
#  Out of Memory Error (allocation.cpp:389), pid=10608, tid=0x0000000000002bd8
#
# JRE version: OpenJDK Runtime Environment (Zulu 8.68.0.21-CA-win64) (8.0_362-b09) (build 1.8.0_362-b09)
# Java VM: OpenJDK 64-Bit Server VM (25.362-b09 mixed mode windows-amd64 compressed oops)
# Failed to write core dump. Minidumps are not enabled by default on client versions of Windows
#

---------------  T H R E A D  ---------------

Current thread (0x000001491b295800):  JavaThread "C2 CompilerThread1" daemon [_thread_in_native, id=11224, stack(0x0000004489e00000,0x0000004489f00000)]

Stack: [0x0000004489e00000,0x0000004489f00000]
[error occurred during error reporting (printing stack bounds), id 0xc0000005]

Native frames: (J=compiled Java code, j=interpreted, Vv=VM code, C=native code)


Current CompileTask:
C2:  12633 2986       4       sun.misc.ProxyGenerator$ConstantPool::getValue (91 bytes)


---------------  P R O C E S S  ---------------

Java Threads: ( => current thread )
  0x000001491c051800 JavaThread "Okio Watchdog" daemon [_thread_blocked, id=7228, stack(0x000000448aa00000,0x000000448ab00000)]
  0x000001491c053000 JavaThread "OkHttp ConnectionPool" daemon [_thread_blocked, id=17120, stack(0x000000448a900000,0x000000448aa00000)]
  0x000001491c051000 JavaThread "ForkJoinPool.commonPool-worker-3" daemon [_thread_blocked, id=16620, stack(0x000000448a800000,0x000000448a900000)]
  0x000001491c055000 JavaThread "ForkJoinPool.commonPool-worker-2" daemon [_thread_blocked, id=6328, stack(0x000000448a700000,0x000000448a800000)]
  0x000001491c04e800 JavaThread "Exec Stream Pumper" daemon [_thread_in_native, id=16532, stack(0x000000448a500000,0x000000448a600000)]
  0x000001491c052800 JavaThread "Exec Stream Pumper" daemon [_thread_in_native, id=12084, stack(0x000000448a400000,0x000000448a500000)]
  0x000001491c055800 JavaThread "Exec Default Executor" daemon [_thread_in_native, id=19952, stack(0x000000448a200000,0x000000448a300000)]
  0x000001491b368000 JavaThread "Service Thread" daemon [_thread_blocked, id=16804, stack(0x000000448a000000,0x000000448a100000)]
  0x000001491b29a800 JavaThread "C1 CompilerThread2" daemon [_thread_blocked, id=19104, stack(0x0000004489f00000,0x000000448a000000)]
=>0x000001491b295800 JavaThread "C2 CompilerThread1" daemon [_thread_in_native, id=11224, stack(0x0000004489e00000,0x0000004489f00000)]
  0x000001491b295000 JavaThread "C2 CompilerThread0" daemon [_thread_in_native, id=11564, stack(0x0000004489d00000,0x0000004489e00000)]
  0x000001491b2f0800 JavaThread "Attach Listener" daemon [_thread_blocked, id=12700, stack(0x0000004489c00000,0x0000004489d00000)]
  0x000001491b288000 JavaThread "Signal Dispatcher" daemon [_thread_blocked, id=5136, stack(0x0000004489b00000,0x0000004489c00000)]
  0x0000014919edd800 JavaThread "Finalizer" daemon [_thread_blocked, id=18464, stack(0x0000004489a00000,0x0000004489b00000)]
  0x0000014919ed6000 JavaThread "Reference Handler" daemon [_thread_blocked, id=14112, stack(0x0000004489900000,0x0000004489a00000)]
  0x0000014903871000 JavaThread "main" [_thread_in_native, id=20392, stack(0x0000004489300000,0x0000004489400000)]

Other Threads:
  0x0000014919bee800 VMThread [stack: 0x0000004489800000,0x0000004489900000] [id=3340]
  0x000001491b385000 WatcherThread [stack: 0x000000448a100000,0x000000448a200000] [id=8480]

VM state:not at safepoint (normal execution)

VM Mutex/Monitor currently owned by a thread: None

heap address: 0x0000000080000000, size: 2048 MB, Compressed Oops mode: 32-bit
Narrow klass base: 0x0000000000000000, Narrow klass shift: 3
Compressed class space size: 1073741824 Address: 0x0000000100000000

Heap:
 PSYoungGen      total 179712K, used 65014K [0x00000000d5580000, 0x00000000e1180000, 0x0000000100000000)
  eden space 172032K, 33% used [0x00000000d5580000,0x00000000d8d831c8,0x00000000dfd80000)
  from space 7680K, 99% used [0x00000000e0900000,0x00000000e107a700,0x00000000e1080000)
  to   space 10240K, 0% used [0x00000000dfd80000,0x00000000dfd80000,0x00000000e0780000)
 ParOldGen       total 50688K, used 12475K [0x0000000080000000, 0x0000000083180000, 0x00000000d5580000)
  object space 50688K, 24% used [0x0000000080000000,0x0000000080c2ee20,0x0000000083180000)
 Metaspace       used 30576K, capacity 31516K, committed 31872K, reserved 1077248K
  class space    used 3613K, capacity 3867K, committed 3968K, reserved 1048576K

Card table byte_map: [0x0000014914830000,0x0000014914c40000] byte_map_base: 0x0000014914430000

Marking Bits: (ParMarkBitMap*) 0x000000005ffc5390
 Begin Bits: [0x0000014914ef0000, 0x0000014916ef0000)
 End Bits:   [0x0000014916ef0000, 0x0000014918ef0000)

Polling page: 0x0000014903980000

CodeCache: size=245760Kb used=12466Kb max_used=12466Kb free=233293Kb
 bounds [0x0000014905470000, 0x00000149060b0000, 0x0000014914470000]
 total_blobs=3648 nmethods=2943 adapters=615
 compilation: enabled

Compilation events (10 events):
Event: 12.625 Thread 0x000001491b29a800 2981       3       sun.misc.ProxyGenerator::code_aload (11 bytes)
Event: 12.625 Thread 0x000001491b29a800 nmethod 2981 0x00000149060a01d0 code [0x00000149060a0340, 0x00000149060a04f0]
Event: 12.625 Thread 0x000001491b29a800 2982       3       sun.misc.ProxyGenerator$ConstantPool::getFieldRef (33 bytes)
Event: 12.625 Thread 0x000001491b295000 2985       4       sun.misc.ProxyGenerator$ConstantPool::getUtf8 (18 bytes)
Event: 12.626 Thread 0x000001491b29a800 nmethod 2982 0x000001490609e690 code [0x000001490609e920, 0x000001490609f6d0]
Event: 12.626 Thread 0x000001491b29a800 2984       3       sun.misc.ProxyGenerator::getParameterDescriptors (47 bytes)
Event: 12.626 Thread 0x000001491b29a800 nmethod 2984 0x00000149060a0c10 code [0x00000149060a0e60, 0x00000149060a1c40]
Event: 12.626 Thread 0x000001491b29a800 2983       3       sun.misc.ProxyGenerator::access$700 (7 bytes)
Event: 12.626 Thread 0x000001491b29a800 nmethod 2983 0x000001490609e210 code [0x000001490609e380, 0x000001490609e570]
Event: 12.626 Thread 0x000001491b295800 2986       4       sun.misc.ProxyGenerator$ConstantPool::getValue (91 bytes)

GC Heap History (10 events):
Event: 3.263 GC heap before
{Heap before GC invocations=7 (full 0):
 PSYoungGen      total 68096K, used 68066K [0x00000000d5580000, 0x00000000da280000, 0x0000000100000000)
  eden space 61952K, 100% used [0x00000000d5580000,0x00000000d9200000,0x00000000d9200000)
  from space 6144K, 99% used [0x00000000d9980000,0x00000000d9f78940,0x00000000d9f80000)
  to   space 7680K, 0% used [0x00000000d9200000,0x00000000d9200000,0x00000000d9980000)
 ParOldGen       total 84992K, used 2311K [0x0000000080000000, 0x0000000085300000, 0x00000000d5580000)
  object space 84992K, 2% used [0x0000000080000000,0x0000000080241fc0,0x0000000085300000)
 Metaspace       used 20715K, capacity 20958K, committed 21296K, reserved 1069056K
  class space    used 2290K, capacity 2389K, committed 2432K, reserved 1048576K
Event: 3.273 GC heap after
Heap after GC invocations=7 (full 0):
 PSYoungGen      total 69632K, used 6241K [0x00000000d5580000, 0x00000000ddd80000, 0x0000000100000000)
  eden space 61952K, 0% used [0x00000000d5580000,0x00000000d5580000,0x00000000d9200000)
  from space 7680K, 81% used [0x00000000d9200000,0x00000000d9818750,0x00000000d9980000)
  to   space 7680K, 0% used [0x00000000dd600000,0x00000000dd600000,0x00000000ddd80000)
 ParOldGen       total 84992K, used 5649K [0x0000000080000000, 0x0000000085300000, 0x00000000d5580000)
  object space 84992K, 6% used [0x0000000080000000,0x0000000080584720,0x0000000085300000)
 Metaspace       used 20715K, capacity 20958K, committed 21296K, reserved 1069056K
  class space    used 2290K, capacity 2389K, committed 2432K, reserved 1048576K
}
Event: 3.322 GC heap before
{Heap before GC invocations=8 (full 0):
 PSYoungGen      total 69632K, used 13646K [0x00000000d5580000, 0x00000000ddd80000, 0x0000000100000000)
  eden space 61952K, 11% used [0x00000000d5580000,0x00000000d5cbb148,0x00000000d9200000)
  from space 7680K, 81% used [0x00000000d9200000,0x00000000d9818750,0x00000000d9980000)
  to   space 7680K, 0% used [0x00000000dd600000,0x00000000dd600000,0x00000000ddd80000)
 ParOldGen       total 84992K, used 5649K [0x0000000080000000, 0x0000000085300000, 0x00000000d5580000)
  object space 84992K, 6% used [0x0000000080000000,0x0000000080584720,0x0000000085300000)
 Metaspace       used 20812K, capacity 21034K, committed 21296K, reserved 1069056K
  class space    used 2294K, capacity 2393K, committed 2432K, reserved 1048576K
Event: 3.330 GC heap after
Heap after GC invocations=8 (full 0):
 PSYoungGen      total 131584K, used 4144K [0x00000000d5580000, 0x00000000ddd80000, 0x0000000100000000)
  eden space 123904K, 0% used [0x00000000d5580000,0x00000000d5580000,0x00000000dce80000)
  from space 7680K, 53% used [0x00000000dd600000,0x00000000dda0c020,0x00000000ddd80000)
  to   space 7680K, 0% used [0x00000000dce80000,0x00000000dce80000,0x00000000dd600000)
 ParOldGen       total 84992K, used 5945K [0x0000000080000000, 0x0000000085300000, 0x00000000d5580000)
  object space 84992K, 6% used [0x0000000080000000,0x00000000805ce720,0x0000000085300000)
 Metaspace       used 20812K, capacity 21034K, committed 21296K, reserved 1069056K
  class space    used 2294K, capacity 2393K, committed 2432K, reserved 1048576K
}
Event: 3.330 GC heap before
{Heap before GC invocations=9 (full 1):
 PSYoungGen      total 131584K, used 4144K [0x00000000d5580000, 0x00000000ddd80000, 0x0000000100000000)
  eden space 123904K, 0% used [0x00000000d5580000,0x00000000d5580000,0x00000000dce80000)
  from space 7680K, 53% used [0x00000000dd600000,0x00000000dda0c020,0x00000000ddd80000)
  to   space 7680K, 0% used [0x00000000dce80000,0x00000000dce80000,0x00000000dd600000)
 ParOldGen       total 84992K, used 5945K [0x0000000080000000, 0x0000000085300000, 0x00000000d5580000)
  object space 84992K, 6% used [0x0000000080000000,0x00000000805ce720,0x0000000085300000)
 Metaspace       used 20812K, capacity 21034K, committed 21296K, reserved 1069056K
  class space    used 2294K, capacity 2393K, committed 2432K, reserved 1048576K
Event: 3.379 GC heap after
Heap after GC invocations=9 (full 1):
 PSYoungGen      total 131584K, used 0K [0x00000000d5580000, 0x00000000ddd80000, 0x0000000100000000)
  eden space 123904K, 0% used [0x00000000d5580000,0x00000000d5580000,0x00000000dce80000)
  from space 7680K, 0% used [0x00000000dd600000,0x00000000dd600000,0x00000000ddd80000)
  to   space 7680K, 0% used [0x00000000dce80000,0x00000000dce80000,0x00000000dd600000)
 ParOldGen       total 50688K, used 8140K [0x0000000080000000, 0x0000000083180000, 0x00000000d5580000)
  object space 50688K, 16% used [0x0000000080000000,0x00000000807f33b8,0x0000000083180000)
 Metaspace       used 20812K, capacity 21034K, committed 21296K, reserved 1069056K
  class space    used 2294K, capacity 2393K, committed 2432K, reserved 1048576K
}
Event: 3.887 GC heap before
{Heap before GC invocations=10 (full 1):
 PSYoungGen      total 131584K, used 123904K [0x00000000d5580000, 0x00000000ddd80000, 0x0000000100000000)
  eden space 123904K, 100% used [0x00000000d5580000,0x00000000dce80000,0x00000000dce80000)
  from space 7680K, 0% used [0x00000000dd600000,0x00000000dd600000,0x00000000ddd80000)
  to   space 7680K, 0% used [0x00000000dce80000,0x00000000dce80000,0x00000000dd600000)
 ParOldGen       total 50688K, used 8140K [0x0000000080000000, 0x0000000083180000, 0x00000000d5580000)
  object space 50688K, 16% used [0x0000000080000000,0x00000000807f33b8,0x0000000083180000)
 Metaspace       used 22548K, capacity 22890K, committed 23168K, reserved 1069056K
  class space    used 2459K, capacity 2601K, committed 2688K, reserved 1048576K
Event: 3.891 GC heap after
Heap after GC invocations=10 (full 1):
 PSYoungGen      total 131584K, used 4296K [0x00000000d5580000, 0x00000000e1080000, 0x0000000100000000)
  eden space 123904K, 0% used [0x00000000d5580000,0x00000000d5580000,0x00000000dce80000)
  from space 7680K, 55% used [0x00000000dce80000,0x00000000dd2b2278,0x00000000dd600000)
  to   space 7680K, 0% used [0x00000000e0900000,0x00000000e0900000,0x00000000e1080000)
 ParOldGen       total 50688K, used 8148K [0x0000000080000000, 0x0000000083180000, 0x00000000d5580000)
  object space 50688K, 16% used [0x0000000080000000,0x00000000807f53b8,0x0000000083180000)
 Metaspace       used 22548K, capacity 22890K, committed 23168K, reserved 1069056K
  class space    used 2459K, capacity 2601K, committed 2688K, reserved 1048576K
}
Event: 6.660 GC heap before
{Heap before GC invocations=11 (full 1):
 PSYoungGen      total 131584K, used 128200K [0x00000000d5580000, 0x00000000e1080000, 0x0000000100000000)
  eden space 123904K, 100% used [0x00000000d5580000,0x00000000dce80000,0x00000000dce80000)
  from space 7680K, 55% used [0x00000000dce80000,0x00000000dd2b2278,0x00000000dd600000)
  to   space 7680K, 0% used [0x00000000e0900000,0x00000000e0900000,0x00000000e1080000)
 ParOldGen       total 50688K, used 8148K [0x0000000080000000, 0x0000000083180000, 0x00000000d5580000)
  object space 50688K, 16% used [0x0000000080000000,0x00000000807f53b8,0x0000000083180000)
 Metaspace       used 28596K, capacity 29298K, committed 29440K, reserved 1075200K
  class space    used 3326K, capacity 3532K, committed 3584K, reserved 1048576K
Event: 6.672 GC heap after
Heap after GC invocations=11 (full 1):
 PSYoungGen      total 179712K, used 7657K [0x00000000d5580000, 0x00000000e1180000, 0x0000000100000000)
  eden space 172032K, 0% used [0x00000000d5580000,0x00000000d5580000,0x00000000dfd80000)
  from space 7680K, 99% used [0x00000000e0900000,0x00000000e107a700,0x00000000e1080000)
  to   space 10240K, 0% used [0x00000000dfd80000,0x00000000dfd80000,0x00000000e0780000)
 ParOldGen       total 50688K, used 12475K [0x0000000080000000, 0x0000000083180000, 0x00000000d5580000)
  object space 50688K, 24% used [0x0000000080000000,0x0000000080c2ee20,0x0000000083180000)
 Metaspace       used 28596K, capacity 29298K, committed 29440K, reserved 1075200K
  class space    used 3326K, capacity 3532K, committed 3584K, reserved 1048576K
}

Deoptimization events (10 events):
Event: 6.845 Thread 0x0000014903871000 Uncommon trap: reason=unstable_if action=reinterpret pc=0x0000014905ed20e8 method=java.util.regex.Pattern$BmpCharProperty.match(Ljava/util/regex/Matcher;ILjava/lang/CharSequence;)Z @ 34
Event: 6.851 Thread 0x0000014903871000 Uncommon trap: reason=class_check action=maybe_recompile pc=0x0000014905f8e858 method=java.io.DataInputStream.readChar()C @ 4
Event: 6.851 Thread 0x0000014903871000 Uncommon trap: reason=class_check action=maybe_recompile pc=0x0000014905f8e858 method=java.io.DataInputStream.readChar()C @ 4
Event: 6.851 Thread 0x0000014903871000 Uncommon trap: reason=class_check action=maybe_recompile pc=0x0000014905f8e858 method=java.io.DataInputStream.readChar()C @ 4
Event: 6.851 Thread 0x0000014903871000 Uncommon trap: reason=class_check action=maybe_recompile pc=0x0000014905f8e858 method=java.io.DataInputStream.readChar()C @ 4
Event: 6.881 Thread 0x0000014903871000 Uncommon trap: reason=class_check action=maybe_recompile pc=0x0000014905f23ecc method=java.util.HashSet.contains(Ljava/lang/Object;)Z @ 5
Event: 6.881 Thread 0x0000014903871000 Uncommon trap: reason=class_check action=maybe_recompile pc=0x0000014905f23ecc method=java.util.HashSet.contains(Ljava/lang/Object;)Z @ 5
Event: 12.613 Thread 0x0000014903871000 Uncommon trap: reason=bimorphic action=maybe_recompile pc=0x0000014905cba83c method=java.util.HashMap.putVal(ILjava/lang/Object;Ljava/lang/Object;ZZ)Ljava/lang/Object; @ 203
Event: 12.614 Thread 0x0000014903871000 Uncommon trap: reason=bimorphic action=maybe_recompile pc=0x0000014905cba83c method=java.util.HashMap.putVal(ILjava/lang/Object;Ljava/lang/Object;ZZ)Ljava/lang/Object; @ 203
Event: 12.614 Thread 0x0000014903871000 Uncommon trap: reason=bimorphic action=maybe_recompile pc=0x0000014905cba83c method=java.util.HashMap.putVal(ILjava/lang/Object;Ljava/lang/Object;ZZ)Ljava/lang/Object; @ 203

Classes redefined (0 events):
No events

Internal exceptions (10 events):
Event: 4.307 Thread 0x0000014903871000 Exception <a 'java/lang/ClassNotFoundException': groovy/lang/Closure$1BeanInfo> (0x00000000d8751588) thrown at [C:\jenkins\workspace\zulu-platform-build\zulu-src.git\hotspot\src\share\vm\classfile\systemDictionary.cpp, line 220]
Event: 4.309 Thread 0x0000014903871000 Exception <a 'java/lang/ClassNotFoundException': groovy/lang/ClosureBeanInfo> (0x00000000d87be648) thrown at [C:\jenkins\workspace\zulu-platform-build\zulu-src.git\hotspot\src\share\vm\classfile\systemDictionary.cpp, line 220]
Event: 4.310 Thread 0x0000014903871000 Exception <a 'java/lang/ClassNotFoundException': groovy/lang/ClosureCustomizer> (0x00000000d882d7f0) thrown at [C:\jenkins\workspace\zulu-platform-build\zulu-src.git\hotspot\src\share\vm\classfile\systemDictionary.cpp, line 220]
Event: 4.313 Thread 0x0000014903871000 Exception <a 'java/lang/ClassNotFoundException': groovy/lang/Closure$1Customizer> (0x00000000d88c2210) thrown at [C:\jenkins\workspace\zulu-platform-build\zulu-src.git\hotspot\src\share\vm\classfile\systemDictionary.cpp, line 220]
Event: 4.503 Thread 0x0000014903871000 Implicit null exception at 0x000001490587b861 to 0x0000014905880f81
Event: 4.965 Thread 0x0000014903871000 Exception <a 'java/lang/IncompatibleClassChangeError': Found class java.lang.Object, but interface was expected> (0x00000000d9c19c00) thrown at [C:\jenkins\workspace\zulu-platform-build\zulu-src.git\hotspot\src\share\vm\interpreter\linkResolver.cpp, line 
Event: 6.473 Thread 0x0000014903871000 Exception <a 'java/lang/IncompatibleClassChangeError': Found class java.lang.Object, but interface was expected> (0x00000000db442520) thrown at [C:\jenkins\workspace\zulu-platform-build\zulu-src.git\hotspot\src\share\vm\interpreter\linkResolver.cpp, line 
Event: 6.475 Thread 0x0000014903871000 Exception <a 'java/lang/NoSuchMethodError': java.lang.Object.lambda$or$2(Ljava/util/function/Predicate;Ljava/lang/Object;)Z> (0x00000000db44c320) thrown at [C:\jenkins\workspace\zulu-platform-build\zulu-src.git\hotspot\src\share\vm\interpreter\linkResolve
Event: 6.515 Thread 0x0000014903871000 Exception <a 'java/lang/NoSuchMethodError': java.lang.Object.lambda$chars$0()Ljava/util/Spliterator$OfInt;> (0x00000000db93bdc0) thrown at [C:\jenkins\workspace\zulu-platform-build\zulu-src.git\hotspot\src\share\vm\interpreter\linkResolver.cpp, line 620]
Event: 12.555 Thread 0x0000014903871000 Exception <a 'java/lang/NoSuchMethodError': java.lang.Object.lambda$getResponseFunction$0(Lorg/openqa/selenium/remote/InitialHandshakeResponse;)Lorg/openqa/selenium/remote/ProtocolHandshake$Result;> (0x00000000d89952b0) thrown at [C:\jenkins\workspace\zul

Events (10 events):
Event: 12.614 Thread 0x0000014903871000 DEOPT UNPACKING pc=0x00000149054b5683 sp=0x00000044893fc8d0 mode 2
Event: 12.614 Thread 0x0000014903871000 Uncommon trap: trap_request=0xffffffc6 fr.pc=0x0000014905cba83c
Event: 12.614 Thread 0x0000014903871000 DEOPT PACKING pc=0x0000014905cba83c sp=0x00000044893fc9c0
Event: 12.614 Thread 0x0000014903871000 DEOPT UNPACKING pc=0x00000149054b5683 sp=0x00000044893fc8d0 mode 2
Event: 12.622 loading class org/openqa/selenium/WebDriver
Event: 12.622 loading class org/openqa/selenium/WebDriver done
Event: 12.623 loading class org/openqa/selenium/support/events/EventFiringWebDriver
Event: 12.623 loading class org/openqa/selenium/support/events/EventFiringWebDriver done
Event: 12.623 loading class java/lang/reflect/Proxy$KeyX
Event: 12.624 loading class java/lang/reflect/Proxy$KeyX done


Dynamic libraries:
0x00007ff75ac20000 - 0x00007ff75ac71000 	C:\Users\roshnig\.katalon\packages\Katalon_Studio_Windows_64-8.6.8\Katalon_Studio_Windows_64-8.6.8\jre\bin\javaw.exe
0x00007ff91b770000 - 0x00007ff91b987000 	C:\WINDOWS\SYSTEM32\ntdll.dll
0x00007ff91b120000 - 0x00007ff91b1e4000 	C:\WINDOWS\System32\KERNEL32.DLL
0x00007ff918e10000 - 0x00007ff9191b6000 	C:\WINDOWS\System32\KERNELBASE.dll
0x00007ff918570000 - 0x00007ff918690000 	C:\Windows\system32\hmpalert.dll
0x00007ff91b1f0000 - 0x00007ff91b2a3000 	C:\WINDOWS\System32\ADVAPI32.dll
0x00007ff91a770000 - 0x00007ff91a817000 	C:\WINDOWS\System32\msvcrt.dll
0x00007ff91ab50000 - 0x00007ff91abf8000 	C:\WINDOWS\System32\sechost.dll
0x00007ff918ab0000 - 0x00007ff918ad8000 	C:\WINDOWS\System32\bcrypt.dll
0x00007ff91a930000 - 0x00007ff91aa47000 	C:\WINDOWS\System32\RPCRT4.dll
0x00007ff919810000 - 0x00007ff9199be000 	C:\WINDOWS\System32\USER32.dll
0x00007ff918c70000 - 0x00007ff918c96000 	C:\WINDOWS\System32\win32u.dll
0x00007ff9194c0000 - 0x00007ff9194e9000 	C:\WINDOWS\System32\GDI32.dll
0x00007ff918ae0000 - 0x00007ff918bf8000 	C:\WINDOWS\System32\gdi32full.dll
0x00007ff919280000 - 0x00007ff91931a000 	C:\WINDOWS\System32\msvcp_win.dll
0x00007ff919320000 - 0x00007ff919431000 	C:\WINDOWS\System32\ucrtbase.dll
0x00007ff8fc7c0000 - 0x00007ff8fca53000 	C:\WINDOWS\WinSxS\amd64_microsoft.windows.common-controls_6595b64144ccf1df_6.0.22621.2506_none_270c5ae97388e100\COMCTL32.dll
0x00007ff91a820000 - 0x00007ff91a851000 	C:\WINDOWS\System32\IMM32.DLL
0x00007ff8fcbb0000 - 0x00007ff8fcbc5000 	C:\Users\roshnig\.katalon\packages\Katalon_Studio_Windows_64-8.6.8\Katalon_Studio_Windows_64-8.6.8\jre\bin\vcruntime140.dll
0x00007ff8e4280000 - 0x00007ff8e431b000 	C:\Users\roshnig\.katalon\packages\Katalon_Studio_Windows_64-8.6.8\Katalon_Studio_Windows_64-8.6.8\jre\bin\msvcp140.dll
0x000000005f7d0000 - 0x0000000060040000 	C:\Users\roshnig\.katalon\packages\Katalon_Studio_Windows_64-8.6.8\Katalon_Studio_Windows_64-8.6.8\jre\bin\server\jvm.dll
0x00007ff91adc0000 - 0x00007ff91adc8000 	C:\WINDOWS\System32\PSAPI.DLL
0x00007ff908ac0000 - 0x00007ff908ac9000 	C:\WINDOWS\SYSTEM32\WSOCK32.dll
0x00007ff9194f0000 - 0x00007ff919561000 	C:\WINDOWS\System32\WS2_32.dll
0x00007ff90bc20000 - 0x00007ff90bc2a000 	C:\WINDOWS\SYSTEM32\VERSION.dll
0x00007ff90c320000 - 0x00007ff90c354000 	C:\WINDOWS\SYSTEM32\WINMM.dll
0x00007ff917990000 - 0x00007ff9179a8000 	C:\WINDOWS\SYSTEM32\kernel.appcore.dll
0x00007ff90eaf0000 - 0x00007ff90eb00000 	C:\Users\roshnig\.katalon\packages\Katalon_Studio_Windows_64-8.6.8\Katalon_Studio_Windows_64-8.6.8\jre\bin\verify.dll
0x00007ff8face0000 - 0x00007ff8fad0b000 	C:\Users\roshnig\.katalon\packages\Katalon_Studio_Windows_64-8.6.8\Katalon_Studio_Windows_64-8.6.8\jre\bin\java.dll
0x00007ff8fbe40000 - 0x00007ff8fbe58000 	C:\Users\roshnig\.katalon\packages\Katalon_Studio_Windows_64-8.6.8\Katalon_Studio_Windows_64-8.6.8\jre\bin\zip.dll
0x00007ff9199d0000 - 0x00007ff91a22b000 	C:\WINDOWS\System32\SHELL32.dll
0x00007ff9166c0000 - 0x00007ff916fb6000 	C:\WINDOWS\SYSTEM32\windows.storage.dll
0x00007ff91a3e0000 - 0x00007ff91a769000 	C:\WINDOWS\System32\combase.dll
0x00007ff916580000 - 0x00007ff9166be000 	C:\WINDOWS\SYSTEM32\wintypes.dll
0x00007ff91add0000 - 0x00007ff91aec3000 	C:\WINDOWS\System32\SHCORE.dll
0x00007ff91a330000 - 0x00007ff91a38e000 	C:\WINDOWS\System32\shlwapi.dll
0x00007ff9189e0000 - 0x00007ff918a06000 	C:\WINDOWS\SYSTEM32\profapi.dll
0x00007ff8facc0000 - 0x00007ff8facdc000 	C:\Users\roshnig\.katalon\packages\Katalon_Studio_Windows_64-8.6.8\Katalon_Studio_Windows_64-8.6.8\jre\bin\net.dll
0x00007ff917e00000 - 0x00007ff917e69000 	C:\WINDOWS\system32\mswsock.dll
0x00007ff8f4410000 - 0x00007ff8f4423000 	C:\Users\roshnig\.katalon\packages\Katalon_Studio_Windows_64-8.6.8\Katalon_Studio_Windows_64-8.6.8\jre\bin\nio.dll
0x00007ff917240000 - 0x00007ff917339000 	C:\WINDOWS\SYSTEM32\DNSAPI.dll
0x00007ff917210000 - 0x00007ff91723d000 	C:\WINDOWS\SYSTEM32\IPHLPAPI.DLL
0x00007ff91a920000 - 0x00007ff91a929000 	C:\WINDOWS\System32\NSI.dll
0x00007ff90bc10000 - 0x00007ff90bc1a000 	C:\Windows\System32\rasadhlp.dll
0x00007ff90fc40000 - 0x00007ff90fcc3000 	C:\WINDOWS\System32\fwpuclnt.dll
0x00007ff8ed0b0000 - 0x00007ff8ed0d4000 	C:\Users\roshnig\.katalon\packages\Katalon_Studio_Windows_64-8.6.8\Katalon_Studio_Windows_64-8.6.8\jre\bin\sunec.dll
0x00007ff8fcc00000 - 0x00007ff8fcc0d000 	C:\Users\roshnig\.katalon\packages\Katalon_Studio_Windows_64-8.6.8\Katalon_Studio_Windows_64-8.6.8\jre\bin\sunmscapi.dll
0x00007ff918ca0000 - 0x00007ff918e06000 	C:\WINDOWS\System32\CRYPT32.dll
0x00007ff918190000 - 0x00007ff9181be000 	C:\WINDOWS\SYSTEM32\ncrypt.dll
0x00007ff918150000 - 0x00007ff918187000 	C:\WINDOWS\SYSTEM32\NTASN1.dll
0x00007ff9182c0000 - 0x00007ff9182db000 	C:\WINDOWS\SYSTEM32\CRYPTSP.dll
0x00007ff9178f0000 - 0x00007ff917925000 	C:\WINDOWS\system32\rsaenh.dll
0x00007ff917ea0000 - 0x00007ff917ecc000 	C:\WINDOWS\SYSTEM32\USERENV.dll
0x00007ff919440000 - 0x00007ff9194ba000 	C:\WINDOWS\System32\bcryptprimitives.dll
0x00007ff918140000 - 0x00007ff91814c000 	C:\WINDOWS\SYSTEM32\CRYPTBASE.dll
0x00007ff90e510000 - 0x00007ff90e529000 	C:\WINDOWS\SYSTEM32\dhcpcsvc6.DLL
0x00007ff90e4f0000 - 0x00007ff90e50f000 	C:\WINDOWS\SYSTEM32\dhcpcsvc.DLL

VM Arguments:
jvm_args: -Dgroovy.home=C:\Users\roshnig/.groovy -Djava.system.class.loader=groovy.lang.GroovyClassLoader -Xmx2048m -Dfile.encoding=UTF-8 
java_command: org.codehaus.groovy.tools.GroovyStarter --classpath C:\Users\roshnig\git\KATALON_AutomationPOC\bin\keyword;C:\Users\roshnig\git\KATALON_AutomationPOC\Keywords;C:\Users\roshnig\git\KATALON_AutomationPOC\bin\listener;C:\Users\roshnig\git\KATALON_AutomationPOC\Test Listeners;C:\Users\roshnig\git\KATALON_AutomationPOC\bin\lib;C:\Users\roshnig\git\KATALON_AutomationPOC\Libs;C:\Users\roshnig\git\KATALON_AutomationPOC\bin\groovy;C:\Users\roshnig\git\KATALON_AutomationPOC\Include\scripts\groovy;C:\Users\roshnig\.katalon\packages\Katalon_Studio_Windows_64-8.6.8\Katalon_Studio_Windows_64-8.6.8\plugins\com.kms.katalon.core_1.0.0.202309060301.jar;C:\Users\roshnig\.katalon\packages\Katalon_Studio_Windows_64-8.6.8\Katalon_Studio_Windows_64-8.6.8\configuration\resources\lib\aalto-xml-1.0.0.jar;C:\Users\roshnig\.katalon\packages\Katalon_Studio_Windows_64-8.6.8\Katalon_Studio_Windows_64-8.6.8\configuration\resources\lib\aspectjweaver-1.9.1.jar;C:\Users\roshnig\.katalon\packages\Katalon_Studio_Windows_64-8.6.8\Katalon_Studio_Windows_64-8.6.8\configuration\resources\lib\bcpkix-jdk15on-1.64.jar;C:\Users\roshnig\.katalon\packages\Katalon_Studio_Windows_64-8.6.8\Katalon_Studio_Windows_64-8.6.8\configuration\resources\lib\bcprov-jdk15on-1.64.jar;C:\Users\roshnig\.katalon\packages\Katalon_Studio_Windows_64-8.6.8\Katalon_Studio_Windows_64-8.6.8\configuration\resources\lib\browsermob-core-2.1.5.jar;C:\Users\roshnig\.katalon\packages\Katalon_Studio_Windows_64-8.6.8\Katalon_Studio_Windows_64-8.6.8\configuration\resources\lib\cglib-3.2.10.jar;C:\Users\roshnig\.katalon\packages\Katalon_Studio_Windows_64-8.6.8\Katalon_Studio_Windows_64-8.6.8\configuration\resources\lib\commons-codec-1.10.jar;C:\Users\roshnig\.katalon\packages\Katalon_Studio_Windows_64-8.6.8\Katalon_Studio_Windows_64-8.6.8\configuration\resources\lib\commons-collections4-4.1.jar;C:\Users\roshnig\.katalon\packages\Katalon_Studio_Windows_64-8.6.8\Katalon_Studio_Windows_64-8.6.8\configuration\resources\lib\commons-val
java_class_path (initial): C:\Users\roshnig\git\KATALON_AutomationPOC\bin\keyword;C:\Users\roshnig\git\KATALON_AutomationPOC\bin\listener;C:\Users\roshnig\git\KATALON_AutomationPOC\bin\lib;C:\Users\roshnig\git\KATALON_AutomationPOC\bin\groovy;C:\Users\roshnig\git\KATALON_AutomationPOC\bin;C:\Users\roshnig\.katalon\packages\Katalon_Studio_Windows_64-8.6.8\Katalon_Studio_Windows_64-8.6.8\plugins\com.kms.katalon.core_1.0.0.202309060301.jar;C:\Users\roshnig\.katalon\packages\Katalon_Studio_Windows_64-8.6.8\Katalon_Studio_Windows_64-8.6.8\configuration\resources\lib\aalto-xml-1.0.0.jar;C:\Users\roshnig\.katalon\packages\Katalon_Studio_Windows_64-8.6.8\Katalon_Studio_Windows_64-8.6.8\configuration\resources\lib\aspectjweaver-1.9.1.jar;C:\Users\roshnig\.katalon\packages\Katalon_Studio_Windows_64-8.6.8\Katalon_Studio_Windows_64-8.6.8\configuration\resources\lib\bcpkix-jdk15on-1.64.jar;C:\Users\roshnig\.katalon\packages\Katalon_Studio_Windows_64-8.6.8\Katalon_Studio_Windows_64-8.6.8\configuration\resources\lib\bcprov-jdk15on-1.64.jar;C:\Users\roshnig\.katalon\packages\Katalon_Studio_Windows_64-8.6.8\Katalon_Studio_Windows_64-8.6.8\configuration\resources\lib\browsermob-core-2.1.5.jar;C:\Users\roshnig\.katalon\packages\Katalon_Studio_Windows_64-8.6.8\Katalon_Studio_Windows_64-8.6.8\configuration\resources\lib\cglib-3.2.10.jar;C:\Users\roshnig\.katalon\packages\Katalon_Studio_Windows_64-8.6.8\Katalon_Studio_Windows_64-8.6.8\configuration\resources\lib\commons-codec-1.10.jar;C:\Users\roshnig\.katalon\packages\Katalon_Studio_Windows_64-8.6.8\Katalon_Studio_Windows_64-8.6.8\configuration\resources\lib\commons-collections4-4.1.jar;C:\Users\roshnig\.katalon\packages\Katalon_Studio_Windows_64-8.6.8\Katalon_Studio_Windows_64-8.6.8\configuration\resources\lib\commons-validator-1.6.jar;C:\Users\roshnig\.katalon\packages\Katalon_Studio_Windows_64-8.6.8\Katalon_Studio_Windows_64-8.6.8\configuration\resources\lib\curvesapi-1.04.jar;C:\Users\roshnig\.katalon\packages\Katalon_Studio_Windo
Launcher Type: SUN_STANDARD

Environment Variables:
PATH=C:/Users/roshnig/.katalon/packages/Katalon_Studio_Windows_64-8.6.8/Katalon_Studio_Windows_64-8.6.8/jre/bin/server;C:/Users/roshnig/.katalon/packages/Katalon_Studio_Windows_64-8.6.8/Katalon_Studio_Windows_64-8.6.8/jre/bin;C:/Users/roshnig/.katalon/packages/Katalon_Studio_Windows_64-8.6.8/Katalon_Studio_Windows_64-8.6.8/jre/lib/amd64;C:\Program Files (x86)\Common Files\Oracle\Java\javapath;C:\WINDOWS\system32;C:\WINDOWS;C:\WINDOWS\System32\Wbem;C:\WINDOWS\System32\WindowsPowerShell\v1.0\;C:\WINDOWS\System32\OpenSSH\;C:\Program Files\nodejs\;C:\Program Files\Git\cmd;C:\Program Files\Git\bin;C:\Program Files\nodejs\node_modules\npm\bin;C:\Users\roshnig\AppData\Local\Microsoft\WindowsApps;C:\Users\roshnig\AppData\Local\Programs\Microsoft VS Code\bin;C:\Users\roshnig\AppData\Local\Programs\Git\cmd;C:\Users\roshnig\AppData\Roaming\npm;C:\Users\roshnig\.katalon\packages\Katalon_Studio_Windows_64-8.6.8\Katalon_Studio_Windows_64-8.6.8;
USERNAME=roshnig
OS=Windows_NT
PROCESSOR_IDENTIFIER=Intel64 Family 6 Model 140 Stepping 1, GenuineIntel



---------------  S Y S T E M  ---------------

OS: Windows 11 , 64 bit Build 22621 (10.0.22621.3085)
HyperV virtualization detected

CPU:total 4 (initial active 4) (2 cores per cpu, 2 threads per core) family 6 model 140 stepping 1, cmov, cx8, fxsr, mmx, sse, sse2, sse3, ssse3, sse4.1, sse4.2, popcnt, avx, avx2, aes, clmul, erms, 3dnowpref, lzcnt, ht, tsc, tscinvbit, bmi1, bmi2, adx

Memory: 4k page, physical 8022688k(309696k free), swap 16239264k(3756k free)

vm_info: OpenJDK 64-Bit Server VM (25.362-b09) for windows-amd64 JRE (Zulu 8.68.0.21-CA-win64) (1.8.0_362-b09), built on Jan 19 2023 16:49:02 by "tester" with MS VC++ 15.9 (VS2017)

time: Fri Mar  1 02:07:31 2024
timezone: India Standard Time
elapsed time: 12.642361 seconds (0d 0h 0m 12s)

